[server]2024-12-16 22:17:30.510	info	/Users/huangyi/GolandProjects/stock-exchange/server/initialize/redis.go:35	redis connect ping response:	{"name": "", "pong": "PONG"}
[server]2024-12-16 22:17:30.517	info	/Users/huangyi/GolandProjects/stock-exchange/server/initialize/redis.go:35	redis connect ping response:	{"name": "cache", "pong": "PONG"}
[server]2024-12-16 22:17:30.647	info	/Users/huangyi/GolandProjects/stock-exchange/server/initialize/router.go:60	register swagger handler
[server]2024-12-16 22:17:32.369	info	/Users/huangyi/GolandProjects/stock-exchange/server/initialize/router.go:109	router register success
[server]2024-12-16 22:17:32.370	info	/Users/huangyi/GolandProjects/stock-exchange/server/core/server.go:38	server run success on 	{"address": ":8888"}
[server]2024-12-16 22:17:48.936	info	/Users/huangyi/GolandProjects/stock-exchange/server/main.go:53	Starting WebSocket initialization...
[server]2024-12-16 22:17:49.000	info	/Users/huangyi/GolandProjects/stock-exchange/server/initialize/websocket.go:94	WebSocket initialization completed
[server]2024-12-16 22:18:00.050	info	/Users/huangyi/GolandProjects/stock-exchange/server/initialize/websocket.go:157	Stock Aggregates	{"symbol": "TSLA", "close": 440.14}
[server]2024-12-16 22:18:01.769	info	/Users/huangyi/GolandProjects/stock-exchange/server/initialize/websocket.go:157	Stock Aggregates	{"symbol": "TSLA", "close": 440.13}
[server]2024-12-16 22:18:11.781	info	/Users/huangyi/GolandProjects/stock-exchange/server/initialize/websocket.go:157	Stock Aggregates	{"symbol": "TSLA", "close": 440.2}
[server]2024-12-16 22:18:12.046	info	/Users/huangyi/GolandProjects/stock-exchange/server/initialize/websocket.go:157	Stock Aggregates	{"symbol": "TSLA", "close": 440.15}
[server]2024-12-16 22:18:20.055	info	/Users/huangyi/GolandProjects/stock-exchange/server/initialize/websocket.go:157	Stock Aggregates	{"symbol": "TSLA", "close": 440.17}
[server]2024-12-16 22:18:23.066	info	/Users/huangyi/GolandProjects/stock-exchange/server/initialize/websocket.go:157	Stock Aggregates	{"symbol": "TSLA", "close": 440.08}
[server]2024-12-16 22:18:37.263	info	/Users/huangyi/GolandProjects/stock-exchange/server/initialize/redis.go:35	redis connect ping response:	{"name": "", "pong": "PONG"}
[server]2024-12-16 22:18:37.269	info	/Users/huangyi/GolandProjects/stock-exchange/server/initialize/redis.go:35	redis connect ping response:	{"name": "cache", "pong": "PONG"}
[server]2024-12-16 22:18:37.394	info	/Users/huangyi/GolandProjects/stock-exchange/server/initialize/router.go:60	register swagger handler
[server]2024-12-16 22:18:38.989	info	/Users/huangyi/GolandProjects/stock-exchange/server/initialize/router.go:109	router register success
[server]2024-12-16 22:18:38.989	info	/Users/huangyi/GolandProjects/stock-exchange/server/core/server.go:38	server run success on 	{"address": ":8888"}
[server]2024-12-16 22:18:54.716	info	/Users/huangyi/GolandProjects/stock-exchange/server/main.go:53	Starting WebSocket initialization...
[server]2024-12-16 22:18:54.777	info	/Users/huangyi/GolandProjects/stock-exchange/server/initialize/websocket.go:94	WebSocket initialization completed
[server]2024-12-16 22:18:56.055	info	/Users/huangyi/GolandProjects/stock-exchange/server/initialize/websocket.go:313	Forex Aggregates	{"pair": "EUR/USD", "close": 1.0497}
[server]2024-12-16 22:18:57.083	info	/Users/huangyi/GolandProjects/stock-exchange/server/initialize/websocket.go:313	Forex Aggregates	{"pair": "EUR/USD", "close": 1.04971}
[server]2024-12-16 22:18:58.047	info	/Users/huangyi/GolandProjects/stock-exchange/server/initialize/websocket.go:313	Forex Aggregates	{"pair": "EUR/USD", "close": 1.04973}
[server]2024-12-16 22:18:59.263	info	/Users/huangyi/GolandProjects/stock-exchange/server/initialize/websocket.go:313	Forex Aggregates	{"pair": "EUR/USD", "close": 1.04974}
[server]2024-12-16 22:19:00.050	info	/Users/huangyi/GolandProjects/stock-exchange/server/initialize/websocket.go:313	Forex Aggregates	{"pair": "EUR/USD", "close": 1.04974}
[server]2024-12-16 22:19:01.080	info	/Users/huangyi/GolandProjects/stock-exchange/server/initialize/websocket.go:313	Forex Aggregates	{"pair": "EUR/USD", "close": 1.04974}
[server]2024-12-16 22:19:02.103	info	/Users/huangyi/GolandProjects/stock-exchange/server/initialize/websocket.go:313	Forex Aggregates	{"pair": "EUR/USD", "close": 1.04965}
[server]2024-12-16 22:19:03.055	info	/Users/huangyi/GolandProjects/stock-exchange/server/initialize/websocket.go:313	Forex Aggregates	{"pair": "EUR/USD", "close": 1.04965}
[server]2024-12-16 22:19:05.053	info	/Users/huangyi/GolandProjects/stock-exchange/server/initialize/websocket.go:157	Stock Aggregates	{"symbol": "TSLA", "close": 440.14}
[server]2024-12-16 22:19:05.114	info	/Users/huangyi/GolandProjects/stock-exchange/server/initialize/websocket.go:313	Forex Aggregates	{"pair": "EUR/USD", "close": 1.04968}
[server]2024-12-16 22:19:06.095	info	/Users/huangyi/GolandProjects/stock-exchange/server/initialize/websocket.go:313	Forex Aggregates	{"pair": "EUR/USD", "close": 1.04975}
[server]2024-12-16 22:19:07.128	info	/Users/huangyi/GolandProjects/stock-exchange/server/initialize/websocket.go:313	Forex Aggregates	{"pair": "EUR/USD", "close": 1.04975}
[server]2024-12-16 22:19:08.127	info	/Users/huangyi/GolandProjects/stock-exchange/server/initialize/websocket.go:313	Forex Aggregates	{"pair": "EUR/USD", "close": 1.04975}
[server]2024-12-16 22:19:09.109	info	/Users/huangyi/GolandProjects/stock-exchange/server/initialize/websocket.go:313	Forex Aggregates	{"pair": "EUR/USD", "close": 1.04969}
[server]2024-12-16 22:19:10.054	info	/Users/huangyi/GolandProjects/stock-exchange/server/initialize/websocket.go:313	Forex Aggregates	{"pair": "EUR/USD", "close": 1.04976}
[server]2024-12-16 22:19:11.127	info	/Users/huangyi/GolandProjects/stock-exchange/server/initialize/websocket.go:313	Forex Aggregates	{"pair": "EUR/USD", "close": 1.04975}
[server]2024-12-16 22:19:12.077	info	/Users/huangyi/GolandProjects/stock-exchange/server/initialize/websocket.go:157	Stock Aggregates	{"symbol": "TSLA", "close": 440.2}
[server]2024-12-16 22:19:12.082	info	/Users/huangyi/GolandProjects/stock-exchange/server/initialize/websocket.go:313	Forex Aggregates	{"pair": "EUR/USD", "close": 1.0497}
[server]2024-12-16 22:19:13.059	info	/Users/huangyi/GolandProjects/stock-exchange/server/initialize/websocket.go:313	Forex Aggregates	{"pair": "EUR/USD", "close": 1.04973}
[server]2024-12-16 22:19:14.089	info	/Users/huangyi/GolandProjects/stock-exchange/server/initialize/websocket.go:313	Forex Aggregates	{"pair": "EUR/USD", "close": 1.04973}
[server]2024-12-16 22:19:15.131	info	/Users/huangyi/GolandProjects/stock-exchange/server/initialize/websocket.go:313	Forex Aggregates	{"pair": "EUR/USD", "close": 1.04974}
[server]2024-12-16 22:19:16.069	info	/Users/huangyi/GolandProjects/stock-exchange/server/initialize/websocket.go:313	Forex Aggregates	{"pair": "EUR/USD", "close": 1.04969}
[server]2024-12-16 22:19:17.056	info	/Users/huangyi/GolandProjects/stock-exchange/server/initialize/websocket.go:313	Forex Aggregates	{"pair": "EUR/USD", "close": 1.04971}
[server]2024-12-16 22:19:18.145	info	/Users/huangyi/GolandProjects/stock-exchange/server/initialize/websocket.go:313	Forex Aggregates	{"pair": "EUR/USD", "close": 1.04967}
[server]2024-12-16 22:19:20.084	info	/Users/huangyi/GolandProjects/stock-exchange/server/initialize/websocket.go:313	Forex Aggregates	{"pair": "EUR/USD", "close": 1.04972}
[server]2024-12-16 22:19:21.091	info	/Users/huangyi/GolandProjects/stock-exchange/server/initialize/websocket.go:313	Forex Aggregates	{"pair": "EUR/USD", "close": 1.04971}
[server]2024-12-16 22:19:22.057	info	/Users/huangyi/GolandProjects/stock-exchange/server/initialize/websocket.go:157	Stock Aggregates	{"symbol": "AAPL", "close": 248.1712}
[server]2024-12-16 22:19:22.062	info	/Users/huangyi/GolandProjects/stock-exchange/server/initialize/websocket.go:157	Stock Aggregates	{"symbol": "TSLA", "close": 440.15}
[server]2024-12-16 22:19:22.068	info	/Users/huangyi/GolandProjects/stock-exchange/server/initialize/websocket.go:313	Forex Aggregates	{"pair": "EUR/USD", "close": 1.0497}
[server]2024-12-16 22:19:23.133	info	/Users/huangyi/GolandProjects/stock-exchange/server/initialize/websocket.go:313	Forex Aggregates	{"pair": "EUR/USD", "close": 1.04968}
[server]2024-12-16 22:19:24.125	info	/Users/huangyi/GolandProjects/stock-exchange/server/initialize/websocket.go:313	Forex Aggregates	{"pair": "EUR/USD", "close": 1.04972}
[server]2024-12-16 22:19:25.092	info	/Users/huangyi/GolandProjects/stock-exchange/server/initialize/websocket.go:313	Forex Aggregates	{"pair": "EUR/USD", "close": 1.04973}
[server]2024-12-16 22:19:26.119	info	/Users/huangyi/GolandProjects/stock-exchange/server/initialize/websocket.go:313	Forex Aggregates	{"pair": "EUR/USD", "close": 1.04971}
[server]2024-12-16 22:19:27.057	info	/Users/huangyi/GolandProjects/stock-exchange/server/initialize/websocket.go:157	Stock Aggregates	{"symbol": "AAPL", "close": 248.34}
[server]2024-12-16 22:19:28.125	info	/Users/huangyi/GolandProjects/stock-exchange/server/initialize/websocket.go:313	Forex Aggregates	{"pair": "EUR/USD", "close": 1.04974}
[server]2024-12-16 22:19:30.049	info	/Users/huangyi/GolandProjects/stock-exchange/server/initialize/websocket.go:313	Forex Aggregates	{"pair": "EUR/USD", "close": 1.04965}
[server]2024-12-16 22:19:30.084	info	/Users/huangyi/GolandProjects/stock-exchange/server/initialize/websocket.go:313	Forex Aggregates	{"pair": "EUR/CNY", "close": 7.64400543743538}
[server]2024-12-16 22:19:31.070	info	/Users/huangyi/GolandProjects/stock-exchange/server/initialize/websocket.go:313	Forex Aggregates	{"pair": "EUR/USD", "close": 1.04969}
[server]2024-12-16 22:19:32.099	info	/Users/huangyi/GolandProjects/stock-exchange/server/initialize/websocket.go:313	Forex Aggregates	{"pair": "EUR/USD", "close": 1.04971}
[server]2024-12-16 22:19:33.099	info	/Users/huangyi/GolandProjects/stock-exchange/server/initialize/websocket.go:313	Forex Aggregates	{"pair": "EUR/USD", "close": 1.04969}
[server]2024-12-16 22:19:34.061	info	/Users/huangyi/GolandProjects/stock-exchange/server/initialize/websocket.go:157	Stock Aggregates	{"symbol": "TSLA", "close": 440.14}
[server]2024-12-16 22:19:34.067	info	/Users/huangyi/GolandProjects/stock-exchange/server/initialize/websocket.go:313	Forex Aggregates	{"pair": "EUR/USD", "close": 1.04971}
[server]2024-12-16 22:19:34.940	info	/Users/huangyi/GolandProjects/stock-exchange/server/initialize/websocket.go:157	Stock Aggregates	{"symbol": "AAPL", "close": 248.34}
[server]2024-12-16 22:19:35.099	info	/Users/huangyi/GolandProjects/stock-exchange/server/initialize/websocket.go:313	Forex Aggregates	{"pair": "EUR/USD", "close": 1.04973}
[server]2024-12-16 22:19:36.126	info	/Users/huangyi/GolandProjects/stock-exchange/server/initialize/websocket.go:313	Forex Aggregates	{"pair": "EUR/USD", "close": 1.04975}
[server]2024-12-16 22:19:37.109	info	/Users/huangyi/GolandProjects/stock-exchange/server/initialize/websocket.go:313	Forex Aggregates	{"pair": "EUR/USD", "close": 1.0497}
[server]2024-12-16 22:19:50.049	info	/Users/huangyi/GolandProjects/stock-exchange/server/initialize/redis.go:35	redis connect ping response:	{"name": "", "pong": "PONG"}
[server]2024-12-16 22:19:50.059	info	/Users/huangyi/GolandProjects/stock-exchange/server/initialize/redis.go:35	redis connect ping response:	{"name": "cache", "pong": "PONG"}
[server]2024-12-16 22:19:50.194	info	/Users/huangyi/GolandProjects/stock-exchange/server/initialize/router.go:60	register swagger handler
[server]2024-12-16 22:19:51.890	info	/Users/huangyi/GolandProjects/stock-exchange/server/initialize/router.go:109	router register success
[server]2024-12-16 22:19:51.890	info	/Users/huangyi/GolandProjects/stock-exchange/server/core/server.go:38	server run success on 	{"address": ":8888"}
[server]2024-12-16 22:20:07.482	info	/Users/huangyi/GolandProjects/stock-exchange/server/main.go:53	Starting WebSocket initialization...
[server]2024-12-16 22:20:07.548	info	/Users/huangyi/GolandProjects/stock-exchange/server/initialize/websocket.go:94	WebSocket initialization completed
[server]2024-12-16 22:20:09.095	info	/Users/huangyi/GolandProjects/stock-exchange/server/initialize/websocket.go:234	Crypto Aggregates	{"pair": "ETH/USD", "close": 3906.48}
[server]2024-12-16 22:20:09.115	info	/Users/huangyi/GolandProjects/stock-exchange/server/initialize/websocket.go:234	Crypto Aggregates	{"pair": "BTC/USD", "close": 104176.9}
[server]2024-12-16 22:20:10.039	info	/Users/huangyi/GolandProjects/stock-exchange/server/initialize/websocket.go:157	Stock Aggregates	{"symbol": "TSLA", "close": 440.1}
[server]2024-12-16 22:20:10.076	info	/Users/huangyi/GolandProjects/stock-exchange/server/initialize/websocket.go:313	Forex Aggregates	{"pair": "EUR/USD", "close": 1.04948}
[server]2024-12-16 22:20:10.094	info	/Users/huangyi/GolandProjects/stock-exchange/server/initialize/websocket.go:234	Crypto Aggregates	{"pair": "ETH/USD", "close": 3906.03}
[server]2024-12-16 22:20:10.103	info	/Users/huangyi/GolandProjects/stock-exchange/server/initialize/websocket.go:234	Crypto Aggregates	{"pair": "BTC/USD", "close": 104170.75}
[server]2024-12-16 22:20:11.036	info	/Users/huangyi/GolandProjects/stock-exchange/server/initialize/websocket.go:313	Forex Aggregates	{"pair": "EUR/USD", "close": 1.04956}
[server]2024-12-16 22:20:11.121	info	/Users/huangyi/GolandProjects/stock-exchange/server/initialize/websocket.go:234	Crypto Aggregates	{"pair": "BTC/USD", "close": 104170.67}
[server]2024-12-16 22:20:12.041	info	/Users/huangyi/GolandProjects/stock-exchange/server/initialize/websocket.go:234	Crypto Aggregates	{"pair": "BTC/USD", "close": 104183.26}
[server]2024-12-16 22:20:12.060	info	/Users/huangyi/GolandProjects/stock-exchange/server/initialize/websocket.go:234	Crypto Aggregates	{"pair": "LINK/USD", "close": 29.383}
[server]2024-12-16 22:20:12.069	info	/Users/huangyi/GolandProjects/stock-exchange/server/initialize/websocket.go:234	Crypto Aggregates	{"pair": "ETH/USD", "close": 3906.69}
[server]2024-12-16 22:20:13.017	info	/Users/huangyi/GolandProjects/stock-exchange/server/initialize/websocket.go:234	Crypto Aggregates	{"pair": "ETH/USD", "close": 3907.08}
[server]2024-12-16 22:20:13.081	info	/Users/huangyi/GolandProjects/stock-exchange/server/initialize/websocket.go:234	Crypto Aggregates	{"pair": "BTC/USD", "close": 104183.26}
[server]2024-12-16 22:20:14.070	info	/Users/huangyi/GolandProjects/stock-exchange/server/initialize/websocket.go:313	Forex Aggregates	{"pair": "EUR/USD", "close": 1.04958}
[server]2024-12-16 22:20:14.082	info	/Users/huangyi/GolandProjects/stock-exchange/server/initialize/websocket.go:234	Crypto Aggregates	{"pair": "LINK/USD", "close": 29.378}
[server]2024-12-16 22:20:14.086	info	/Users/huangyi/GolandProjects/stock-exchange/server/initialize/websocket.go:234	Crypto Aggregates	{"pair": "ETH/USD", "close": 3906.52}
[server]2024-12-16 22:20:14.104	info	/Users/huangyi/GolandProjects/stock-exchange/server/initialize/websocket.go:234	Crypto Aggregates	{"pair": "BTC/USD", "close": 104172.49}
[server]2024-12-16 22:20:15.033	info	/Users/huangyi/GolandProjects/stock-exchange/server/initialize/websocket.go:313	Forex Aggregates	{"pair": "EUR/USD", "close": 1.04956}
[server]2024-12-16 22:20:16.083	info	/Users/huangyi/GolandProjects/stock-exchange/server/initialize/websocket.go:234	Crypto Aggregates	{"pair": "ETH/USD", "close": 3906.11}
[server]2024-12-16 22:20:16.089	info	/Users/huangyi/GolandProjects/stock-exchange/server/initialize/websocket.go:313	Forex Aggregates	{"pair": "EUR/USD", "close": 1.04955}
[server]2024-12-16 22:20:16.097	info	/Users/huangyi/GolandProjects/stock-exchange/server/initialize/websocket.go:234	Crypto Aggregates	{"pair": "BTC/USD", "close": 104170.73}
[server]2024-12-16 22:20:17.076	info	/Users/huangyi/GolandProjects/stock-exchange/server/initialize/websocket.go:313	Forex Aggregates	{"pair": "EUR/USD", "close": 1.04956}
[server]2024-12-16 22:20:18.014	info	/Users/huangyi/GolandProjects/stock-exchange/server/initialize/websocket.go:313	Forex Aggregates	{"pair": "EUR/USD", "close": 1.04952}
[server]2024-12-16 22:20:18.027	info	/Users/huangyi/GolandProjects/stock-exchange/server/initialize/websocket.go:234	Crypto Aggregates	{"pair": "BTC/USD", "close": 104160.95}
[server]2024-12-16 22:20:19.019	info	/Users/huangyi/GolandProjects/stock-exchange/server/initialize/websocket.go:234	Crypto Aggregates	{"pair": "ETH/USD", "close": 3905.64}
[server]2024-12-16 22:20:19.099	info	/Users/huangyi/GolandProjects/stock-exchange/server/initialize/websocket.go:234	Crypto Aggregates	{"pair": "BTC/USD", "close": 104162.37}
[server]2024-12-16 22:20:19.102	info	/Users/huangyi/GolandProjects/stock-exchange/server/initialize/websocket.go:313	Forex Aggregates	{"pair": "EUR/USD", "close": 1.04953}
[server]2024-12-16 22:20:21.039	info	/Users/huangyi/GolandProjects/stock-exchange/server/initialize/websocket.go:234	Crypto Aggregates	{"pair": "BTC/USD", "close": 104162.38}
[server]2024-12-16 22:20:21.045	info	/Users/huangyi/GolandProjects/stock-exchange/server/initialize/websocket.go:313	Forex Aggregates	{"pair": "EUR/USD", "close": 1.04951}
[server]2024-12-16 22:20:21.062	info	/Users/huangyi/GolandProjects/stock-exchange/server/initialize/websocket.go:234	Crypto Aggregates	{"pair": "LINK/USD", "close": 29.375}
[server]2024-12-16 22:20:21.064	info	/Users/huangyi/GolandProjects/stock-exchange/server/initialize/websocket.go:234	Crypto Aggregates	{"pair": "ETH/USD", "close": 3905.65}
[server]2024-12-16 22:20:22.020	info	/Users/huangyi/GolandProjects/stock-exchange/server/initialize/websocket.go:157	Stock Aggregates	{"symbol": "TSLA", "close": 440.12}
[server]2024-12-16 22:20:23.078	info	/Users/huangyi/GolandProjects/stock-exchange/server/initialize/websocket.go:234	Crypto Aggregates	{"pair": "BTC/USD", "close": 104162.84}
[server]2024-12-16 22:20:23.081	info	/Users/huangyi/GolandProjects/stock-exchange/server/initialize/websocket.go:313	Forex Aggregates	{"pair": "EUR/USD", "close": 1.04952}
[server]2024-12-16 22:20:23.097	info	/Users/huangyi/GolandProjects/stock-exchange/server/initialize/websocket.go:234	Crypto Aggregates	{"pair": "ETH/USD", "close": 3906}
[server]2024-12-16 22:20:24.015	info	/Users/huangyi/GolandProjects/stock-exchange/server/initialize/websocket.go:313	Forex Aggregates	{"pair": "EUR/USD", "close": 1.04948}
[server]2024-12-16 22:20:24.027	info	/Users/huangyi/GolandProjects/stock-exchange/server/initialize/websocket.go:157	Stock Aggregates	{"symbol": "TSLA", "close": 440.2}
[server]2024-12-16 22:20:24.034	info	/Users/huangyi/GolandProjects/stock-exchange/server/initialize/websocket.go:234	Crypto Aggregates	{"pair": "ETH/USD", "close": 3906.76}
[server]2024-12-16 22:20:24.119	info	/Users/huangyi/GolandProjects/stock-exchange/server/initialize/websocket.go:234	Crypto Aggregates	{"pair": "BTC/USD", "close": 104162.84}
[server]2024-12-16 22:20:25.021	info	/Users/huangyi/GolandProjects/stock-exchange/server/initialize/websocket.go:157	Stock Aggregates	{"symbol": "TSLA", "close": 440.05}
[server]2024-12-16 22:20:26.042	info	/Users/huangyi/GolandProjects/stock-exchange/server/initialize/websocket.go:313	Forex Aggregates	{"pair": "EUR/USD", "close": 1.0493}
[server]2024-12-16 22:20:26.047	info	/Users/huangyi/GolandProjects/stock-exchange/server/initialize/websocket.go:234	Crypto Aggregates	{"pair": "BTC/USD", "close": 104163.67}
[server]2024-12-16 22:20:26.050	info	/Users/huangyi/GolandProjects/stock-exchange/server/initialize/websocket.go:313	Forex Aggregates	{"pair": "EUR/CNY", "close": 7.64312291068627}
[server]2024-12-16 22:20:27.100	info	/Users/huangyi/GolandProjects/stock-exchange/server/initialize/websocket.go:313	Forex Aggregates	{"pair": "EUR/USD", "close": 1.04955}
[server]2024-12-16 22:20:28.040	info	/Users/huangyi/GolandProjects/stock-exchange/server/initialize/websocket.go:234	Crypto Aggregates	{"pair": "BTC/USD", "close": 104163.66}
[server]2024-12-16 22:20:28.085	info	/Users/huangyi/GolandProjects/stock-exchange/server/initialize/websocket.go:313	Forex Aggregates	{"pair": "EUR/USD", "close": 1.04953}
[server]2024-12-16 22:20:28.099	info	/Users/huangyi/GolandProjects/stock-exchange/server/initialize/websocket.go:234	Crypto Aggregates	{"pair": "ETH/USD", "close": 3907.26}
[server]2024-12-16 22:20:29.065	info	/Users/huangyi/GolandProjects/stock-exchange/server/initialize/websocket.go:313	Forex Aggregates	{"pair": "EUR/USD", "close": 1.04953}
[server]2024-12-16 22:20:29.079	info	/Users/huangyi/GolandProjects/stock-exchange/server/initialize/websocket.go:234	Crypto Aggregates	{"pair": "ETH/USD", "close": 3906.89}
[server]2024-12-16 22:20:29.106	info	/Users/huangyi/GolandProjects/stock-exchange/server/initialize/websocket.go:234	Crypto Aggregates	{"pair": "BTC/USD", "close": 104163.66}
[server]2024-12-16 22:20:30.103	info	/Users/huangyi/GolandProjects/stock-exchange/server/initialize/websocket.go:234	Crypto Aggregates	{"pair": "BTC/USD", "close": 104175}
[server]2024-12-16 22:20:31.033	info	/Users/huangyi/GolandProjects/stock-exchange/server/initialize/websocket.go:234	Crypto Aggregates	{"pair": "BTC/USD", "close": 104163.65}
[server]2024-12-16 22:20:31.087	info	/Users/huangyi/GolandProjects/stock-exchange/server/initialize/websocket.go:313	Forex Aggregates	{"pair": "EUR/USD", "close": 1.0496}
[server]2024-12-16 22:20:31.100	info	/Users/huangyi/GolandProjects/stock-exchange/server/initialize/websocket.go:234	Crypto Aggregates	{"pair": "LINK/USD", "close": 29.375}
[server]2024-12-16 22:20:31.103	info	/Users/huangyi/GolandProjects/stock-exchange/server/initialize/websocket.go:234	Crypto Aggregates	{"pair": "ETH/USD", "close": 3906.86}
[server]2024-12-16 22:20:32.089	info	/Users/huangyi/GolandProjects/stock-exchange/server/initialize/websocket.go:313	Forex Aggregates	{"pair": "EUR/USD", "close": 1.04954}
[server]2024-12-16 22:20:33.079	info	/Users/huangyi/GolandProjects/stock-exchange/server/initialize/websocket.go:234	Crypto Aggregates	{"pair": "BTC/USD", "close": 104154.4}
[server]2024-12-16 22:20:33.086	info	/Users/huangyi/GolandProjects/stock-exchange/server/initialize/websocket.go:313	Forex Aggregates	{"pair": "EUR/USD", "close": 1.04953}
[server]2024-12-16 22:20:33.100	info	/Users/huangyi/GolandProjects/stock-exchange/server/initialize/websocket.go:234	Crypto Aggregates	{"pair": "ETH/USD", "close": 3906.86}
[server]2024-12-16 22:20:34.047	info	/Users/huangyi/GolandProjects/stock-exchange/server/initialize/websocket.go:313	Forex Aggregates	{"pair": "EUR/USD", "close": 1.04954}
[server]2024-12-16 22:20:34.065	info	/Users/huangyi/GolandProjects/stock-exchange/server/initialize/websocket.go:234	Crypto Aggregates	{"pair": "ETH/USD", "close": 3906.86}
[server]2024-12-16 22:20:34.100	info	/Users/huangyi/GolandProjects/stock-exchange/server/initialize/websocket.go:234	Crypto Aggregates	{"pair": "BTC/USD", "close": 104161.31}
[server]2024-12-16 22:20:35.024	info	/Users/huangyi/GolandProjects/stock-exchange/server/initialize/websocket.go:234	Crypto Aggregates	{"pair": "ETH/USD", "close": 3906.86}
[server]2024-12-16 22:20:35.084	info	/Users/huangyi/GolandProjects/stock-exchange/server/initialize/websocket.go:234	Crypto Aggregates	{"pair": "BTC/USD", "close": 104161.31}
[server]2024-12-16 22:20:36.026	info	/Users/huangyi/GolandProjects/stock-exchange/server/initialize/websocket.go:157	Stock Aggregates	{"symbol": "TSLA", "close": 440.15}
[server]2024-12-16 22:20:36.061	info	/Users/huangyi/GolandProjects/stock-exchange/server/initialize/websocket.go:313	Forex Aggregates	{"pair": "EUR/USD", "close": 1.0494}
[server]2024-12-16 22:20:36.079	info	/Users/huangyi/GolandProjects/stock-exchange/server/initialize/websocket.go:234	Crypto Aggregates	{"pair": "ETH/USD", "close": 3906.98}
[server]2024-12-16 22:20:36.112	info	/Users/huangyi/GolandProjects/stock-exchange/server/initialize/websocket.go:234	Crypto Aggregates	{"pair": "BTC/USD", "close": 104161.31}
[server]2024-12-16 22:20:38.059	info	/Users/huangyi/GolandProjects/stock-exchange/server/initialize/websocket.go:313	Forex Aggregates	{"pair": "EUR/USD", "close": 1.04954}
[server]2024-12-16 22:20:38.069	info	/Users/huangyi/GolandProjects/stock-exchange/server/initialize/websocket.go:234	Crypto Aggregates	{"pair": "LINK/USD", "close": 29.357}
[server]2024-12-16 22:20:38.073	info	/Users/huangyi/GolandProjects/stock-exchange/server/initialize/websocket.go:234	Crypto Aggregates	{"pair": "ETH/USD", "close": 3906.98}
[server]2024-12-16 22:20:38.104	info	/Users/huangyi/GolandProjects/stock-exchange/server/initialize/websocket.go:234	Crypto Aggregates	{"pair": "BTC/USD", "close": 104161.31}
[server]2024-12-16 22:20:39.025	info	/Users/huangyi/GolandProjects/stock-exchange/server/initialize/websocket.go:234	Crypto Aggregates	{"pair": "LINK/USD", "close": 29.352}
[server]2024-12-16 22:20:39.028	info	/Users/huangyi/GolandProjects/stock-exchange/server/initialize/websocket.go:234	Crypto Aggregates	{"pair": "ETH/USD", "close": 3906.98}
[server]2024-12-16 22:20:39.054	info	/Users/huangyi/GolandProjects/stock-exchange/server/initialize/websocket.go:234	Crypto Aggregates	{"pair": "BTC/USD", "close": 104090}
[server]2024-12-16 22:20:39.110	info	/Users/huangyi/GolandProjects/stock-exchange/server/initialize/websocket.go:313	Forex Aggregates	{"pair": "EUR/USD", "close": 1.04953}
[server]2024-12-16 22:20:40.034	info	/Users/huangyi/GolandProjects/stock-exchange/server/initialize/websocket.go:234	Crypto Aggregates	{"pair": "BTC/USD", "close": 104161.3}
[server]2024-12-16 22:20:40.066	info	/Users/huangyi/GolandProjects/stock-exchange/server/initialize/websocket.go:234	Crypto Aggregates	{"pair": "LINK/USD", "close": 29.348}
[server]2024-12-16 22:20:41.063	info	/Users/huangyi/GolandProjects/stock-exchange/server/initialize/websocket.go:313	Forex Aggregates	{"pair": "EUR/USD", "close": 1.0496}
[server]2024-12-16 22:20:42.020	info	/Users/huangyi/GolandProjects/stock-exchange/server/initialize/websocket.go:234	Crypto Aggregates	{"pair": "LINK/USD", "close": 29.345}
[server]2024-12-16 22:20:42.026	info	/Users/huangyi/GolandProjects/stock-exchange/server/initialize/websocket.go:234	Crypto Aggregates	{"pair": "ETH/USD", "close": 3906.61}
[server]2024-12-16 22:20:42.060	info	/Users/huangyi/GolandProjects/stock-exchange/server/initialize/websocket.go:234	Crypto Aggregates	{"pair": "BTC/USD", "close": 104150.34}
[server]2024-12-16 22:20:42.106	info	/Users/huangyi/GolandProjects/stock-exchange/server/initialize/websocket.go:313	Forex Aggregates	{"pair": "EUR/USD", "close": 1.0495}
[server]2024-12-16 22:20:43.027	info	/Users/huangyi/GolandProjects/stock-exchange/server/initialize/websocket.go:313	Forex Aggregates	{"pair": "EUR/USD", "close": 1.0495}
[server]2024-12-16 22:20:43.038	info	/Users/huangyi/GolandProjects/stock-exchange/server/initialize/websocket.go:234	Crypto Aggregates	{"pair": "LINK/USD", "close": 29.332}
[server]2024-12-16 22:20:43.040	info	/Users/huangyi/GolandProjects/stock-exchange/server/initialize/websocket.go:234	Crypto Aggregates	{"pair": "ETH/USD", "close": 3906.34}
[server]2024-12-16 22:20:43.123	info	/Users/huangyi/GolandProjects/stock-exchange/server/initialize/websocket.go:234	Crypto Aggregates	{"pair": "BTC/USD", "close": 104148.4}
[server]2024-12-16 22:20:44.012	info	/Users/huangyi/GolandProjects/stock-exchange/server/initialize/websocket.go:234	Crypto Aggregates	{"pair": "ETH/USD", "close": 3906.24}
[server]2024-12-16 22:20:44.088	info	/Users/huangyi/GolandProjects/stock-exchange/server/initialize/websocket.go:313	Forex Aggregates	{"pair": "EUR/USD", "close": 1.04951}
[server]2024-12-16 22:20:44.093	info	/Users/huangyi/GolandProjects/stock-exchange/server/initialize/websocket.go:234	Crypto Aggregates	{"pair": "BTC/USD", "close": 104148.4}
[server]2024-12-16 22:20:44.106	info	/Users/huangyi/GolandProjects/stock-exchange/server/initialize/websocket.go:234	Crypto Aggregates	{"pair": "LINK/USD", "close": 29.35}
[server]2024-12-16 22:20:45.018	info	/Users/huangyi/GolandProjects/stock-exchange/server/initialize/websocket.go:234	Crypto Aggregates	{"pair": "BTC/USD", "close": 104148.4}
[server]2024-12-16 22:20:45.099	info	/Users/huangyi/GolandProjects/stock-exchange/server/initialize/websocket.go:234	Crypto Aggregates	{"pair": "ETH/USD", "close": 3906.24}
[server]2024-12-16 22:20:46.016	info	/Users/huangyi/GolandProjects/stock-exchange/server/initialize/websocket.go:157	Stock Aggregates	{"symbol": "TSLA", "close": 440.05}
[server]2024-12-16 22:20:46.025	info	/Users/huangyi/GolandProjects/stock-exchange/server/initialize/websocket.go:234	Crypto Aggregates	{"pair": "BTC/USD", "close": 104150}
[server]2024-12-16 22:20:46.043	info	/Users/huangyi/GolandProjects/stock-exchange/server/initialize/websocket.go:313	Forex Aggregates	{"pair": "EUR/USD", "close": 1.04947}
[server]2024-12-16 22:20:46.058	info	/Users/huangyi/GolandProjects/stock-exchange/server/initialize/websocket.go:234	Crypto Aggregates	{"pair": "ETH/USD", "close": 3906.24}
[server]2024-12-16 22:20:47.090	info	/Users/huangyi/GolandProjects/stock-exchange/server/initialize/websocket.go:313	Forex Aggregates	{"pair": "EUR/USD", "close": 1.04948}
[server]2024-12-16 22:20:48.071	info	/Users/huangyi/GolandProjects/stock-exchange/server/initialize/websocket.go:313	Forex Aggregates	{"pair": "EUR/USD", "close": 1.04935}
[server]2024-12-16 22:20:48.086	info	/Users/huangyi/GolandProjects/stock-exchange/server/initialize/websocket.go:234	Crypto Aggregates	{"pair": "ETH/USD", "close": 3906.24}
[server]2024-12-16 22:20:48.104	info	/Users/huangyi/GolandProjects/stock-exchange/server/initialize/websocket.go:234	Crypto Aggregates	{"pair": "BTC/USD", "close": 104146.79}
[server]2024-12-16 22:20:49.024	info	/Users/huangyi/GolandProjects/stock-exchange/server/initialize/websocket.go:234	Crypto Aggregates	{"pair": "LINK/USD", "close": 29.337}
[server]2024-12-16 22:20:49.108	info	/Users/huangyi/GolandProjects/stock-exchange/server/initialize/websocket.go:234	Crypto Aggregates	{"pair": "BTC/USD", "close": 104130.11}
[server]2024-12-16 22:20:50.019	info	/Users/huangyi/GolandProjects/stock-exchange/server/initialize/websocket.go:234	Crypto Aggregates	{"pair": "LINK/USD", "close": 29.315}
[server]2024-12-16 22:20:50.022	info	/Users/huangyi/GolandProjects/stock-exchange/server/initialize/websocket.go:234	Crypto Aggregates	{"pair": "ETH/USD", "close": 3906.01}
[server]2024-12-16 22:20:50.102	info	/Users/huangyi/GolandProjects/stock-exchange/server/initialize/websocket.go:313	Forex Aggregates	{"pair": "EUR/USD", "close": 1.04931}
[server]2024-12-16 22:20:51.023	info	/Users/huangyi/GolandProjects/stock-exchange/server/initialize/websocket.go:313	Forex Aggregates	{"pair": "EUR/USD", "close": 1.0493}
[server]2024-12-16 22:20:52.010	info	/Users/huangyi/GolandProjects/stock-exchange/server/initialize/websocket.go:157	Stock Aggregates	{"symbol": "TSLA", "close": 440.07}
[server]2024-12-16 22:20:52.019	info	/Users/huangyi/GolandProjects/stock-exchange/server/initialize/websocket.go:313	Forex Aggregates	{"pair": "EUR/USD", "close": 1.04929}
[server]2024-12-16 22:20:52.031	info	/Users/huangyi/GolandProjects/stock-exchange/server/initialize/websocket.go:234	Crypto Aggregates	{"pair": "LINK/USD", "close": 29.313}
[server]2024-12-16 22:20:52.032	info	/Users/huangyi/GolandProjects/stock-exchange/server/initialize/websocket.go:234	Crypto Aggregates	{"pair": "ETH/USD", "close": 3905.38}
[server]2024-12-16 22:20:52.129	info	/Users/huangyi/GolandProjects/stock-exchange/server/initialize/websocket.go:234	Crypto Aggregates	{"pair": "BTC/USD", "close": 104090}
[server]2024-12-16 22:20:53.069	info	/Users/huangyi/GolandProjects/stock-exchange/server/initialize/websocket.go:234	Crypto Aggregates	{"pair": "BTC/USD", "close": 104135.07}
[server]2024-12-16 22:20:53.086	info	/Users/huangyi/GolandProjects/stock-exchange/server/initialize/websocket.go:313	Forex Aggregates	{"pair": "EUR/USD", "close": 1.04924}
[server]2024-12-16 22:20:53.095	info	/Users/huangyi/GolandProjects/stock-exchange/server/initialize/websocket.go:234	Crypto Aggregates	{"pair": "ETH/USD", "close": 3905.38}
[server]2024-12-16 22:20:54.023	info	/Users/huangyi/GolandProjects/stock-exchange/server/initialize/websocket.go:313	Forex Aggregates	{"pair": "EUR/USD", "close": 1.04926}
[server]2024-12-16 22:20:54.032	info	/Users/huangyi/GolandProjects/stock-exchange/server/initialize/websocket.go:234	Crypto Aggregates	{"pair": "BTC/USD", "close": 104135.06}
[server]2024-12-16 22:20:54.036	info	/Users/huangyi/GolandProjects/stock-exchange/server/initialize/websocket.go:234	Crypto Aggregates	{"pair": "LINK/USD", "close": 29.33}
[server]2024-12-16 22:20:54.039	info	/Users/huangyi/GolandProjects/stock-exchange/server/initialize/websocket.go:234	Crypto Aggregates	{"pair": "ETH/USD", "close": 3905.6}
[server]2024-12-16 22:20:55.032	info	/Users/huangyi/GolandProjects/stock-exchange/server/initialize/websocket.go:157	Stock Aggregates	{"symbol": "TSLA", "close": 440.04}
[server]2024-12-16 22:20:55.067	info	/Users/huangyi/GolandProjects/stock-exchange/server/initialize/websocket.go:234	Crypto Aggregates	{"pair": "BTC/USD", "close": 104135.07}
[server]2024-12-16 22:20:55.103	info	/Users/huangyi/GolandProjects/stock-exchange/server/initialize/websocket.go:234	Crypto Aggregates	{"pair": "ETH/USD", "close": 3906.09}
[server]2024-12-16 22:20:56.010	info	/Users/huangyi/GolandProjects/stock-exchange/server/initialize/websocket.go:157	Stock Aggregates	{"symbol": "TSLA", "close": 440.04}
[server]2024-12-16 22:20:56.067	info	/Users/huangyi/GolandProjects/stock-exchange/server/initialize/websocket.go:313	Forex Aggregates	{"pair": "EUR/USD", "close": 1.04926}
[server]2024-12-16 22:20:57.047	info	/Users/huangyi/GolandProjects/stock-exchange/server/initialize/websocket.go:313	Forex Aggregates	{"pair": "EUR/USD", "close": 1.04924}
[server]2024-12-16 22:20:57.110	info	/Users/huangyi/GolandProjects/stock-exchange/server/initialize/websocket.go:234	Crypto Aggregates	{"pair": "ETH/USD", "close": 3907.94}
[server]2024-12-16 22:20:57.116	info	/Users/huangyi/GolandProjects/stock-exchange/server/initialize/websocket.go:234	Crypto Aggregates	{"pair": "BTC/USD", "close": 104135.07}
[server]2024-12-16 22:20:58.078	info	/Users/huangyi/GolandProjects/stock-exchange/server/initialize/websocket.go:313	Forex Aggregates	{"pair": "EUR/USD", "close": 1.04926}
[server]2024-12-16 22:20:59.015	info	/Users/huangyi/GolandProjects/stock-exchange/server/initialize/websocket.go:313	Forex Aggregates	{"pair": "EUR/USD", "close": 1.04926}
[server]2024-12-16 22:20:59.034	info	/Users/huangyi/GolandProjects/stock-exchange/server/initialize/websocket.go:234	Crypto Aggregates	{"pair": "ETH/USD", "close": 3906.15}
[server]2024-12-16 22:20:59.104	info	/Users/huangyi/GolandProjects/stock-exchange/server/initialize/websocket.go:234	Crypto Aggregates	{"pair": "BTC/USD", "close": 104150.1}
[server]2024-12-16 22:21:00.049	info	/Users/huangyi/GolandProjects/stock-exchange/server/initialize/websocket.go:234	Crypto Aggregates	{"pair": "BTC/USD", "close": 104137.18}
[server]2024-12-16 22:21:00.074	info	/Users/huangyi/GolandProjects/stock-exchange/server/initialize/websocket.go:313	Forex Aggregates	{"pair": "EUR/USD", "close": 1.04928}
[server]2024-12-16 22:21:00.089	info	/Users/huangyi/GolandProjects/stock-exchange/server/initialize/websocket.go:234	Crypto Aggregates	{"pair": "ETH/USD", "close": 3906.16}
[server]2024-12-16 22:21:01.094	info	/Users/huangyi/GolandProjects/stock-exchange/server/initialize/websocket.go:313	Forex Aggregates	{"pair": "EUR/USD", "close": 1.04923}
[server]2024-12-16 22:21:01.098	info	/Users/huangyi/GolandProjects/stock-exchange/server/initialize/websocket.go:234	Crypto Aggregates	{"pair": "BTC/USD", "close": 104140.26}
[server]2024-12-16 22:21:02.068	info	/Users/huangyi/GolandProjects/stock-exchange/server/initialize/websocket.go:234	Crypto Aggregates	{"pair": "BTC/USD", "close": 104146.19}
[server]2024-12-16 22:21:02.103	info	/Users/huangyi/GolandProjects/stock-exchange/server/initialize/websocket.go:313	Forex Aggregates	{"pair": "EUR/USD", "close": 1.0493}
[server]2024-12-16 22:21:02.119	info	/Users/huangyi/GolandProjects/stock-exchange/server/initialize/websocket.go:234	Crypto Aggregates	{"pair": "ETH/USD", "close": 3906.16}
[server]2024-12-16 22:21:03.081	info	/Users/huangyi/GolandProjects/stock-exchange/server/initialize/websocket.go:313	Forex Aggregates	{"pair": "EUR/USD", "close": 1.04922}
[server]2024-12-16 22:21:03.094	info	/Users/huangyi/GolandProjects/stock-exchange/server/initialize/websocket.go:234	Crypto Aggregates	{"pair": "LINK/USD", "close": 29.313}
[server]2024-12-16 22:21:03.095	info	/Users/huangyi/GolandProjects/stock-exchange/server/initialize/websocket.go:234	Crypto Aggregates	{"pair": "ETH/USD", "close": 3907.01}
[server]2024-12-16 22:21:03.100	info	/Users/huangyi/GolandProjects/stock-exchange/server/initialize/websocket.go:234	Crypto Aggregates	{"pair": "BTC/USD", "close": 104090}
[server]2024-12-16 22:21:03.991	info	/Users/huangyi/GolandProjects/stock-exchange/server/task/symbolsKline.go:213	完成K线数据更新	{"batch": 0, "start": 0, "end": 8, "total_symbols": 8}
[server]2024-12-16 22:21:04.064	info	/Users/huangyi/GolandProjects/stock-exchange/server/initialize/websocket.go:313	Forex Aggregates	{"pair": "EUR/USD", "close": 1.0493}
[server]2024-12-16 22:21:04.076	info	/Users/huangyi/GolandProjects/stock-exchange/server/initialize/websocket.go:234	Crypto Aggregates	{"pair": "LINK/USD", "close": 29.308}
[server]2024-12-16 22:21:04.081	info	/Users/huangyi/GolandProjects/stock-exchange/server/initialize/websocket.go:234	Crypto Aggregates	{"pair": "ETH/USD", "close": 3907.85}
[server]2024-12-16 22:21:04.105	info	/Users/huangyi/GolandProjects/stock-exchange/server/initialize/websocket.go:234	Crypto Aggregates	{"pair": "BTC/USD", "close": 104140.5}
[server]2024-12-16 22:21:05.035	info	/Users/huangyi/GolandProjects/stock-exchange/server/initialize/websocket.go:234	Crypto Aggregates	{"pair": "LINK/USD", "close": 29.302}
[server]2024-12-16 22:21:05.038	info	/Users/huangyi/GolandProjects/stock-exchange/server/initialize/websocket.go:234	Crypto Aggregates	{"pair": "ETH/USD", "close": 3909.73}
[server]2024-12-16 22:21:05.131	info	/Users/huangyi/GolandProjects/stock-exchange/server/initialize/websocket.go:234	Crypto Aggregates	{"pair": "BTC/USD", "close": 104131.61}
[server]2024-12-16 22:21:06.089	info	/Users/huangyi/GolandProjects/stock-exchange/server/initialize/websocket.go:313	Forex Aggregates	{"pair": "EUR/USD", "close": 1.0494}
[server]2024-12-16 22:21:07.015	info	/Users/huangyi/GolandProjects/stock-exchange/server/initialize/websocket.go:157	Stock Aggregates	{"symbol": "TSLA", "close": 440.04}
[server]2024-12-16 22:21:07.128	info	/Users/huangyi/GolandProjects/stock-exchange/server/initialize/websocket.go:234	Crypto Aggregates	{"pair": "LINK/USD", "close": 29.346}
[server]2024-12-16 22:21:07.131	info	/Users/huangyi/GolandProjects/stock-exchange/server/initialize/websocket.go:234	Crypto Aggregates	{"pair": "ETH/USD", "close": 3906.19}
[server]2024-12-16 22:21:07.134	info	/Users/huangyi/GolandProjects/stock-exchange/server/initialize/websocket.go:234	Crypto Aggregates	{"pair": "BTC/USD", "close": 104132.72}
[server]2024-12-16 22:21:08.020	info	/Users/huangyi/GolandProjects/stock-exchange/server/initialize/websocket.go:157	Stock Aggregates	{"symbol": "TSLA", "close": 440.09}
[server]2024-12-16 22:21:08.030	info	/Users/huangyi/GolandProjects/stock-exchange/server/initialize/websocket.go:313	Forex Aggregates	{"pair": "EUR/USD", "close": 1.04946}
[server]2024-12-16 22:21:08.045	info	/Users/huangyi/GolandProjects/stock-exchange/server/initialize/websocket.go:234	Crypto Aggregates	{"pair": "BTC/USD", "close": 104130.04}
[server]2024-12-16 22:21:08.052	info	/Users/huangyi/GolandProjects/stock-exchange/server/initialize/websocket.go:234	Crypto Aggregates	{"pair": "ETH/USD", "close": 3905.9}
[server]2024-12-16 22:21:09.021	info	/Users/huangyi/GolandProjects/stock-exchange/server/initialize/websocket.go:313	Forex Aggregates	{"pair": "EUR/USD", "close": 1.04947}
[server]2024-12-16 22:21:09.038	info	/Users/huangyi/GolandProjects/stock-exchange/server/initialize/websocket.go:234	Crypto Aggregates	{"pair": "ETH/USD", "close": 3905.77}
[server]2024-12-16 22:21:09.077	info	/Users/huangyi/GolandProjects/stock-exchange/server/initialize/websocket.go:234	Crypto Aggregates	{"pair": "BTC/USD", "close": 104114.14}
[server]2024-12-16 22:21:10.013	info	/Users/huangyi/GolandProjects/stock-exchange/server/initialize/websocket.go:157	Stock Aggregates	{"symbol": "TSLA", "close": 440.04}
[server]2024-12-16 22:21:10.029	info	/Users/huangyi/GolandProjects/stock-exchange/server/initialize/websocket.go:313	Forex Aggregates	{"pair": "EUR/USD", "close": 1.04942}
[server]2024-12-16 22:21:10.039	info	/Users/huangyi/GolandProjects/stock-exchange/server/initialize/websocket.go:234	Crypto Aggregates	{"pair": "LINK/USD", "close": 29.346}
[server]2024-12-16 22:21:10.041	info	/Users/huangyi/GolandProjects/stock-exchange/server/initialize/websocket.go:234	Crypto Aggregates	{"pair": "ETH/USD", "close": 3905.89}
[server]2024-12-16 22:21:10.069	info	/Users/huangyi/GolandProjects/stock-exchange/server/initialize/websocket.go:234	Crypto Aggregates	{"pair": "BTC/USD", "close": 104117.93}
[server]2024-12-16 22:21:11.014	info	/Users/huangyi/GolandProjects/stock-exchange/server/initialize/websocket.go:157	Stock Aggregates	{"symbol": "TSLA", "close": 440.04}
[server]2024-12-16 22:21:11.105	info	/Users/huangyi/GolandProjects/stock-exchange/server/initialize/websocket.go:313	Forex Aggregates	{"pair": "EUR/USD", "close": 1.04938}
[server]2024-12-16 22:21:12.023	info	/Users/huangyi/GolandProjects/stock-exchange/server/initialize/websocket.go:157	Stock Aggregates	{"symbol": "TSLA", "close": 440.04}
[server]2024-12-16 22:21:12.030	info	/Users/huangyi/GolandProjects/stock-exchange/server/initialize/websocket.go:313	Forex Aggregates	{"pair": "EUR/USD", "close": 1.0493}
[server]2024-12-16 22:21:12.056	info	/Users/huangyi/GolandProjects/stock-exchange/server/initialize/websocket.go:234	Crypto Aggregates	{"pair": "ETH/USD", "close": 3905.76}
[server]2024-12-16 22:21:12.116	info	/Users/huangyi/GolandProjects/stock-exchange/server/initialize/websocket.go:234	Crypto Aggregates	{"pair": "BTC/USD", "close": 104126.36}
[server]2024-12-16 22:21:13.021	info	/Users/huangyi/GolandProjects/stock-exchange/server/initialize/websocket.go:234	Crypto Aggregates	{"pair": "BTC/USD", "close": 104126.37}
[server]2024-12-16 22:21:13.032	info	/Users/huangyi/GolandProjects/stock-exchange/server/initialize/websocket.go:313	Forex Aggregates	{"pair": "EUR/USD", "close": 1.04937}
[server]2024-12-16 22:21:13.046	info	/Users/huangyi/GolandProjects/stock-exchange/server/initialize/websocket.go:234	Crypto Aggregates	{"pair": "LINK/USD", "close": 29.326}
[server]2024-12-16 22:21:14.009	info	/Users/huangyi/GolandProjects/stock-exchange/server/initialize/websocket.go:157	Stock Aggregates	{"symbol": "TSLA", "close": 440.05}
[server]2024-12-16 22:21:14.046	info	/Users/huangyi/GolandProjects/stock-exchange/server/initialize/websocket.go:313	Forex Aggregates	{"pair": "EUR/USD", "close": 1.04937}
[server]2024-12-16 22:21:14.064	info	/Users/huangyi/GolandProjects/stock-exchange/server/initialize/websocket.go:234	Crypto Aggregates	{"pair": "ETH/USD", "close": 3907}
[server]2024-12-16 22:21:14.100	info	/Users/huangyi/GolandProjects/stock-exchange/server/initialize/websocket.go:234	Crypto Aggregates	{"pair": "BTC/USD", "close": 104126.36}
[server]2024-12-16 22:21:15.024	info	/Users/huangyi/GolandProjects/stock-exchange/server/initialize/websocket.go:234	Crypto Aggregates	{"pair": "BTC/USD", "close": 104126.37}
[server]2024-12-16 22:21:15.051	info	/Users/huangyi/GolandProjects/stock-exchange/server/initialize/websocket.go:234	Crypto Aggregates	{"pair": "LINK/USD", "close": 29.338}
[server]2024-12-16 22:21:15.058	info	/Users/huangyi/GolandProjects/stock-exchange/server/initialize/websocket.go:234	Crypto Aggregates	{"pair": "ETH/USD", "close": 3905.89}
[server]2024-12-16 22:21:16.003	info	/Users/huangyi/GolandProjects/stock-exchange/server/initialize/websocket.go:313	Forex Aggregates	{"pair": "EUR/USD", "close": 1.04931}
[server]2024-12-16 22:21:16.045	info	/Users/huangyi/GolandProjects/stock-exchange/server/initialize/websocket.go:234	Crypto Aggregates	{"pair": "BTC/USD", "close": 104120.1}
[server]2024-12-16 22:21:16.508	info	/Users/huangyi/GolandProjects/stock-exchange/server/initialize/websocket.go:157	Stock Aggregates	{"symbol": "TSLA", "close": 440.0402}
[server]2024-12-16 22:21:17.022	info	/Users/huangyi/GolandProjects/stock-exchange/server/initialize/websocket.go:157	Stock Aggregates	{"symbol": "TSLA", "close": 440.04}
[server]2024-12-16 22:21:17.066	info	/Users/huangyi/GolandProjects/stock-exchange/server/initialize/websocket.go:313	Forex Aggregates	{"pair": "EUR/USD", "close": 1.04921}
[server]2024-12-16 22:21:17.080	info	/Users/huangyi/GolandProjects/stock-exchange/server/initialize/websocket.go:234	Crypto Aggregates	{"pair": "ETH/USD", "close": 3906.24}
[server]2024-12-16 22:21:17.085	info	/Users/huangyi/GolandProjects/stock-exchange/server/initialize/websocket.go:234	Crypto Aggregates	{"pair": "BTC/USD", "close": 104127.99}
[server]2024-12-16 22:21:18.042	info	/Users/huangyi/GolandProjects/stock-exchange/server/initialize/websocket.go:313	Forex Aggregates	{"pair": "EUR/USD", "close": 1.04927}
[server]2024-12-16 22:21:19.057	info	/Users/huangyi/GolandProjects/stock-exchange/server/initialize/websocket.go:313	Forex Aggregates	{"pair": "EUR/USD", "close": 1.04935}
[server]2024-12-16 22:21:19.077	info	/Users/huangyi/GolandProjects/stock-exchange/server/initialize/websocket.go:234	Crypto Aggregates	{"pair": "ETH/USD", "close": 3906.49}
[server]2024-12-16 22:21:19.101	info	/Users/huangyi/GolandProjects/stock-exchange/server/initialize/websocket.go:234	Crypto Aggregates	{"pair": "BTC/USD", "close": 104132.18}
[server]2024-12-16 22:21:20.110	info	/Users/huangyi/GolandProjects/stock-exchange/server/initialize/websocket.go:234	Crypto Aggregates	{"pair": "BTC/USD", "close": 104135.57}
[server]2024-12-16 22:21:20.114	info	/Users/huangyi/GolandProjects/stock-exchange/server/initialize/websocket.go:234	Crypto Aggregates	{"pair": "ETH/USD", "close": 3910.27}
[server]2024-12-16 22:21:20.118	info	/Users/huangyi/GolandProjects/stock-exchange/server/initialize/websocket.go:234	Crypto Aggregates	{"pair": "LINK/USD", "close": 29.365}
[server]2024-12-16 22:21:21.092	info	/Users/huangyi/GolandProjects/stock-exchange/server/initialize/websocket.go:313	Forex Aggregates	{"pair": "EUR/USD", "close": 1.04935}
[server]2024-12-16 22:21:21.095	info	/Users/huangyi/GolandProjects/stock-exchange/server/initialize/websocket.go:234	Crypto Aggregates	{"pair": "BTC/USD", "close": 104140.65}
[server]2024-12-16 22:21:21.104	info	/Users/huangyi/GolandProjects/stock-exchange/server/initialize/websocket.go:234	Crypto Aggregates	{"pair": "ETH/USD", "close": 3906.43}
[server]2024-12-16 22:21:22.108	info	/Users/huangyi/GolandProjects/stock-exchange/server/initialize/websocket.go:313	Forex Aggregates	{"pair": "EUR/CNY", "close": 7.64119810494174}
[server]2024-12-16 22:21:22.111	info	/Users/huangyi/GolandProjects/stock-exchange/server/initialize/websocket.go:234	Crypto Aggregates	{"pair": "ETH/USD", "close": 3906.26}
[server]2024-12-16 22:21:22.114	info	/Users/huangyi/GolandProjects/stock-exchange/server/initialize/websocket.go:313	Forex Aggregates	{"pair": "EUR/USD", "close": 1.04934}
[server]2024-12-16 22:21:22.206	info	/Users/huangyi/GolandProjects/stock-exchange/server/initialize/websocket.go:234	Crypto Aggregates	{"pair": "BTC/USD", "close": 104148.26}
[server]2024-12-16 22:21:23.065	info	/Users/huangyi/GolandProjects/stock-exchange/server/initialize/websocket.go:313	Forex Aggregates	{"pair": "EUR/USD", "close": 1.04931}
[server]2024-12-16 22:21:24.091	info	/Users/huangyi/GolandProjects/stock-exchange/server/initialize/websocket.go:313	Forex Aggregates	{"pair": "EUR/USD", "close": 1.04924}
[server]2024-12-16 22:21:24.107	info	/Users/huangyi/GolandProjects/stock-exchange/server/initialize/websocket.go:234	Crypto Aggregates	{"pair": "ETH/USD", "close": 3906.67}
[server]2024-12-16 22:21:25.039	info	/Users/huangyi/GolandProjects/stock-exchange/server/initialize/websocket.go:234	Crypto Aggregates	{"pair": "ETH/USD", "close": 3906.66}
[server]2024-12-16 22:21:25.052	info	/Users/huangyi/GolandProjects/stock-exchange/server/initialize/websocket.go:234	Crypto Aggregates	{"pair": "BTC/USD", "close": 104150.71}
[server]2024-12-16 22:21:26.040	info	/Users/huangyi/GolandProjects/stock-exchange/server/initialize/websocket.go:234	Crypto Aggregates	{"pair": "BTC/USD", "close": 104145.05}
[server]2024-12-16 22:21:26.087	info	/Users/huangyi/GolandProjects/stock-exchange/server/initialize/websocket.go:313	Forex Aggregates	{"pair": "EUR/USD", "close": 1.04932}
[server]2024-12-16 22:21:26.100	info	/Users/huangyi/GolandProjects/stock-exchange/server/initialize/websocket.go:234	Crypto Aggregates	{"pair": "LINK/USD", "close": 29.364}
[server]2024-12-16 22:21:26.104	info	/Users/huangyi/GolandProjects/stock-exchange/server/initialize/websocket.go:234	Crypto Aggregates	{"pair": "ETH/USD", "close": 3906.66}
[server]2024-12-16 22:21:27.055	info	/Users/huangyi/GolandProjects/stock-exchange/server/initialize/websocket.go:234	Crypto Aggregates	{"pair": "BTC/USD", "close": 104145.03}
[server]2024-12-16 22:21:27.068	info	/Users/huangyi/GolandProjects/stock-exchange/server/initialize/websocket.go:234	Crypto Aggregates	{"pair": "ETH/USD", "close": 3906.65}
[server]2024-12-16 22:21:28.029	info	/Users/huangyi/GolandProjects/stock-exchange/server/initialize/websocket.go:157	Stock Aggregates	{"symbol": "TSLA", "close": 440}
[server]2024-12-16 22:21:29.016	info	/Users/huangyi/GolandProjects/stock-exchange/server/initialize/websocket.go:157	Stock Aggregates	{"symbol": "TSLA", "close": 440}
[server]2024-12-16 22:21:29.041	info	/Users/huangyi/GolandProjects/stock-exchange/server/initialize/websocket.go:313	Forex Aggregates	{"pair": "EUR/USD", "close": 1.0493}
[server]2024-12-16 22:21:29.055	info	/Users/huangyi/GolandProjects/stock-exchange/server/initialize/websocket.go:234	Crypto Aggregates	{"pair": "LINK/USD", "close": 29.39}
[server]2024-12-16 22:21:29.058	info	/Users/huangyi/GolandProjects/stock-exchange/server/initialize/websocket.go:234	Crypto Aggregates	{"pair": "ETH/USD", "close": 3907.3}
[server]2024-12-16 22:21:29.079	info	/Users/huangyi/GolandProjects/stock-exchange/server/initialize/websocket.go:234	Crypto Aggregates	{"pair": "BTC/USD", "close": 104161.06}
[server]2024-12-16 22:21:30.015	info	/Users/huangyi/GolandProjects/stock-exchange/server/initialize/websocket.go:234	Crypto Aggregates	{"pair": "BTC/USD", "close": 104161.06}
[server]2024-12-16 22:21:30.027	info	/Users/huangyi/GolandProjects/stock-exchange/server/initialize/websocket.go:157	Stock Aggregates	{"symbol": "TSLA", "close": 440}
[server]2024-12-16 22:21:30.041	info	/Users/huangyi/GolandProjects/stock-exchange/server/initialize/websocket.go:313	Forex Aggregates	{"pair": "EUR/USD", "close": 1.04937}
[server]2024-12-16 22:21:31.029	info	/Users/huangyi/GolandProjects/stock-exchange/server/initialize/websocket.go:234	Crypto Aggregates	{"pair": "BTC/USD", "close": 104170}
[server]2024-12-16 22:21:31.063	info	/Users/huangyi/GolandProjects/stock-exchange/server/initialize/websocket.go:313	Forex Aggregates	{"pair": "EUR/USD", "close": 1.04937}
[server]2024-12-16 22:21:31.077	info	/Users/huangyi/GolandProjects/stock-exchange/server/initialize/websocket.go:234	Crypto Aggregates	{"pair": "ETH/USD", "close": 3907.3}
[server]2024-12-16 22:21:32.038	info	/Users/huangyi/GolandProjects/stock-exchange/server/initialize/websocket.go:234	Crypto Aggregates	{"pair": "BTC/USD", "close": 104177.33}
[server]2024-12-16 22:21:32.072	info	/Users/huangyi/GolandProjects/stock-exchange/server/initialize/websocket.go:313	Forex Aggregates	{"pair": "EUR/USD", "close": 1.0493}
[server]2024-12-16 22:21:32.082	info	/Users/huangyi/GolandProjects/stock-exchange/server/initialize/websocket.go:234	Crypto Aggregates	{"pair": "LINK/USD", "close": 29.396}
[server]2024-12-16 22:21:32.086	info	/Users/huangyi/GolandProjects/stock-exchange/server/initialize/websocket.go:234	Crypto Aggregates	{"pair": "ETH/USD", "close": 3906.8}
[server]2024-12-16 22:21:32.522	info	/Users/huangyi/GolandProjects/stock-exchange/server/initialize/websocket.go:157	Stock Aggregates	{"symbol": "TSLA", "close": 440}
[server]2024-12-16 22:21:33.038	info	/Users/huangyi/GolandProjects/stock-exchange/server/initialize/websocket.go:313	Forex Aggregates	{"pair": "EUR/USD", "close": 1.04923}
[server]2024-12-16 22:21:34.063	info	/Users/huangyi/GolandProjects/stock-exchange/server/initialize/websocket.go:234	Crypto Aggregates	{"pair": "BTC/USD", "close": 104170.8}
[server]2024-12-16 22:21:34.071	info	/Users/huangyi/GolandProjects/stock-exchange/server/initialize/websocket.go:313	Forex Aggregates	{"pair": "EUR/USD", "close": 1.04934}
[server]2024-12-16 22:21:34.122	info	/Users/huangyi/GolandProjects/stock-exchange/server/initialize/websocket.go:234	Crypto Aggregates	{"pair": "ETH/USD", "close": 3905.91}
[server]2024-12-16 22:21:35.041	info	/Users/huangyi/GolandProjects/stock-exchange/server/initialize/websocket.go:157	Stock Aggregates	{"symbol": "TSLA", "close": 440}
[server]2024-12-16 22:21:35.047	info	/Users/huangyi/GolandProjects/stock-exchange/server/initialize/websocket.go:234	Crypto Aggregates	{"pair": "BTC/USD", "close": 104170.8}
[server]2024-12-16 22:21:35.096	info	/Users/huangyi/GolandProjects/stock-exchange/server/initialize/websocket.go:234	Crypto Aggregates	{"pair": "ETH/USD", "close": 3905.91}
[server]2024-12-16 22:21:36.005	info	/Users/huangyi/GolandProjects/stock-exchange/server/initialize/websocket.go:234	Crypto Aggregates	{"pair": "LINK/USD", "close": 29.368}
[server]2024-12-16 22:21:36.009	info	/Users/huangyi/GolandProjects/stock-exchange/server/initialize/websocket.go:234	Crypto Aggregates	{"pair": "ETH/USD", "close": 3906.31}
[server]2024-12-16 22:21:36.088	info	/Users/huangyi/GolandProjects/stock-exchange/server/initialize/websocket.go:313	Forex Aggregates	{"pair": "EUR/USD", "close": 1.0493}
[server]2024-12-16 22:21:36.108	info	/Users/huangyi/GolandProjects/stock-exchange/server/initialize/websocket.go:234	Crypto Aggregates	{"pair": "BTC/USD", "close": 104178.93}
[server]2024-12-16 22:21:37.029	info	/Users/huangyi/GolandProjects/stock-exchange/server/initialize/websocket.go:313	Forex Aggregates	{"pair": "EUR/USD", "close": 1.04925}
[server]2024-12-16 22:21:37.043	info	/Users/huangyi/GolandProjects/stock-exchange/server/initialize/websocket.go:234	Crypto Aggregates	{"pair": "BTC/USD", "close": 104206.12}
[server]2024-12-16 22:21:37.050	info	/Users/huangyi/GolandProjects/stock-exchange/server/initialize/websocket.go:234	Crypto Aggregates	{"pair": "ETH/USD", "close": 3906.81}
[server]2024-12-16 22:21:38.019	info	/Users/huangyi/GolandProjects/stock-exchange/server/initialize/websocket.go:313	Forex Aggregates	{"pair": "EUR/USD", "close": 1.0493}
[server]2024-12-16 22:21:39.019	info	/Users/huangyi/GolandProjects/stock-exchange/server/initialize/websocket.go:313	Forex Aggregates	{"pair": "EUR/USD", "close": 1.04931}
[server]2024-12-16 22:21:39.100	info	/Users/huangyi/GolandProjects/stock-exchange/server/initialize/websocket.go:234	Crypto Aggregates	{"pair": "BTC/USD", "close": 104206.13}
[server]2024-12-16 22:21:40.006	info	/Users/huangyi/GolandProjects/stock-exchange/server/initialize/websocket.go:234	Crypto Aggregates	{"pair": "BTC/USD", "close": 104206.13}
[server]2024-12-16 22:21:40.042	info	/Users/huangyi/GolandProjects/stock-exchange/server/initialize/websocket.go:313	Forex Aggregates	{"pair": "EUR/USD", "close": 1.04922}
[server]2024-12-16 22:21:40.055	info	/Users/huangyi/GolandProjects/stock-exchange/server/initialize/websocket.go:234	Crypto Aggregates	{"pair": "LINK/USD", "close": 29.392}
[server]2024-12-16 22:21:40.057	info	/Users/huangyi/GolandProjects/stock-exchange/server/initialize/websocket.go:234	Crypto Aggregates	{"pair": "ETH/USD", "close": 3907.19}
[server]2024-12-16 22:21:40.531	info	/Users/huangyi/GolandProjects/stock-exchange/server/initialize/websocket.go:157	Stock Aggregates	{"symbol": "TSLA", "close": 440}
[server]2024-12-16 22:21:41.028	info	/Users/huangyi/GolandProjects/stock-exchange/server/initialize/websocket.go:234	Crypto Aggregates	{"pair": "BTC/USD", "close": 104206.12}
[server]2024-12-16 22:21:41.062	info	/Users/huangyi/GolandProjects/stock-exchange/server/initialize/websocket.go:313	Forex Aggregates	{"pair": "EUR/USD", "close": 1.0493}
[server]2024-12-16 22:21:41.096	info	/Users/huangyi/GolandProjects/stock-exchange/server/initialize/websocket.go:234	Crypto Aggregates	{"pair": "ETH/USD", "close": 3907.18}
[server]2024-12-16 22:21:42.033	info	/Users/huangyi/GolandProjects/stock-exchange/server/initialize/websocket.go:313	Forex Aggregates	{"pair": "EUR/USD", "close": 1.04924}
[server]2024-12-16 22:21:42.046	info	/Users/huangyi/GolandProjects/stock-exchange/server/initialize/websocket.go:234	Crypto Aggregates	{"pair": "LINK/USD", "close": 29.376}
[server]2024-12-16 22:21:42.048	info	/Users/huangyi/GolandProjects/stock-exchange/server/initialize/websocket.go:234	Crypto Aggregates	{"pair": "ETH/USD", "close": 3907.19}
[server]2024-12-16 22:21:42.063	info	/Users/huangyi/GolandProjects/stock-exchange/server/initialize/websocket.go:234	Crypto Aggregates	{"pair": "BTC/USD", "close": 104204.73}
[server]2024-12-16 22:21:42.533	info	/Users/huangyi/GolandProjects/stock-exchange/server/initialize/websocket.go:157	Stock Aggregates	{"symbol": "TSLA", "close": 440.0048}
[server]2024-12-16 22:21:44.090	info	/Users/huangyi/GolandProjects/stock-exchange/server/initialize/websocket.go:313	Forex Aggregates	{"pair": "EUR/USD", "close": 1.04932}
[server]2024-12-16 22:21:44.125	info	/Users/huangyi/GolandProjects/stock-exchange/server/initialize/websocket.go:234	Crypto Aggregates	{"pair": "ETH/USD", "close": 3907.19}
[server]2024-12-16 22:21:45.050	info	/Users/huangyi/GolandProjects/stock-exchange/server/initialize/websocket.go:313	Forex Aggregates	{"pair": "EUR/USD", "close": 1.04931}
[server]2024-12-16 22:21:45.063	info	/Users/huangyi/GolandProjects/stock-exchange/server/initialize/websocket.go:234	Crypto Aggregates	{"pair": "LINK/USD", "close": 29.37496}
[server]2024-12-16 22:21:45.065	info	/Users/huangyi/GolandProjects/stock-exchange/server/initialize/websocket.go:234	Crypto Aggregates	{"pair": "BTC/USD", "close": 104204.87}
[server]2024-12-16 22:21:45.067	info	/Users/huangyi/GolandProjects/stock-exchange/server/initialize/websocket.go:234	Crypto Aggregates	{"pair": "ETH/USD", "close": 3907.18}
[server]2024-12-16 22:21:46.013	info	/Users/huangyi/GolandProjects/stock-exchange/server/initialize/websocket.go:157	Stock Aggregates	{"symbol": "TSLA", "close": 440.04}
[server]2024-12-16 22:21:46.063	info	/Users/huangyi/GolandProjects/stock-exchange/server/initialize/websocket.go:234	Crypto Aggregates	{"pair": "BTC/USD", "close": 104206.13}
[server]2024-12-16 22:21:46.104	info	/Users/huangyi/GolandProjects/stock-exchange/server/initialize/websocket.go:313	Forex Aggregates	{"pair": "EUR/USD", "close": 1.04931}
[server]2024-12-16 22:21:47.022	info	/Users/huangyi/GolandProjects/stock-exchange/server/initialize/websocket.go:157	Stock Aggregates	{"symbol": "TSLA", "close": 440.02}
[server]2024-12-16 22:21:47.045	info	/Users/huangyi/GolandProjects/stock-exchange/server/initialize/websocket.go:313	Forex Aggregates	{"pair": "EUR/USD", "close": 1.04931}
[server]2024-12-16 22:21:47.050	info	/Users/huangyi/GolandProjects/stock-exchange/server/initialize/websocket.go:234	Crypto Aggregates	{"pair": "BTC/USD", "close": 104218.4}
[server]2024-12-16 22:21:47.057	info	/Users/huangyi/GolandProjects/stock-exchange/server/initialize/websocket.go:234	Crypto Aggregates	{"pair": "LINK/USD", "close": 29.371}
[server]2024-12-16 22:21:47.060	info	/Users/huangyi/GolandProjects/stock-exchange/server/initialize/websocket.go:234	Crypto Aggregates	{"pair": "ETH/USD", "close": 3906.81}
[server]2024-12-16 22:21:48.099	info	/Users/huangyi/GolandProjects/stock-exchange/server/initialize/websocket.go:313	Forex Aggregates	{"pair": "EUR/USD", "close": 1.04932}
[server]2024-12-16 22:21:49.035	info	/Users/huangyi/GolandProjects/stock-exchange/server/initialize/websocket.go:313	Forex Aggregates	{"pair": "EUR/USD", "close": 1.04932}
[server]2024-12-16 22:21:49.047	info	/Users/huangyi/GolandProjects/stock-exchange/server/initialize/websocket.go:234	Crypto Aggregates	{"pair": "LINK/USD", "close": 29.361}
[server]2024-12-16 22:21:49.049	info	/Users/huangyi/GolandProjects/stock-exchange/server/initialize/websocket.go:234	Crypto Aggregates	{"pair": "ETH/USD", "close": 3906.9}
[server]2024-12-16 22:21:49.062	info	/Users/huangyi/GolandProjects/stock-exchange/server/initialize/websocket.go:234	Crypto Aggregates	{"pair": "BTC/USD", "close": 104206.13}
[server]2024-12-16 22:21:49.666	info	/Users/huangyi/GolandProjects/stock-exchange/server/initialize/websocket.go:157	Stock Aggregates	{"symbol": "AAPL", "close": 248.2999}
[server]2024-12-16 22:21:50.067	info	/Users/huangyi/GolandProjects/stock-exchange/server/initialize/websocket.go:234	Crypto Aggregates	{"pair": "BTC/USD", "close": 104206.13}
[server]2024-12-16 22:21:50.073	info	/Users/huangyi/GolandProjects/stock-exchange/server/initialize/websocket.go:234	Crypto Aggregates	{"pair": "LINK/USD", "close": 29.349}
[server]2024-12-16 22:21:50.542	info	/Users/huangyi/GolandProjects/stock-exchange/server/initialize/websocket.go:157	Stock Aggregates	{"symbol": "TSLA", "close": 440}
[server]2024-12-16 22:21:51.012	info	/Users/huangyi/GolandProjects/stock-exchange/server/initialize/websocket.go:157	Stock Aggregates	{"symbol": "TSLA", "close": 440.02}
[server]2024-12-16 22:21:51.038	info	/Users/huangyi/GolandProjects/stock-exchange/server/initialize/websocket.go:234	Crypto Aggregates	{"pair": "BTC/USD", "close": 104199.44}
[server]2024-12-16 22:21:51.054	info	/Users/huangyi/GolandProjects/stock-exchange/server/initialize/websocket.go:313	Forex Aggregates	{"pair": "EUR/USD", "close": 1.0493}
[server]2024-12-16 22:21:51.070	info	/Users/huangyi/GolandProjects/stock-exchange/server/initialize/websocket.go:234	Crypto Aggregates	{"pair": "LINK/USD", "close": 29.33852}
[server]2024-12-16 22:21:51.073	info	/Users/huangyi/GolandProjects/stock-exchange/server/initialize/websocket.go:234	Crypto Aggregates	{"pair": "ETH/USD", "close": 3906.85}
[server]2024-12-16 22:21:52.034	info	/Users/huangyi/GolandProjects/stock-exchange/server/initialize/websocket.go:313	Forex Aggregates	{"pair": "EUR/USD", "close": 1.04923}
[server]2024-12-16 22:21:52.074	info	/Users/huangyi/GolandProjects/stock-exchange/server/initialize/websocket.go:234	Crypto Aggregates	{"pair": "BTC/USD", "close": 104215}
[server]2024-12-16 22:21:53.012	info	/Users/huangyi/GolandProjects/stock-exchange/server/initialize/websocket.go:157	Stock Aggregates	{"symbol": "TSLA", "close": 440}
[server]2024-12-16 22:21:53.035	info	/Users/huangyi/GolandProjects/stock-exchange/server/initialize/websocket.go:313	Forex Aggregates	{"pair": "EUR/USD", "close": 1.0493}
[server]2024-12-16 22:21:53.049	info	/Users/huangyi/GolandProjects/stock-exchange/server/initialize/websocket.go:234	Crypto Aggregates	{"pair": "ETH/USD", "close": 3906.8}
[server]2024-12-16 22:21:53.076	info	/Users/huangyi/GolandProjects/stock-exchange/server/initialize/websocket.go:234	Crypto Aggregates	{"pair": "BTC/USD", "close": 104207.29}
[server]2024-12-16 22:21:54.030	info	/Users/huangyi/GolandProjects/stock-exchange/server/initialize/websocket.go:157	Stock Aggregates	{"symbol": "TSLA", "close": 440}
[server]2024-12-16 22:21:54.054	info	/Users/huangyi/GolandProjects/stock-exchange/server/initialize/websocket.go:313	Forex Aggregates	{"pair": "EUR/USD", "close": 1.0493}
[server]2024-12-16 22:21:54.071	info	/Users/huangyi/GolandProjects/stock-exchange/server/initialize/websocket.go:234	Crypto Aggregates	{"pair": "ETH/USD", "close": 3906.81}
[server]2024-12-16 22:21:54.077	info	/Users/huangyi/GolandProjects/stock-exchange/server/initialize/websocket.go:234	Crypto Aggregates	{"pair": "BTC/USD", "close": 104204.75}
[server]2024-12-16 22:21:55.013	info	/Users/huangyi/GolandProjects/stock-exchange/server/initialize/websocket.go:157	Stock Aggregates	{"symbol": "TSLA", "close": 440}
[server]2024-12-16 22:21:55.033	info	/Users/huangyi/GolandProjects/stock-exchange/server/initialize/websocket.go:234	Crypto Aggregates	{"pair": "LINK/USD", "close": 29.337}
[server]2024-12-16 22:21:55.037	info	/Users/huangyi/GolandProjects/stock-exchange/server/initialize/websocket.go:234	Crypto Aggregates	{"pair": "ETH/USD", "close": 3906.8}
[server]2024-12-16 22:21:55.071	info	/Users/huangyi/GolandProjects/stock-exchange/server/initialize/websocket.go:234	Crypto Aggregates	{"pair": "BTC/USD", "close": 104100}
[server]2024-12-16 22:21:56.019	info	/Users/huangyi/GolandProjects/stock-exchange/server/initialize/websocket.go:157	Stock Aggregates	{"symbol": "TSLA", "close": 440}
[server]2024-12-16 22:21:56.025	info	/Users/huangyi/GolandProjects/stock-exchange/server/initialize/websocket.go:234	Crypto Aggregates	{"pair": "BTC/USD", "close": 104196.78}
[server]2024-12-16 22:21:56.039	info	/Users/huangyi/GolandProjects/stock-exchange/server/initialize/websocket.go:313	Forex Aggregates	{"pair": "EUR/USD", "close": 1.04929}
[server]2024-12-16 22:21:56.060	info	/Users/huangyi/GolandProjects/stock-exchange/server/initialize/websocket.go:234	Crypto Aggregates	{"pair": "ETH/USD", "close": 3906.81}
[server]2024-12-16 22:21:57.011	info	/Users/huangyi/GolandProjects/stock-exchange/server/initialize/websocket.go:157	Stock Aggregates	{"symbol": "AAPL", "close": 248.2999}
[server]2024-12-16 22:21:57.019	info	/Users/huangyi/GolandProjects/stock-exchange/server/initialize/websocket.go:234	Crypto Aggregates	{"pair": "ETH/USD", "close": 3906.6}
[server]2024-12-16 22:21:57.036	info	/Users/huangyi/GolandProjects/stock-exchange/server/initialize/websocket.go:234	Crypto Aggregates	{"pair": "BTC/USD", "close": 104196.8}
[server]2024-12-16 22:21:57.109	info	/Users/huangyi/GolandProjects/stock-exchange/server/initialize/websocket.go:313	Forex Aggregates	{"pair": "EUR/USD", "close": 1.04925}
[server]2024-12-16 22:21:57.749	info	/Users/huangyi/GolandProjects/stock-exchange/server/initialize/websocket.go:157	Stock Aggregates	{"symbol": "GME", "close": 27.99}
[server]2024-12-16 22:21:58.155	info	/Users/huangyi/GolandProjects/stock-exchange/server/initialize/websocket.go:157	Stock Aggregates	{"symbol": "AAPL", "close": 248.19}
[server]2024-12-16 22:21:58.155	info	/Users/huangyi/GolandProjects/stock-exchange/server/initialize/websocket.go:313	Forex Aggregates	{"pair": "EUR/USD", "close": 1.04931}
[server]2024-12-16 22:21:58.155	info	/Users/huangyi/GolandProjects/stock-exchange/server/initialize/websocket.go:234	Crypto Aggregates	{"pair": "BTC/USD", "close": 104196.92}
[server]2024-12-16 22:21:58.167	info	/Users/huangyi/GolandProjects/stock-exchange/server/initialize/websocket.go:234	Crypto Aggregates	{"pair": "LINK/USD", "close": 29.326}
[server]2024-12-16 22:21:58.169	info	/Users/huangyi/GolandProjects/stock-exchange/server/initialize/websocket.go:234	Crypto Aggregates	{"pair": "ETH/USD", "close": 3906.19}
[server]2024-12-16 22:21:58.552	info	/Users/huangyi/GolandProjects/stock-exchange/server/initialize/websocket.go:157	Stock Aggregates	{"symbol": "TSLA", "close": 440}
[server]2024-12-16 22:21:59.062	info	/Users/huangyi/GolandProjects/stock-exchange/server/initialize/websocket.go:313	Forex Aggregates	{"pair": "EUR/USD", "close": 1.04922}
[server]2024-12-16 22:22:00.067	info	/Users/huangyi/GolandProjects/stock-exchange/server/initialize/websocket.go:234	Crypto Aggregates	{"pair": "BTC/USD", "close": 104150}
[server]2024-12-16 22:22:00.077	info	/Users/huangyi/GolandProjects/stock-exchange/server/initialize/websocket.go:313	Forex Aggregates	{"pair": "EUR/USD", "close": 1.04928}
[server]2024-12-16 22:22:00.093	info	/Users/huangyi/GolandProjects/stock-exchange/server/initialize/websocket.go:234	Crypto Aggregates	{"pair": "LINK/USD", "close": 29.328}
[server]2024-12-16 22:22:00.095	info	/Users/huangyi/GolandProjects/stock-exchange/server/initialize/websocket.go:234	Crypto Aggregates	{"pair": "ETH/USD", "close": 3906.03}
[server]2024-12-16 22:22:00.556	info	/Users/huangyi/GolandProjects/stock-exchange/server/initialize/websocket.go:157	Stock Aggregates	{"symbol": "TSLA", "close": 440}
[server]2024-12-16 22:22:01.060	info	/Users/huangyi/GolandProjects/stock-exchange/server/initialize/websocket.go:234	Crypto Aggregates	{"pair": "BTC/USD", "close": 104196.81}
[server]2024-12-16 22:22:01.075	info	/Users/huangyi/GolandProjects/stock-exchange/server/initialize/websocket.go:234	Crypto Aggregates	{"pair": "ETH/USD", "close": 3905.94}
[server]2024-12-16 22:22:02.018	info	/Users/huangyi/GolandProjects/stock-exchange/server/initialize/websocket.go:157	Stock Aggregates	{"symbol": "TSLA", "close": 440.01}
[server]2024-12-16 22:22:02.162	info	/Users/huangyi/GolandProjects/stock-exchange/server/initialize/websocket.go:234	Crypto Aggregates	{"pair": "BTC/USD", "close": 104196.93}
[server]2024-12-16 22:22:02.162	info	/Users/huangyi/GolandProjects/stock-exchange/server/initialize/websocket.go:313	Forex Aggregates	{"pair": "EUR/USD", "close": 1.04929}
[server]2024-12-16 22:22:03.050	info	/Users/huangyi/GolandProjects/stock-exchange/server/initialize/websocket.go:234	Crypto Aggregates	{"pair": "BTC/USD", "close": 104196.82}
[server]2024-12-16 22:22:03.060	info	/Users/huangyi/GolandProjects/stock-exchange/server/initialize/websocket.go:234	Crypto Aggregates	{"pair": "ETH/USD", "close": 3906}
[server]2024-12-16 22:22:03.564	info	/Users/huangyi/GolandProjects/stock-exchange/server/initialize/websocket.go:157	Stock Aggregates	{"symbol": "TSLA", "close": 440.01}
[server]2024-12-16 22:22:03.870	info	/Users/huangyi/GolandProjects/stock-exchange/server/task/symbolsKline.go:213	完成K线数据更新	{"batch": 0, "start": 0, "end": 8, "total_symbols": 8}
[server]2024-12-16 22:22:04.026	info	/Users/huangyi/GolandProjects/stock-exchange/server/initialize/websocket.go:313	Forex Aggregates	{"pair": "EUR/USD", "close": 1.0492}
[server]2024-12-16 22:22:04.075	info	/Users/huangyi/GolandProjects/stock-exchange/server/initialize/websocket.go:234	Crypto Aggregates	{"pair": "BTC/USD", "close": 104150}
[server]2024-12-16 22:22:05.027	info	/Users/huangyi/GolandProjects/stock-exchange/server/initialize/websocket.go:234	Crypto Aggregates	{"pair": "BTC/USD", "close": 104196.82}
[server]2024-12-16 22:22:05.080	info	/Users/huangyi/GolandProjects/stock-exchange/server/initialize/websocket.go:313	Forex Aggregates	{"pair": "EUR/USD", "close": 1.04916}
[server]2024-12-16 22:22:06.019	info	/Users/huangyi/GolandProjects/stock-exchange/server/initialize/websocket.go:157	Stock Aggregates	{"symbol": "TSLA", "close": 440.01}
[server]2024-12-16 22:22:06.053	info	/Users/huangyi/GolandProjects/stock-exchange/server/initialize/websocket.go:313	Forex Aggregates	{"pair": "EUR/USD", "close": 1.0491}
[server]2024-12-16 22:22:06.065	info	/Users/huangyi/GolandProjects/stock-exchange/server/initialize/websocket.go:234	Crypto Aggregates	{"pair": "BTC/USD", "close": 104200}
[server]2024-12-16 22:22:06.069	info	/Users/huangyi/GolandProjects/stock-exchange/server/initialize/websocket.go:234	Crypto Aggregates	{"pair": "ETH/USD", "close": 3906.01}
[server]2024-12-16 22:22:07.011	info	/Users/huangyi/GolandProjects/stock-exchange/server/initialize/websocket.go:234	Crypto Aggregates	{"pair": "ETH/USD", "close": 3905.6}
[server]2024-12-16 22:22:07.022	info	/Users/huangyi/GolandProjects/stock-exchange/server/initialize/websocket.go:157	Stock Aggregates	{"symbol": "TSLA", "close": 440.02}
[server]2024-12-16 22:22:07.024	info	/Users/huangyi/GolandProjects/stock-exchange/server/initialize/websocket.go:234	Crypto Aggregates	{"pair": "BTC/USD", "close": 104196.81}
[server]2024-12-16 22:22:07.092	info	/Users/huangyi/GolandProjects/stock-exchange/server/initialize/websocket.go:313	Forex Aggregates	{"pair": "EUR/USD", "close": 1.04917}
[server]2024-12-16 22:22:08.048	info	/Users/huangyi/GolandProjects/stock-exchange/server/initialize/websocket.go:313	Forex Aggregates	{"pair": "EUR/USD", "close": 1.04911}
[server]2024-12-16 22:22:09.020	info	/Users/huangyi/GolandProjects/stock-exchange/server/initialize/websocket.go:157	Stock Aggregates	{"symbol": "AAPL", "close": 248.1773}
[server]2024-12-16 22:22:09.069	info	/Users/huangyi/GolandProjects/stock-exchange/server/initialize/websocket.go:313	Forex Aggregates	{"pair": "EUR/USD", "close": 1.04917}
[server]2024-12-16 22:22:09.238	info	/Users/huangyi/GolandProjects/stock-exchange/server/initialize/websocket.go:234	Crypto Aggregates	{"pair": "BTC/USD", "close": 104196.82}
[server]2024-12-16 22:22:09.240	info	/Users/huangyi/GolandProjects/stock-exchange/server/initialize/websocket.go:234	Crypto Aggregates	{"pair": "LINK/USD", "close": 29.336}
[server]2024-12-16 22:22:09.241	info	/Users/huangyi/GolandProjects/stock-exchange/server/initialize/websocket.go:234	Crypto Aggregates	{"pair": "ETH/USD", "close": 3905.53}
[server]2024-12-16 22:22:10.022	info	/Users/huangyi/GolandProjects/stock-exchange/server/initialize/websocket.go:157	Stock Aggregates	{"symbol": "TSLA", "close": 440}
[server]2024-12-16 22:22:10.032	info	/Users/huangyi/GolandProjects/stock-exchange/server/initialize/websocket.go:234	Crypto Aggregates	{"pair": "ETH/USD", "close": 3905.42}
[server]2024-12-16 22:22:10.035	info	/Users/huangyi/GolandProjects/stock-exchange/server/initialize/websocket.go:234	Crypto Aggregates	{"pair": "BTC/USD", "close": 104090}
[server]2024-12-16 22:22:11.024	info	/Users/huangyi/GolandProjects/stock-exchange/server/initialize/websocket.go:157	Stock Aggregates	{"symbol": "TSLA", "close": 440}
[server]2024-12-16 22:22:11.078	info	/Users/huangyi/GolandProjects/stock-exchange/server/initialize/websocket.go:313	Forex Aggregates	{"pair": "EUR/USD", "close": 1.04917}
[server]2024-12-16 22:22:11.094	info	/Users/huangyi/GolandProjects/stock-exchange/server/initialize/websocket.go:234	Crypto Aggregates	{"pair": "LINK/USD", "close": 29.343}
[server]2024-12-16 22:22:11.138	info	/Users/huangyi/GolandProjects/stock-exchange/server/initialize/websocket.go:234	Crypto Aggregates	{"pair": "ETH/USD", "close": 3905.6}
[server]2024-12-16 22:22:11.174	info	/Users/huangyi/GolandProjects/stock-exchange/server/initialize/websocket.go:234	Crypto Aggregates	{"pair": "BTC/USD", "close": 104196.81}
[server]2024-12-16 22:22:12.022	info	/Users/huangyi/GolandProjects/stock-exchange/server/initialize/websocket.go:157	Stock Aggregates	{"symbol": "TSLA", "close": 440}
[server]2024-12-16 22:22:12.071	info	/Users/huangyi/GolandProjects/stock-exchange/server/initialize/websocket.go:313	Forex Aggregates	{"pair": "EUR/USD", "close": 1.04916}
[server]2024-12-16 22:22:12.086	info	/Users/huangyi/GolandProjects/stock-exchange/server/initialize/websocket.go:234	Crypto Aggregates	{"pair": "ETH/USD", "close": 3905.57}
[server]2024-12-16 22:22:12.118	info	/Users/huangyi/GolandProjects/stock-exchange/server/initialize/websocket.go:234	Crypto Aggregates	{"pair": "BTC/USD", "close": 104196.81}
[server]2024-12-16 22:22:13.022	info	/Users/huangyi/GolandProjects/stock-exchange/server/initialize/websocket.go:234	Crypto Aggregates	{"pair": "LINK/USD", "close": 29.336}
[server]2024-12-16 22:22:13.025	info	/Users/huangyi/GolandProjects/stock-exchange/server/initialize/websocket.go:234	Crypto Aggregates	{"pair": "ETH/USD", "close": 3905.46}
[server]2024-12-16 22:22:13.127	info	/Users/huangyi/GolandProjects/stock-exchange/server/initialize/websocket.go:234	Crypto Aggregates	{"pair": "BTC/USD", "close": 104196.81}
[server]2024-12-16 22:22:14.086	info	/Users/huangyi/GolandProjects/stock-exchange/server/initialize/websocket.go:313	Forex Aggregates	{"pair": "EUR/USD", "close": 1.0491}
[server]2024-12-16 22:22:15.051	info	/Users/huangyi/GolandProjects/stock-exchange/server/initialize/websocket.go:313	Forex Aggregates	{"pair": "EUR/USD", "close": 1.04915}
[server]2024-12-16 22:22:15.063	info	/Users/huangyi/GolandProjects/stock-exchange/server/initialize/websocket.go:234	Crypto Aggregates	{"pair": "BTC/USD", "close": 104195.81}
[server]2024-12-16 22:22:15.068	info	/Users/huangyi/GolandProjects/stock-exchange/server/initialize/websocket.go:234	Crypto Aggregates	{"pair": "ETH/USD", "close": 3905.21}
[server]2024-12-16 22:22:16.047	info	/Users/huangyi/GolandProjects/stock-exchange/server/initialize/websocket.go:313	Forex Aggregates	{"pair": "EUR/USD", "close": 1.04917}
[server]2024-12-16 22:22:16.060	info	/Users/huangyi/GolandProjects/stock-exchange/server/initialize/websocket.go:234	Crypto Aggregates	{"pair": "ETH/USD", "close": 3905.43}
[server]2024-12-16 22:22:16.125	info	/Users/huangyi/GolandProjects/stock-exchange/server/initialize/websocket.go:234	Crypto Aggregates	{"pair": "BTC/USD", "close": 104190.47}
[server]2024-12-16 22:22:17.018	info	/Users/huangyi/GolandProjects/stock-exchange/server/initialize/websocket.go:157	Stock Aggregates	{"symbol": "TSLA", "close": 440.01}
[server]2024-12-16 22:22:17.053	info	/Users/huangyi/GolandProjects/stock-exchange/server/initialize/websocket.go:313	Forex Aggregates	{"pair": "EUR/USD", "close": 1.04914}
[server]2024-12-16 22:22:17.070	info	/Users/huangyi/GolandProjects/stock-exchange/server/initialize/websocket.go:234	Crypto Aggregates	{"pair": "LINK/USD", "close": 29.331}
[server]2024-12-16 22:22:17.072	info	/Users/huangyi/GolandProjects/stock-exchange/server/initialize/websocket.go:234	Crypto Aggregates	{"pair": "ETH/USD", "close": 3905.46}
[server]2024-12-16 22:22:17.087	info	/Users/huangyi/GolandProjects/stock-exchange/server/initialize/websocket.go:234	Crypto Aggregates	{"pair": "BTC/USD", "close": 104190.47}
[server]2024-12-16 22:22:18.017	info	/Users/huangyi/GolandProjects/stock-exchange/server/initialize/websocket.go:234	Crypto Aggregates	{"pair": "BTC/USD", "close": 104190.45}
[server]2024-12-16 22:22:18.091	info	/Users/huangyi/GolandProjects/stock-exchange/server/initialize/websocket.go:313	Forex Aggregates	{"pair": "EUR/CNY", "close": 7.6403162262686}
[server]2024-12-16 22:22:18.097	info	/Users/huangyi/GolandProjects/stock-exchange/server/initialize/websocket.go:313	Forex Aggregates	{"pair": "EUR/USD", "close": 1.04909}
[server]2024-12-16 22:22:18.113	info	/Users/huangyi/GolandProjects/stock-exchange/server/initialize/websocket.go:234	Crypto Aggregates	{"pair": "ETH/USD", "close": 3905.46}
[server]2024-12-16 22:22:19.054	info	/Users/huangyi/GolandProjects/stock-exchange/server/initialize/websocket.go:313	Forex Aggregates	{"pair": "EUR/USD", "close": 1.04914}
[server]2024-12-16 22:22:20.040	info	/Users/huangyi/GolandProjects/stock-exchange/server/initialize/websocket.go:234	Crypto Aggregates	{"pair": "ETH/USD", "close": 3904.65}
[server]2024-12-16 22:22:20.042	info	/Users/huangyi/GolandProjects/stock-exchange/server/initialize/websocket.go:234	Crypto Aggregates	{"pair": "LINK/USD", "close": 29.32}
[server]2024-12-16 22:22:20.058	info	/Users/huangyi/GolandProjects/stock-exchange/server/initialize/websocket.go:234	Crypto Aggregates	{"pair": "BTC/USD", "close": 104090}
[server]2024-12-16 22:22:21.020	info	/Users/huangyi/GolandProjects/stock-exchange/server/initialize/websocket.go:313	Forex Aggregates	{"pair": "EUR/USD", "close": 1.04914}
[server]2024-12-16 22:22:21.032	info	/Users/huangyi/GolandProjects/stock-exchange/server/initialize/websocket.go:234	Crypto Aggregates	{"pair": "ETH/USD", "close": 3906.73}
[server]2024-12-16 22:22:21.037	info	/Users/huangyi/GolandProjects/stock-exchange/server/initialize/websocket.go:157	Stock Aggregates	{"symbol": "TSLA", "close": 440.0284}
[server]2024-12-16 22:22:21.118	info	/Users/huangyi/GolandProjects/stock-exchange/server/initialize/websocket.go:234	Crypto Aggregates	{"pair": "BTC/USD", "close": 104140.43}
[server]2024-12-16 22:22:22.035	info	/Users/huangyi/GolandProjects/stock-exchange/server/initialize/websocket.go:313	Forex Aggregates	{"pair": "EUR/USD", "close": 1.04914}
[server]2024-12-16 22:22:22.049	info	/Users/huangyi/GolandProjects/stock-exchange/server/initialize/websocket.go:234	Crypto Aggregates	{"pair": "ETH/USD", "close": 3904.65}
[server]2024-12-16 22:22:22.093	info	/Users/huangyi/GolandProjects/stock-exchange/server/initialize/websocket.go:234	Crypto Aggregates	{"pair": "BTC/USD", "close": 104140.43}
[server]2024-12-16 22:22:23.014	info	/Users/huangyi/GolandProjects/stock-exchange/server/initialize/websocket.go:234	Crypto Aggregates	{"pair": "BTC/USD", "close": 104140.43}
[server]2024-12-16 22:22:23.014	info	/Users/huangyi/GolandProjects/stock-exchange/server/initialize/websocket.go:313	Forex Aggregates	{"pair": "EUR/USD", "close": 1.04914}
[server]2024-12-16 22:22:24.080	info	/Users/huangyi/GolandProjects/stock-exchange/server/initialize/websocket.go:313	Forex Aggregates	{"pair": "EUR/USD", "close": 1.04914}
[server]2024-12-16 22:22:24.589	info	/Users/huangyi/GolandProjects/stock-exchange/server/initialize/websocket.go:157	Stock Aggregates	{"symbol": "TSLA", "close": 440}
[server]2024-12-16 22:22:25.062	info	/Users/huangyi/GolandProjects/stock-exchange/server/initialize/websocket.go:313	Forex Aggregates	{"pair": "EUR/USD", "close": 1.04914}
[server]2024-12-16 22:22:25.076	info	/Users/huangyi/GolandProjects/stock-exchange/server/initialize/websocket.go:234	Crypto Aggregates	{"pair": "BTC/USD", "close": 104140.44}
[server]2024-12-16 22:22:26.045	info	/Users/huangyi/GolandProjects/stock-exchange/server/initialize/websocket.go:313	Forex Aggregates	{"pair": "EUR/USD", "close": 1.04914}
[server]2024-12-16 22:22:26.076	info	/Users/huangyi/GolandProjects/stock-exchange/server/initialize/websocket.go:234	Crypto Aggregates	{"pair": "BTC/USD", "close": 104140.44}
[server]2024-12-16 22:22:26.082	info	/Users/huangyi/GolandProjects/stock-exchange/server/initialize/websocket.go:234	Crypto Aggregates	{"pair": "ETH/USD", "close": 3904.64}
[server]2024-12-16 22:22:27.014	info	/Users/huangyi/GolandProjects/stock-exchange/server/initialize/websocket.go:234	Crypto Aggregates	{"pair": "BTC/USD", "close": 104140.43}
[server]2024-12-16 22:22:27.021	info	/Users/huangyi/GolandProjects/stock-exchange/server/initialize/websocket.go:313	Forex Aggregates	{"pair": "EUR/USD", "close": 1.0492}
[server]2024-12-16 22:22:27.034	info	/Users/huangyi/GolandProjects/stock-exchange/server/initialize/websocket.go:234	Crypto Aggregates	{"pair": "LINK/USD", "close": 29.326}
[server]2024-12-16 22:22:28.027	info	/Users/huangyi/GolandProjects/stock-exchange/server/initialize/websocket.go:313	Forex Aggregates	{"pair": "EUR/USD", "close": 1.04914}
[server]2024-12-16 22:22:28.035	info	/Users/huangyi/GolandProjects/stock-exchange/server/initialize/websocket.go:157	Stock Aggregates	{"symbol": "TSLA", "close": 440.02}
[server]2024-12-16 22:22:28.038	info	/Users/huangyi/GolandProjects/stock-exchange/server/initialize/websocket.go:234	Crypto Aggregates	{"pair": "LINK/USD", "close": 29.33045}
[server]2024-12-16 22:22:28.065	info	/Users/huangyi/GolandProjects/stock-exchange/server/initialize/websocket.go:234	Crypto Aggregates	{"pair": "BTC/USD", "close": 104140}
[server]2024-12-16 22:22:29.015	info	/Users/huangyi/GolandProjects/stock-exchange/server/initialize/websocket.go:313	Forex Aggregates	{"pair": "EUR/USD", "close": 1.04912}
[server]2024-12-16 22:22:29.597	info	/Users/huangyi/GolandProjects/stock-exchange/server/initialize/websocket.go:157	Stock Aggregates	{"symbol": "TSLA", "close": 440.02}
[server]2024-12-16 22:22:30.026	info	/Users/huangyi/GolandProjects/stock-exchange/server/initialize/websocket.go:157	Stock Aggregates	{"symbol": "TSLA", "close": 440.03}
[server]2024-12-16 22:22:30.066	info	/Users/huangyi/GolandProjects/stock-exchange/server/initialize/websocket.go:234	Crypto Aggregates	{"pair": "BTC/USD", "close": 104116.28}
[server]2024-12-16 22:22:30.072	info	/Users/huangyi/GolandProjects/stock-exchange/server/initialize/websocket.go:313	Forex Aggregates	{"pair": "EUR/USD", "close": 1.04902}
[server]2024-12-16 22:22:30.084	info	/Users/huangyi/GolandProjects/stock-exchange/server/initialize/websocket.go:234	Crypto Aggregates	{"pair": "LINK/USD", "close": 29.318}
[server]2024-12-16 22:22:30.088	info	/Users/huangyi/GolandProjects/stock-exchange/server/initialize/websocket.go:234	Crypto Aggregates	{"pair": "ETH/USD", "close": 3903.72}
[server]2024-12-16 22:22:31.027	info	/Users/huangyi/GolandProjects/stock-exchange/server/initialize/websocket.go:234	Crypto Aggregates	{"pair": "BTC/USD", "close": 104010}
[server]2024-12-16 22:22:31.033	info	/Users/huangyi/GolandProjects/stock-exchange/server/initialize/websocket.go:234	Crypto Aggregates	{"pair": "LINK/USD", "close": 29.3}
[server]2024-12-16 22:22:31.598	info	/Users/huangyi/GolandProjects/stock-exchange/server/initialize/websocket.go:157	Stock Aggregates	{"symbol": "TSLA", "close": 440.02}
[server]2024-12-16 22:22:32.089	info	/Users/huangyi/GolandProjects/stock-exchange/server/initialize/websocket.go:313	Forex Aggregates	{"pair": "EUR/USD", "close": 1.04902}
[server]2024-12-16 22:22:32.100	info	/Users/huangyi/GolandProjects/stock-exchange/server/initialize/websocket.go:234	Crypto Aggregates	{"pair": "LINK/USD", "close": 29.312}
[server]2024-12-16 22:22:32.105	info	/Users/huangyi/GolandProjects/stock-exchange/server/initialize/websocket.go:234	Crypto Aggregates	{"pair": "ETH/USD", "close": 3903.72}
[server]2024-12-16 22:22:32.109	info	/Users/huangyi/GolandProjects/stock-exchange/server/initialize/websocket.go:234	Crypto Aggregates	{"pair": "BTC/USD", "close": 104116.28}
[server]2024-12-16 22:22:33.046	info	/Users/huangyi/GolandProjects/stock-exchange/server/initialize/websocket.go:234	Crypto Aggregates	{"pair": "ETH/USD", "close": 3903.6}
[server]2024-12-16 22:22:33.070	info	/Users/huangyi/GolandProjects/stock-exchange/server/initialize/websocket.go:234	Crypto Aggregates	{"pair": "BTC/USD", "close": 104116.27}
[server]2024-12-16 22:22:33.071	info	/Users/huangyi/GolandProjects/stock-exchange/server/initialize/websocket.go:313	Forex Aggregates	{"pair": "EUR/USD", "close": 1.04901}
[server]2024-12-16 22:22:34.038	info	/Users/huangyi/GolandProjects/stock-exchange/server/initialize/websocket.go:313	Forex Aggregates	{"pair": "EUR/USD", "close": 1.04877}
[server]2024-12-16 22:22:34.053	info	/Users/huangyi/GolandProjects/stock-exchange/server/initialize/websocket.go:234	Crypto Aggregates	{"pair": "LINK/USD", "close": 29.311}
[server]2024-12-16 22:22:34.056	info	/Users/huangyi/GolandProjects/stock-exchange/server/initialize/websocket.go:234	Crypto Aggregates	{"pair": "ETH/USD", "close": 3903.72}
[server]2024-12-16 22:22:34.070	info	/Users/huangyi/GolandProjects/stock-exchange/server/initialize/websocket.go:234	Crypto Aggregates	{"pair": "BTC/USD", "close": 104116.27}
[server]2024-12-16 22:22:35.017	info	/Users/huangyi/GolandProjects/stock-exchange/server/initialize/websocket.go:234	Crypto Aggregates	{"pair": "BTC/USD", "close": 104119}
[server]2024-12-16 22:22:35.078	info	/Users/huangyi/GolandProjects/stock-exchange/server/initialize/websocket.go:234	Crypto Aggregates	{"pair": "LINK/USD", "close": 29.312}
[server]2024-12-16 22:22:35.083	info	/Users/huangyi/GolandProjects/stock-exchange/server/initialize/websocket.go:234	Crypto Aggregates	{"pair": "ETH/USD", "close": 3903.71}
[server]2024-12-16 22:22:35.600	info	/Users/huangyi/GolandProjects/stock-exchange/server/initialize/websocket.go:157	Stock Aggregates	{"symbol": "TSLA", "close": 440.01}
[server]2024-12-16 22:22:36.032	info	/Users/huangyi/GolandProjects/stock-exchange/server/initialize/websocket.go:157	Stock Aggregates	{"symbol": "TSLA", "close": 440.01}
[server]2024-12-16 22:22:36.067	info	/Users/huangyi/GolandProjects/stock-exchange/server/initialize/websocket.go:313	Forex Aggregates	{"pair": "EUR/USD", "close": 1.04886}
[server]2024-12-16 22:22:36.079	info	/Users/huangyi/GolandProjects/stock-exchange/server/initialize/websocket.go:234	Crypto Aggregates	{"pair": "LINK/USD", "close": 29.322}
[server]2024-12-16 22:22:36.083	info	/Users/huangyi/GolandProjects/stock-exchange/server/initialize/websocket.go:234	Crypto Aggregates	{"pair": "ETH/USD", "close": 3903.42}
[server]2024-12-16 22:22:36.099	info	/Users/huangyi/GolandProjects/stock-exchange/server/initialize/websocket.go:234	Crypto Aggregates	{"pair": "BTC/USD", "close": 104116.28}
[server]2024-12-16 22:22:37.029	info	/Users/huangyi/GolandProjects/stock-exchange/server/initialize/websocket.go:234	Crypto Aggregates	{"pair": "BTC/USD", "close": 104120.1}
[server]2024-12-16 22:22:37.042	info	/Users/huangyi/GolandProjects/stock-exchange/server/initialize/websocket.go:157	Stock Aggregates	{"symbol": "TSLA", "close": 440.0001}
[server]2024-12-16 22:22:37.084	info	/Users/huangyi/GolandProjects/stock-exchange/server/initialize/websocket.go:313	Forex Aggregates	{"pair": "EUR/USD", "close": 1.0488}
[server]2024-12-16 22:22:37.097	info	/Users/huangyi/GolandProjects/stock-exchange/server/initialize/websocket.go:234	Crypto Aggregates	{"pair": "LINK/USD", "close": 29.326}
[server]2024-12-16 22:22:38.096	info	/Users/huangyi/GolandProjects/stock-exchange/server/initialize/websocket.go:234	Crypto Aggregates	{"pair": "BTC/USD", "close": 104114}
[server]2024-12-16 22:22:38.100	info	/Users/huangyi/GolandProjects/stock-exchange/server/initialize/websocket.go:234	Crypto Aggregates	{"pair": "ETH/USD", "close": 3905.4}
