[server]2024-11-18 01:23:53.961	[34minfo[0m	/Users/huangyi/GolandProjects/stock-exchange/server/initialize/redis.go:35	redis connect ping response:	{"name": "", "pong": "PONG"}
[server]2024-11-18 01:23:53.970	[34minfo[0m	/Users/huangyi/GolandProjects/stock-exchange/server/initialize/redis.go:35	redis connect ping response:	{"name": "cache", "pong": "PONG"}
[server]2024-11-18 01:23:55.158	[34minfo[0m	/Users/huangyi/GolandProjects/stock-exchange/server/initialize/router.go:60	register swagger handler
[server]2024-11-18 01:23:56.720	[34minfo[0m	/Users/huangyi/GolandProjects/stock-exchange/server/main.go:53	Starting WebSocket initialization...
[server]2024-11-18 01:23:56.723	[34minfo[0m	/Users/huangyi/GolandProjects/stock-exchange/server/initialize/websocket.go:18	Starting Polygon.io websocket initialization...
[server]2024-11-18 01:24:04.478	[34minfo[0m	/Users/huangyi/GolandProjects/stock-exchange/server/initialize/router.go:109	router register success
[server]2024-11-18 01:24:04.479	[34minfo[0m	/Users/huangyi/GolandProjects/stock-exchange/server/core/server.go:38	server run success on 	{"address": ":8888"}
[server]2024-11-18 03:17:20.338	[34minfo[0m	/Users/huangyi/GolandProjects/stock-exchange/server/main.go:53	Starting WebSocket initialization...
[server]2024-11-18 03:17:20.339	[34minfo[0m	/Users/huangyi/GolandProjects/stock-exchange/server/initialize/websocket.go:18	Starting Polygon.io websocket initialization...
[server]2024-11-18 03:18:00.357	[34minfo[0m	/Users/huangyi/GolandProjects/stock-exchange/server/initialize/redis.go:35	redis connect ping response:	{"name": "", "pong": "PONG"}
[server]2024-11-18 03:18:00.366	[34minfo[0m	/Users/huangyi/GolandProjects/stock-exchange/server/initialize/redis.go:35	redis connect ping response:	{"name": "cache", "pong": "PONG"}
[server]2024-11-18 03:18:00.435	[34minfo[0m	/Users/huangyi/GolandProjects/stock-exchange/server/initialize/router.go:60	register swagger handler
[server]2024-11-18 03:18:02.142	[34minfo[0m	/Users/huangyi/GolandProjects/stock-exchange/server/initialize/router.go:109	router register success
[server]2024-11-18 03:18:02.142	[34minfo[0m	/Users/huangyi/GolandProjects/stock-exchange/server/core/server.go:38	server run success on 	{"address": ":8888"}
[server]2024-11-18 14:50:05.718	[34minfo[0m	/Users/huangyi/GolandProjects/stock-exchange/server/main.go:53	Starting WebSocket initialization...
[server]2024-11-18 14:50:05.719	[34minfo[0m	/Users/huangyi/GolandProjects/stock-exchange/server/initialize/websocket.go:18	Starting Polygon.io websocket initialization...
[server]2024-11-18 14:50:45.738	[34minfo[0m	/Users/huangyi/GolandProjects/stock-exchange/server/initialize/redis.go:35	redis connect ping response:	{"name": "", "pong": "PONG"}
[server]2024-11-18 14:50:45.753	[34minfo[0m	/Users/huangyi/GolandProjects/stock-exchange/server/initialize/redis.go:35	redis connect ping response:	{"name": "cache", "pong": "PONG"}
[server]2024-11-18 14:50:46.172	[34minfo[0m	/Users/huangyi/GolandProjects/stock-exchange/server/initialize/router.go:60	register swagger handler
[server]2024-11-18 14:50:47.936	[34minfo[0m	/Users/huangyi/GolandProjects/stock-exchange/server/initialize/router.go:109	router register success
[server]2024-11-18 14:50:47.936	[34minfo[0m	/Users/huangyi/GolandProjects/stock-exchange/server/core/server.go:38	server run success on 	{"address": ":8888"}
[server]2024-11-18 16:10:28.677	[34minfo[0m	/Users/huangyi/GolandProjects/stock-exchange/server/main.go:53	Starting WebSocket initialization...
[server]2024-11-18 16:10:28.678	[34minfo[0m	/Users/huangyi/GolandProjects/stock-exchange/server/initialize/websocket.go:18	Starting Polygon.io websocket initialization...
[server]2024-11-18 16:11:08.695	[34minfo[0m	/Users/huangyi/GolandProjects/stock-exchange/server/initialize/redis.go:35	redis connect ping response:	{"name": "", "pong": "PONG"}
[server]2024-11-18 16:11:08.706	[34minfo[0m	/Users/huangyi/GolandProjects/stock-exchange/server/initialize/redis.go:35	redis connect ping response:	{"name": "cache", "pong": "PONG"}
[server]2024-11-18 16:11:08.779	[34minfo[0m	/Users/huangyi/GolandProjects/stock-exchange/server/initialize/router.go:60	register swagger handler
[server]2024-11-18 16:11:11.243	[34minfo[0m	/Users/huangyi/GolandProjects/stock-exchange/server/initialize/router.go:109	router register success
[server]2024-11-18 16:11:11.243	[34minfo[0m	/Users/huangyi/GolandProjects/stock-exchange/server/core/server.go:38	server run success on 	{"address": ":8888"}
[server]2024-11-18 16:24:45.652	[34minfo[0m	/Users/huangyi/GolandProjects/stock-exchange/server/main.go:53	Starting WebSocket initialization...
[server]2024-11-18 16:24:45.653	[34minfo[0m	/Users/huangyi/GolandProjects/stock-exchange/server/initialize/websocket.go:18	Starting Polygon.io websocket initialization...
[server]2024-11-18 16:25:25.659	[34minfo[0m	/Users/huangyi/GolandProjects/stock-exchange/server/initialize/redis.go:35	redis connect ping response:	{"name": "", "pong": "PONG"}
[server]2024-11-18 16:25:25.666	[34minfo[0m	/Users/huangyi/GolandProjects/stock-exchange/server/initialize/redis.go:35	redis connect ping response:	{"name": "cache", "pong": "PONG"}
[server]2024-11-18 16:25:25.741	[34minfo[0m	/Users/huangyi/GolandProjects/stock-exchange/server/initialize/router.go:60	register swagger handler
[server]2024-11-18 16:25:27.622	[34minfo[0m	/Users/huangyi/GolandProjects/stock-exchange/server/initialize/router.go:109	router register success
[server]2024-11-18 16:25:27.622	[34minfo[0m	/Users/huangyi/GolandProjects/stock-exchange/server/core/server.go:38	server run success on 	{"address": ":8888"}
[server]2024-11-18 23:16:05.036	[34minfo[0m	/Users/huangyi/GolandProjects/stock-exchange/server/main.go:53	Starting WebSocket initialization...
[server]2024-11-18 23:16:05.039	[34minfo[0m	/Users/huangyi/GolandProjects/stock-exchange/server/initialize/websocket.go:19	Starting Polygon.io websocket initialization...
[server]2024-11-18 23:32:28.521	[34minfo[0m	/Users/huangyi/GolandProjects/stock-exchange/server/main.go:53	Starting WebSocket initialization...
[server]2024-11-18 23:32:28.527	[34minfo[0m	/Users/huangyi/GolandProjects/stock-exchange/server/initialize/websocket.go:19	Starting Polygon.io websocket initialization...
[server]2024-11-18 23:33:08.589	[34minfo[0m	/Users/huangyi/GolandProjects/stock-exchange/server/initialize/redis.go:35	redis connect ping response:	{"name": "", "pong": "PONG"}
[server]2024-11-18 23:33:08.606	[34minfo[0m	/Users/huangyi/GolandProjects/stock-exchange/server/initialize/redis.go:35	redis connect ping response:	{"name": "cache", "pong": "PONG"}
[server]2024-11-18 23:33:08.682	[34minfo[0m	/Users/huangyi/GolandProjects/stock-exchange/server/initialize/router.go:60	register swagger handler
[server]2024-11-18 23:33:10.785	[34minfo[0m	/Users/huangyi/GolandProjects/stock-exchange/server/initialize/router.go:109	router register success
[server]2024-11-18 23:33:10.785	[34minfo[0m	/Users/huangyi/GolandProjects/stock-exchange/server/core/server.go:38	server run success on 	{"address": ":8888"}
[server]2024-11-18 23:42:38.235	[34minfo[0m	/Users/huangyi/GolandProjects/stock-exchange/server/main.go:53	Starting WebSocket initialization...
[server]2024-11-18 23:42:38.236	[34minfo[0m	/Users/huangyi/GolandProjects/stock-exchange/server/initialize/websocket.go:18	Starting Polygon.io websocket initialization...
[server]2024-11-18 23:42:38.236	[34minfo[0m	/Users/huangyi/GolandProjects/stock-exchange/server/initialize/websocket.go:22	Using Polygon API key: 9r03Q...
[server]2024-11-18 23:42:39.405	[34minfo[0m	/Users/huangyi/GolandProjects/stock-exchange/server/initialize/websocket.go:54	Attempting to subscribe to 3 symbols
[server]2024-11-18 23:42:39.406	[34minfo[0m	/Users/huangyi/GolandProjects/stock-exchange/server/initialize/websocket.go:61	Successfully subscribed to symbol: GME
[server]2024-11-18 23:42:39.406	[34minfo[0m	/Users/huangyi/GolandProjects/stock-exchange/server/initialize/websocket.go:61	Successfully subscribed to symbol: TSLA
[server]2024-11-18 23:42:39.406	[34minfo[0m	/Users/huangyi/GolandProjects/stock-exchange/server/initialize/websocket.go:61	Successfully subscribed to symbol: AAPL
[server]2024-11-18 23:42:39.406	[34minfo[0m	/Users/huangyi/GolandProjects/stock-exchange/server/initialize/websocket.go:73	Starting websocket data handler...
[server]2024-11-18 23:43:18.253	[34minfo[0m	/Users/huangyi/GolandProjects/stock-exchange/server/initialize/redis.go:35	redis connect ping response:	{"name": "", "pong": "PONG"}
[server]2024-11-18 23:43:18.263	[34minfo[0m	/Users/huangyi/GolandProjects/stock-exchange/server/initialize/redis.go:35	redis connect ping response:	{"name": "cache", "pong": "PONG"}
[server]2024-11-18 23:43:19.573	[34minfo[0m	/Users/huangyi/GolandProjects/stock-exchange/server/initialize/router.go:60	register swagger handler
[server]2024-11-18 23:44:00.243	[34minfo[0m	/Users/huangyi/GolandProjects/stock-exchange/server/initialize/router.go:109	router register success
[server]2024-11-18 23:44:00.243	[34minfo[0m	/Users/huangyi/GolandProjects/stock-exchange/server/core/server.go:38	server run success on 	{"address": ":8888"}
[server]2024-11-18 23:46:59.573	[34minfo[0m	/Users/huangyi/GolandProjects/stock-exchange/server/initialize/websocket.go:82	Context cancelled, stopping websocket handler
[server]2024-11-18 23:47:41.339	[34minfo[0m	/Users/huangyi/GolandProjects/stock-exchange/server/main.go:53	Starting WebSocket initialization...
[server]2024-11-18 23:47:41.340	[34minfo[0m	/Users/huangyi/GolandProjects/stock-exchange/server/initialize/websocket.go:18	Starting Polygon.io websocket initialization...
[server]2024-11-18 23:47:41.340	[34minfo[0m	/Users/huangyi/GolandProjects/stock-exchange/server/initialize/websocket.go:22	Using Polygon API key: 9r03Q...
[server]2024-11-18 23:47:42.101	[34minfo[0m	/Users/huangyi/GolandProjects/stock-exchange/server/initialize/websocket.go:54	Attempting to subscribe to 3 symbols
[server]2024-11-18 23:47:42.101	[34minfo[0m	/Users/huangyi/GolandProjects/stock-exchange/server/initialize/websocket.go:61	Successfully subscribed to symbol: GME
[server]2024-11-18 23:47:42.101	[34minfo[0m	/Users/huangyi/GolandProjects/stock-exchange/server/initialize/websocket.go:61	Successfully subscribed to symbol: TSLA
[server]2024-11-18 23:47:42.102	[34minfo[0m	/Users/huangyi/GolandProjects/stock-exchange/server/initialize/websocket.go:61	Successfully subscribed to symbol: AAPL
[server]2024-11-18 23:47:42.102	[34minfo[0m	/Users/huangyi/GolandProjects/stock-exchange/server/initialize/websocket.go:73	Starting websocket data handler...
[server]2024-11-18 23:48:21.347	[34minfo[0m	/Users/huangyi/GolandProjects/stock-exchange/server/initialize/redis.go:35	redis connect ping response:	{"name": "", "pong": "PONG"}
[server]2024-11-18 23:48:21.357	[34minfo[0m	/Users/huangyi/GolandProjects/stock-exchange/server/initialize/redis.go:35	redis connect ping response:	{"name": "cache", "pong": "PONG"}
[server]2024-11-18 23:48:21.433	[34minfo[0m	/Users/huangyi/GolandProjects/stock-exchange/server/initialize/router.go:60	register swagger handler
[server]2024-11-18 23:48:23.193	[34minfo[0m	/Users/huangyi/GolandProjects/stock-exchange/server/initialize/router.go:109	router register success
[server]2024-11-18 23:48:23.193	[34minfo[0m	/Users/huangyi/GolandProjects/stock-exchange/server/core/server.go:38	server run success on 	{"address": ":8888"}
