[server]2024-11-26 02:03:44.689	error	/Users/huangyi/GolandProjects/stock-exchange/server/service/system/sys_casbin.go:192	适配数据库失败请检查casbin表是否为InnoDB引擎!	{"error": "invalid connection"}
[server]2024-11-26 02:06:26.953	error	/Users/huangyi/GolandProjects/stock-exchange/server/core/server.go:54	accept tcp [::]:8888: use of closed network connection
[server]2024-11-26 02:08:45.199	error	/Users/huangyi/GolandProjects/stock-exchange/server/task/symbolsKline.go:131	请求K线数据失败	{"error": "Get \"https://api.polygon.io/v2/aggs/ticker/GME,TSLA,AAPL/range/1/week/1729879724637/1732558124637?apiKey=9r03QW42EDKNVxcK2DEQYw2Sp7OVbAHy&limit=50000\": unexpected EOF"}
[server]2024-11-26 02:08:51.917	error	/Users/huangyi/GolandProjects/stock-exchange/server/api/v1/system/sys_auto_code.go:71	查询table失败!	{"error": "invalid connection"}
[server]2024-11-26 02:13:14.887	error	/Users/huangyi/GolandProjects/stock-exchange/server/core/server.go:54	accept tcp [::]:8888: use of closed network connection
[server]2024-11-26 23:14:24.054	error	/Users/huangyi/GolandProjects/stock-exchange/server/core/server.go:54	accept tcp [::]:8888: use of closed network connection
[server]2024-11-26 23:21:51.271	error	/Users/huangyi/GolandProjects/stock-exchange/server/task/symbolsKline.go:45	获取symbols失败	{"error": "invalid connection"}
[server]2024-11-26 23:21:51.273	error	/Users/huangyi/GolandProjects/stock-exchange/server/initialize/timer.go:91	更新K线数据失败	{"error": "invalid connection"}
[server]2024-11-26 23:26:51.237	error	/Users/huangyi/GolandProjects/stock-exchange/server/task/symbolsKline.go:45	获取symbols失败	{"error": "invalid connection"}
[server]2024-11-26 23:26:51.238	error	/Users/huangyi/GolandProjects/stock-exchange/server/initialize/timer.go:91	更新K线数据失败	{"error": "invalid connection"}
[server]2024-11-26 23:31:51.292	error	/Users/huangyi/GolandProjects/stock-exchange/server/task/symbolsKline.go:45	获取symbols失败	{"error": "invalid connection"}
[server]2024-11-26 23:31:51.292	error	/Users/huangyi/GolandProjects/stock-exchange/server/initialize/timer.go:91	更新K线数据失败	{"error": "invalid connection"}
[server]2024-11-26 23:36:51.240	error	/Users/huangyi/GolandProjects/stock-exchange/server/task/symbolsKline.go:45	获取symbols失败	{"error": "invalid connection"}
[server]2024-11-26 23:36:51.241	error	/Users/huangyi/GolandProjects/stock-exchange/server/initialize/timer.go:91	更新K线数据失败	{"error": "invalid connection"}
[server]2024-11-26 23:41:51.251	error	/Users/huangyi/GolandProjects/stock-exchange/server/task/symbolsKline.go:45	获取symbols失败	{"error": "invalid connection"}
[server]2024-11-26 23:41:51.252	error	/Users/huangyi/GolandProjects/stock-exchange/server/initialize/timer.go:91	更新K线数据失败	{"error": "invalid connection"}
[server]2024-11-26 23:46:51.259	error	/Users/huangyi/GolandProjects/stock-exchange/server/task/symbolsKline.go:45	获取symbols失败	{"error": "invalid connection"}
[server]2024-11-26 23:46:51.262	error	/Users/huangyi/GolandProjects/stock-exchange/server/initialize/timer.go:91	更新K线数据失败	{"error": "invalid connection"}
[server]2024-11-26 23:51:51.230	error	/Users/huangyi/GolandProjects/stock-exchange/server/task/symbolsKline.go:45	获取symbols失败	{"error": "invalid connection"}
[server]2024-11-26 23:51:51.231	error	/Users/huangyi/GolandProjects/stock-exchange/server/initialize/timer.go:91	更新K线数据失败	{"error": "invalid connection"}
[server]2024-11-26 23:56:51.240	error	/Users/huangyi/GolandProjects/stock-exchange/server/task/symbolsKline.go:45	获取symbols失败	{"error": "invalid connection"}
[server]2024-11-26 23:56:51.242	error	/Users/huangyi/GolandProjects/stock-exchange/server/initialize/timer.go:91	更新K线数据失败	{"error": "invalid connection"}
