[server]2024-11-26 02:00:23.061	info	/Users/huangyi/GolandProjects/stock-exchange/server/initialize/redis.go:35	redis connect ping response:	{"name": "", "pong": "PONG"}
[server]2024-11-26 02:00:23.069	info	/Users/huangyi/GolandProjects/stock-exchange/server/initialize/redis.go:35	redis connect ping response:	{"name": "cache", "pong": "PONG"}
[server]2024-11-26 02:00:23.420	info	/Users/huangyi/GolandProjects/stock-exchange/server/initialize/router.go:60	register swagger handler
[server]2024-11-26 02:00:32.649	info	/Users/huangyi/GolandProjects/stock-exchange/server/initialize/router.go:109	router register success
[server]2024-11-26 02:00:32.649	info	/Users/huangyi/GolandProjects/stock-exchange/server/core/server.go:38	server run success on 	{"address": ":8888"}
[server]2024-11-26 02:00:44.861	info	/Users/huangyi/GolandProjects/stock-exchange/server/main.go:53	Starting WebSocket initialization...
[server]2024-11-26 02:00:45.246	info	/Users/huangyi/GolandProjects/stock-exchange/server/initialize/websocket.go:94	WebSocket initialization completed
[server]2024-11-26 02:01:38.192	info	/Users/huangyi/GolandProjects/stock-exchange/server/task/symbolsKline.go:213	完成K线数据更新	{"batch": 0, "start": 0, "end": 7, "total_symbols": 7}
[server]2024-11-26 02:02:38.166	info	/Users/huangyi/GolandProjects/stock-exchange/server/task/symbolsKline.go:213	完成K线数据更新	{"batch": 0, "start": 0, "end": 7, "total_symbols": 7}
[server]2024-11-26 02:03:38.211	info	/Users/huangyi/GolandProjects/stock-exchange/server/task/symbolsKline.go:213	完成K线数据更新	{"batch": 0, "start": 0, "end": 7, "total_symbols": 7}
[server]2024-11-26 02:04:39.856	info	/Users/huangyi/GolandProjects/stock-exchange/server/task/symbolsKline.go:213	完成K线数据更新	{"batch": 0, "start": 0, "end": 7, "total_symbols": 7}
[server]2024-11-26 02:05:38.154	info	/Users/huangyi/GolandProjects/stock-exchange/server/task/symbolsKline.go:213	完成K线数据更新	{"batch": 0, "start": 0, "end": 7, "total_symbols": 7}
[server]2024-11-26 02:06:45.362	info	/Users/huangyi/GolandProjects/stock-exchange/server/initialize/redis.go:35	redis connect ping response:	{"name": "", "pong": "PONG"}
[server]2024-11-26 02:06:45.372	info	/Users/huangyi/GolandProjects/stock-exchange/server/initialize/redis.go:35	redis connect ping response:	{"name": "cache", "pong": "PONG"}
[server]2024-11-26 02:06:45.775	info	/Users/huangyi/GolandProjects/stock-exchange/server/initialize/router.go:60	register swagger handler
[server]2024-11-26 02:06:55.022	info	/Users/huangyi/GolandProjects/stock-exchange/server/initialize/router.go:109	router register success
[server]2024-11-26 02:06:55.022	info	/Users/huangyi/GolandProjects/stock-exchange/server/core/server.go:38	server run success on 	{"address": ":8888"}
[server]2024-11-26 02:07:06.656	info	/Users/huangyi/GolandProjects/stock-exchange/server/main.go:53	Starting WebSocket initialization...
[server]2024-11-26 02:07:07.009	info	/Users/huangyi/GolandProjects/stock-exchange/server/initialize/websocket.go:94	WebSocket initialization completed
[server]2024-11-26 02:08:00.317	info	/Users/huangyi/GolandProjects/stock-exchange/server/task/symbolsKline.go:213	完成K线数据更新	{"batch": 0, "start": 0, "end": 7, "total_symbols": 7}
[server]2024-11-26 02:09:03.575	info	/Users/huangyi/GolandProjects/stock-exchange/server/task/symbolsKline.go:213	完成K线数据更新	{"batch": 0, "start": 0, "end": 7, "total_symbols": 7}
[server]2024-11-26 02:10:01.762	info	/Users/huangyi/GolandProjects/stock-exchange/server/task/symbolsKline.go:213	完成K线数据更新	{"batch": 0, "start": 0, "end": 7, "total_symbols": 7}
[server]2024-11-26 02:11:01.081	info	/Users/huangyi/GolandProjects/stock-exchange/server/task/symbolsKline.go:213	完成K线数据更新	{"batch": 0, "start": 0, "end": 7, "total_symbols": 7}
[server]2024-11-26 02:12:00.558	info	/Users/huangyi/GolandProjects/stock-exchange/server/task/symbolsKline.go:213	完成K线数据更新	{"batch": 0, "start": 0, "end": 7, "total_symbols": 7}
[server]2024-11-26 02:13:00.350	info	/Users/huangyi/GolandProjects/stock-exchange/server/task/symbolsKline.go:213	完成K线数据更新	{"batch": 0, "start": 0, "end": 7, "total_symbols": 7}
[server]2024-11-26 23:14:11.065	info	/Users/huangyi/GolandProjects/stock-exchange/server/initialize/redis.go:35	redis connect ping response:	{"name": "", "pong": "PONG"}
[server]2024-11-26 23:14:11.075	info	/Users/huangyi/GolandProjects/stock-exchange/server/initialize/redis.go:35	redis connect ping response:	{"name": "cache", "pong": "PONG"}
[server]2024-11-26 23:14:11.318	info	/Users/huangyi/GolandProjects/stock-exchange/server/initialize/router.go:60	register swagger handler
[server]2024-11-26 23:14:21.007	info	/Users/huangyi/GolandProjects/stock-exchange/server/initialize/router.go:109	router register success
[server]2024-11-26 23:14:21.007	info	/Users/huangyi/GolandProjects/stock-exchange/server/core/server.go:38	server run success on 	{"address": ":8888"}
[server]2024-11-26 23:18:56.625	info	/Users/huangyi/GolandProjects/stock-exchange/server/initialize/redis.go:35	redis connect ping response:	{"name": "", "pong": "PONG"}
[server]2024-11-26 23:18:56.640	info	/Users/huangyi/GolandProjects/stock-exchange/server/initialize/redis.go:35	redis connect ping response:	{"name": "cache", "pong": "PONG"}
[server]2024-11-26 23:18:56.886	info	/Users/huangyi/GolandProjects/stock-exchange/server/initialize/router.go:60	register swagger handler
[server]2024-11-26 23:19:08.598	info	/Users/huangyi/GolandProjects/stock-exchange/server/initialize/router.go:109	router register success
[server]2024-11-26 23:19:08.598	info	/Users/huangyi/GolandProjects/stock-exchange/server/core/server.go:38	server run success on 	{"address": ":8888"}
[server]2024-11-26 23:19:14.783	info	/Users/huangyi/GolandProjects/stock-exchange/server/main.go:53	Starting WebSocket initialization...
[server]2024-11-26 23:19:15.195	info	/Users/huangyi/GolandProjects/stock-exchange/server/initialize/websocket.go:94	WebSocket initialization completed
[server]2024-11-26 23:20:08.353	info	/Users/huangyi/GolandProjects/stock-exchange/server/task/symbolsKline.go:213	完成K线数据更新	{"batch": 0, "start": 0, "end": 7, "total_symbols": 7}
[server]2024-11-26 23:21:08.720	info	/Users/huangyi/GolandProjects/stock-exchange/server/task/symbolsKline.go:213	完成K线数据更新	{"batch": 0, "start": 0, "end": 7, "total_symbols": 7}
[server]2024-11-26 23:23:10.113	info	/Users/huangyi/GolandProjects/stock-exchange/server/task/symbolsKline.go:213	完成K线数据更新	{"batch": 0, "start": 0, "end": 7, "total_symbols": 7}
[server]2024-11-26 23:24:08.100	info	/Users/huangyi/GolandProjects/stock-exchange/server/task/symbolsKline.go:213	完成K线数据更新	{"batch": 0, "start": 0, "end": 7, "total_symbols": 7}
[server]2024-11-26 23:25:09.412	info	/Users/huangyi/GolandProjects/stock-exchange/server/task/symbolsKline.go:213	完成K线数据更新	{"batch": 0, "start": 0, "end": 7, "total_symbols": 7}
[server]2024-11-26 23:26:08.702	info	/Users/huangyi/GolandProjects/stock-exchange/server/task/symbolsKline.go:213	完成K线数据更新	{"batch": 0, "start": 0, "end": 7, "total_symbols": 7}
[server]2024-11-26 23:28:11.599	info	/Users/huangyi/GolandProjects/stock-exchange/server/task/symbolsKline.go:213	完成K线数据更新	{"batch": 0, "start": 0, "end": 7, "total_symbols": 7}
[server]2024-11-26 23:29:08.624	info	/Users/huangyi/GolandProjects/stock-exchange/server/task/symbolsKline.go:213	完成K线数据更新	{"batch": 0, "start": 0, "end": 7, "total_symbols": 7}
[server]2024-11-26 23:30:09.430	info	/Users/huangyi/GolandProjects/stock-exchange/server/task/symbolsKline.go:213	完成K线数据更新	{"batch": 0, "start": 0, "end": 7, "total_symbols": 7}
[server]2024-11-26 23:31:09.952	info	/Users/huangyi/GolandProjects/stock-exchange/server/task/symbolsKline.go:213	完成K线数据更新	{"batch": 0, "start": 0, "end": 7, "total_symbols": 7}
[server]2024-11-26 23:33:10.464	info	/Users/huangyi/GolandProjects/stock-exchange/server/task/symbolsKline.go:213	完成K线数据更新	{"batch": 0, "start": 0, "end": 7, "total_symbols": 7}
[server]2024-11-26 23:34:09.048	info	/Users/huangyi/GolandProjects/stock-exchange/server/task/symbolsKline.go:213	完成K线数据更新	{"batch": 0, "start": 0, "end": 7, "total_symbols": 7}
[server]2024-11-26 23:35:08.544	info	/Users/huangyi/GolandProjects/stock-exchange/server/task/symbolsKline.go:213	完成K线数据更新	{"batch": 0, "start": 0, "end": 7, "total_symbols": 7}
[server]2024-11-26 23:36:08.409	info	/Users/huangyi/GolandProjects/stock-exchange/server/task/symbolsKline.go:213	完成K线数据更新	{"batch": 0, "start": 0, "end": 7, "total_symbols": 7}
[server]2024-11-26 23:38:10.741	info	/Users/huangyi/GolandProjects/stock-exchange/server/task/symbolsKline.go:213	完成K线数据更新	{"batch": 0, "start": 0, "end": 7, "total_symbols": 7}
[server]2024-11-26 23:39:09.183	info	/Users/huangyi/GolandProjects/stock-exchange/server/task/symbolsKline.go:213	完成K线数据更新	{"batch": 0, "start": 0, "end": 7, "total_symbols": 7}
[server]2024-11-26 23:40:09.135	info	/Users/huangyi/GolandProjects/stock-exchange/server/task/symbolsKline.go:213	完成K线数据更新	{"batch": 0, "start": 0, "end": 7, "total_symbols": 7}
[server]2024-11-26 23:41:09.384	info	/Users/huangyi/GolandProjects/stock-exchange/server/task/symbolsKline.go:213	完成K线数据更新	{"batch": 0, "start": 0, "end": 7, "total_symbols": 7}
[server]2024-11-26 23:43:10.957	info	/Users/huangyi/GolandProjects/stock-exchange/server/task/symbolsKline.go:213	完成K线数据更新	{"batch": 0, "start": 0, "end": 7, "total_symbols": 7}
[server]2024-11-26 23:44:09.185	info	/Users/huangyi/GolandProjects/stock-exchange/server/task/symbolsKline.go:213	完成K线数据更新	{"batch": 0, "start": 0, "end": 7, "total_symbols": 7}
[server]2024-11-26 23:45:08.097	info	/Users/huangyi/GolandProjects/stock-exchange/server/task/symbolsKline.go:213	完成K线数据更新	{"batch": 0, "start": 0, "end": 7, "total_symbols": 7}
[server]2024-11-26 23:46:08.468	info	/Users/huangyi/GolandProjects/stock-exchange/server/task/symbolsKline.go:213	完成K线数据更新	{"batch": 0, "start": 0, "end": 7, "total_symbols": 7}
[server]2024-11-26 23:48:10.672	info	/Users/huangyi/GolandProjects/stock-exchange/server/task/symbolsKline.go:213	完成K线数据更新	{"batch": 0, "start": 0, "end": 7, "total_symbols": 7}
[server]2024-11-26 23:49:09.462	info	/Users/huangyi/GolandProjects/stock-exchange/server/task/symbolsKline.go:213	完成K线数据更新	{"batch": 0, "start": 0, "end": 7, "total_symbols": 7}
[server]2024-11-26 23:50:08.587	info	/Users/huangyi/GolandProjects/stock-exchange/server/task/symbolsKline.go:213	完成K线数据更新	{"batch": 0, "start": 0, "end": 7, "total_symbols": 7}
[server]2024-11-26 23:51:08.373	info	/Users/huangyi/GolandProjects/stock-exchange/server/task/symbolsKline.go:213	完成K线数据更新	{"batch": 0, "start": 0, "end": 7, "total_symbols": 7}
[server]2024-11-26 23:53:09.831	info	/Users/huangyi/GolandProjects/stock-exchange/server/task/symbolsKline.go:213	完成K线数据更新	{"batch": 0, "start": 0, "end": 7, "total_symbols": 7}
[server]2024-11-26 23:54:09.028	info	/Users/huangyi/GolandProjects/stock-exchange/server/task/symbolsKline.go:213	完成K线数据更新	{"batch": 0, "start": 0, "end": 7, "total_symbols": 7}
[server]2024-11-26 23:55:08.294	info	/Users/huangyi/GolandProjects/stock-exchange/server/task/symbolsKline.go:213	完成K线数据更新	{"batch": 0, "start": 0, "end": 7, "total_symbols": 7}
[server]2024-11-26 23:56:09.019	info	/Users/huangyi/GolandProjects/stock-exchange/server/task/symbolsKline.go:213	完成K线数据更新	{"batch": 0, "start": 0, "end": 7, "total_symbols": 7}
[server]2024-11-26 23:58:10.495	info	/Users/huangyi/GolandProjects/stock-exchange/server/task/symbolsKline.go:213	完成K线数据更新	{"batch": 0, "start": 0, "end": 7, "total_symbols": 7}
[server]2024-11-26 23:59:08.311	info	/Users/huangyi/GolandProjects/stock-exchange/server/task/symbolsKline.go:213	完成K线数据更新	{"batch": 0, "start": 0, "end": 7, "total_symbols": 7}
