[server]2025-01-03 00:01:23.045	error	/Users/huangyi/GolandProjects/stock-exchange/server/task/symbolsKlineHistory.go:140	解析K线数据失败	{"error": "http2: server sent GOAWAY and closed the connection; LastStreamID=199, ErrCode=NO_ERROR, debug=\"\""}
[server]2025-01-03 00:01:23.582	error	/Users/huangyi/GolandProjects/stock-exchange/server/task/earn.go:89	batch save daily income err	{"error": "Error 1062 (23000): Duplicate entry '1-1735689600000' for key 'earn_daily_income_money_log.subcribe_offered_idx'", "period": "[server]2025-01-01 08:00:00.000"}
[server]2025-01-03 00:01:24.044	error	/Users/huangyi/GolandProjects/stock-exchange/server/initialize/timer.go:174	generate DoEarnProductDailyIncome err	{"error": "Error 1062 (23000): Duplicate entry '1-1735689600000' for key 'earn_daily_income_money_log.subcribe_offered_idx'"}
[server]2025-01-03 00:05:26.302	error	/Users/huangyi/GolandProjects/stock-exchange/server/task/symbolsKlineHistory.go:140	解析K线数据失败	{"error": "http2: server sent GOAWAY and closed the connection; LastStreamID=199, ErrCode=NO_ERROR, debug=\"\""}
[server]2025-01-03 00:05:47.118	error	/Users/huangyi/GolandProjects/stock-exchange/server/task/symbolsKlineHistory.go:140	解析K线数据失败	{"error": "http2: server sent GOAWAY and closed the connection; LastStreamID=199, ErrCode=NO_ERROR, debug=\"\""}
[server]2025-01-03 00:05:58.810	error	/Users/huangyi/GolandProjects/stock-exchange/server/task/earn.go:89	batch save daily income err	{"error": "Error 1062 (23000): Duplicate entry '1-1735689600000' for key 'earn_daily_income_money_log.subcribe_offered_idx'", "period": "[server]2025-01-01 08:00:00.000"}
[server]2025-01-03 00:05:59.638	error	/Users/huangyi/GolandProjects/stock-exchange/server/initialize/timer.go:174	generate DoEarnProductDailyIncome err	{"error": "Error 1062 (23000): Duplicate entry '1-1735689600000' for key 'earn_daily_income_money_log.subcribe_offered_idx'"}
[server]2025-01-03 00:06:44.053	error	/Users/huangyi/GolandProjects/stock-exchange/server/task/symbolsKlineHistory.go:140	解析K线数据失败	{"error": "http2: server sent GOAWAY and closed the connection; LastStreamID=199, ErrCode=NO_ERROR, debug=\"\""}
[server]2025-01-03 00:10:55.805	error	/Users/huangyi/GolandProjects/stock-exchange/server/task/earn.go:89	batch save daily income err	{"error": "Error 1062 (23000): Duplicate entry '1-1735689600000' for key 'earn_daily_income_money_log.subcribe_offered_idx'", "period": "[server]2025-01-01 08:00:00.000"}
[server]2025-01-03 00:10:56.615	error	/Users/huangyi/GolandProjects/stock-exchange/server/initialize/timer.go:174	generate DoEarnProductDailyIncome err	{"error": "Error 1062 (23000): Duplicate entry '1-1735689600000' for key 'earn_daily_income_money_log.subcribe_offered_idx'"}
[server]2025-01-03 00:11:11.807	error	/Users/huangyi/GolandProjects/stock-exchange/server/task/symbolsKlineHistory.go:140	解析K线数据失败	{"error": "http2: server sent GOAWAY and closed the connection; LastStreamID=199, ErrCode=NO_ERROR, debug=\"\""}
[server]2025-01-03 00:12:28.005	error	/Users/huangyi/GolandProjects/stock-exchange/server/task/symbolsKlineHistory.go:140	解析K线数据失败	{"error": "http2: server sent GOAWAY and closed the connection; LastStreamID=199, ErrCode=NO_ERROR, debug=\"\""}
[server]2025-01-03 00:13:59.863	error	/Users/huangyi/GolandProjects/stock-exchange/server/task/symbolsKlineHistory.go:140	解析K线数据失败	{"error": "http2: server sent GOAWAY and closed the connection; LastStreamID=199, ErrCode=NO_ERROR, debug=\"\""}
[server]2025-01-03 00:14:46.484	error	/Users/huangyi/GolandProjects/stock-exchange/server/task/symbolsKlineHistory.go:140	解析K线数据失败	{"error": "http2: server sent GOAWAY and closed the connection; LastStreamID=199, ErrCode=NO_ERROR, debug=\"\""}
[server]2025-01-03 00:15:49.144	error	/Users/huangyi/GolandProjects/stock-exchange/server/task/earn.go:89	batch save daily income err	{"error": "Error 1062 (23000): Duplicate entry '1-1735689600000' for key 'earn_daily_income_money_log.subcribe_offered_idx'", "period": "[server]2025-01-01 08:00:00.000"}
[server]2025-01-03 00:15:49.288	error	/Users/huangyi/GolandProjects/stock-exchange/server/initialize/timer.go:174	generate DoEarnProductDailyIncome err	{"error": "Error 1062 (23000): Duplicate entry '1-1735689600000' for key 'earn_daily_income_money_log.subcribe_offered_idx'"}
[server]2025-01-03 00:15:56.291	error	/Users/huangyi/GolandProjects/stock-exchange/server/task/symbolsKlineLast.go:132	请求K线数据失败	{"symbol": "TSM", "interval": "1M", "error": "Get \"https://api.polygon.io/v2/aggs/ticker/TSM/range/1/month/1704212060188/1735834460188?apiKey=t4J5sbVe4pJqhuM4N9k8TyMtdrVM5OnZ&sort=desc\": http2: timeout awaiting response headers"}
[server]2025-01-03 00:17:09.002	error	/Users/huangyi/GolandProjects/stock-exchange/server/task/symbolsKlineLast.go:132	请求K线数据失败	{"symbol": "BTC/USD", "interval": "1m", "error": "Get \"https://api.polygon.io/v2/aggs/ticker/X:BTCUSD/range/1/minute/1735488956291/1735834556291?apiKey=t4J5sbVe4pJqhuM4N9k8TyMtdrVM5OnZ&sort=desc\": read tcp 192.168.0.100:54751->198.44.194.68:443: read: operation timed out"}
[server]2025-01-03 00:19:00.782	error	/Users/huangyi/GolandProjects/stock-exchange/server/task/symbolsKlineLast.go:28	获取symbols失败	{"error": "invalid connection"}
[server]2025-01-03 00:19:00.783	error	/Users/huangyi/GolandProjects/stock-exchange/server/initialize/timer.go:122	更新K线数据失败	{"error": "invalid connection"}
[server]2025-01-03 00:20:52.943	error	/Users/huangyi/GolandProjects/stock-exchange/server/task/earn.go:89	batch save daily income err	{"error": "Error 1062 (23000): Duplicate entry '1-1735689600000' for key 'earn_daily_income_money_log.subcribe_offered_idx'", "period": "[server]2025-01-01 08:00:00.000"}
[server]2025-01-03 00:20:53.159	error	/Users/huangyi/GolandProjects/stock-exchange/server/initialize/timer.go:174	generate DoEarnProductDailyIncome err	{"error": "Error 1062 (23000): Duplicate entry '1-1735689600000' for key 'earn_daily_income_money_log.subcribe_offered_idx'"}
[server]2025-01-03 00:21:00.640	error	/Users/huangyi/GolandProjects/stock-exchange/server/task/symbolsKlineHistory.go:140	解析K线数据失败	{"error": "http2: server sent GOAWAY and closed the connection; LastStreamID=199, ErrCode=NO_ERROR, debug=\"\""}
[server]2025-01-03 00:23:04.195	error	/Users/huangyi/GolandProjects/stock-exchange/server/task/symbolsKlineHistory.go:140	解析K线数据失败	{"error": "http2: server sent GOAWAY and closed the connection; LastStreamID=199, ErrCode=NO_ERROR, debug=\"\""}
[server]2025-01-03 00:24:13.870	error	/Users/huangyi/GolandProjects/stock-exchange/server/task/symbolsKlineHistory.go:140	解析K线数据失败	{"error": "http2: server sent GOAWAY and closed the connection; LastStreamID=199, ErrCode=NO_ERROR, debug=\"\""}
[server]2025-01-03 00:25:45.267	error	/Users/huangyi/GolandProjects/stock-exchange/server/task/earn.go:89	batch save daily income err	{"error": "Error 1062 (23000): Duplicate entry '1-1735689600000' for key 'earn_daily_income_money_log.subcribe_offered_idx'", "period": "[server]2025-01-01 08:00:00.000"}
[server]2025-01-03 00:25:45.476	error	/Users/huangyi/GolandProjects/stock-exchange/server/initialize/timer.go:174	generate DoEarnProductDailyIncome err	{"error": "Error 1062 (23000): Duplicate entry '1-1735689600000' for key 'earn_daily_income_money_log.subcribe_offered_idx'"}
[server]2025-01-03 00:26:55.058	error	/Users/huangyi/GolandProjects/stock-exchange/server/task/symbolsKlineHistory.go:140	解析K线数据失败	{"error": "http2: server sent GOAWAY and closed the connection; LastStreamID=199, ErrCode=NO_ERROR, debug=\"\""}
[server]2025-01-03 00:30:45.040	error	/Users/huangyi/GolandProjects/stock-exchange/server/task/earn.go:89	batch save daily income err	{"error": "Error 1062 (23000): Duplicate entry '1-1735689600000' for key 'earn_daily_income_money_log.subcribe_offered_idx'", "period": "[server]2025-01-01 08:00:00.000"}
[server]2025-01-03 00:30:45.245	error	/Users/huangyi/GolandProjects/stock-exchange/server/initialize/timer.go:174	generate DoEarnProductDailyIncome err	{"error": "Error 1062 (23000): Duplicate entry '1-1735689600000' for key 'earn_daily_income_money_log.subcribe_offered_idx'"}
[server]2025-01-03 00:32:14.565	error	/Users/huangyi/GolandProjects/stock-exchange/server/task/symbolsKlineHistory.go:140	解析K线数据失败	{"error": "http2: server sent GOAWAY and closed the connection; LastStreamID=199, ErrCode=NO_ERROR, debug=\"\""}
[server]2025-01-03 00:32:43.614	error	/Users/huangyi/GolandProjects/stock-exchange/server/core/server.go:54	accept tcp [::]:8888: use of closed network connection
[server]2025-01-03 01:18:41.008	error	/Users/huangyi/GolandProjects/stock-exchange/server/task/symbolsKlineLast.go:28	获取symbols失败	{"error": "bad connection"}
[server]2025-01-03 01:18:41.009	error	/Users/huangyi/GolandProjects/stock-exchange/server/initialize/timer.go:122	更新K线数据失败	{"error": "bad connection"}
[server]2025-01-03 01:21:20.361	error	/Users/huangyi/GolandProjects/stock-exchange/server/task/symbolsKlineLast.go:28	获取symbols失败	{"error": "bad connection"}
[server]2025-01-03 01:21:20.362	error	/Users/huangyi/GolandProjects/stock-exchange/server/initialize/timer.go:122	更新K线数据失败	{"error": "bad connection"}
[server]2025-01-03 01:22:31.775	error	/Users/huangyi/GolandProjects/stock-exchange/server/task/earn.go:89	batch save daily income err	{"error": "Error 1062 (23000): Duplicate entry '1-1735689600000' for key 'earn_daily_income_money_log.subcribe_offered_idx'", "period": "[server]2025-01-01 08:00:00.000"}
[server]2025-01-03 01:22:31.903	error	/Users/huangyi/GolandProjects/stock-exchange/server/initialize/timer.go:174	generate DoEarnProductDailyIncome err	{"error": "Error 1062 (23000): Duplicate entry '1-1735689600000' for key 'earn_daily_income_money_log.subcribe_offered_idx'"}
[server]2025-01-03 01:24:25.080	error	/Users/huangyi/GolandProjects/stock-exchange/server/utils/tg.go:40	【tg发送群消息功能出错】：Get "https://api.telegram.org/bot6675246750:AAH1HXR1NFhbFAcbIEpf3SHPo8ITZaXh8ec/sendMessage?chat_id=-4623572992&text=%E3%80%90%E6%9C%8D%E5%8A%A1%E5%90%AF%E5%8A%A8%E3%80%91%0A%5B%E6%9C%8D%E5%8A%A1%E7%B1%BB%E5%9E%8B%5D%EF%BC%9A%E5%AE%9A%E6%97%B6%E4%BB%BB%E5%8A%A1+%7C+%E6%95%B0%E6%8D%AE%E6%8E%A5%E5%8F%A3%0A%5B%E8%8A%82%E7%82%B9%E4%BF%A1%E6%81%AF%5D%EF%BC%9A%E6%9C%AC%E5%9C%B0%E8%B0%83%E8%AF%95-%3E1.6.5%0A%5B%E5%8C%97%E4%BA%AC%E6%97%B6%E9%97%B4%5D%EF%BC%9A2025-01-03+01%3A24%3A15": context deadline exceeded (Client.Timeout exceeded while awaiting headers)
[server]2025-01-03 01:24:25.081	error	/Users/huangyi/GolandProjects/stock-exchange/server/utils/tg.go:41	【服务启动】
[服务类型]：定时任务 | 数据接口
[节点信息]：本地调试->1.6.5
[北京时间]：2025-01-03 01:24:15
[server]2025-01-03 01:25:34.725	error	/Users/huangyi/GolandProjects/stock-exchange/server/service/symbol/symbols.go:1994	WebSocket error received	{"error": "websocket: close 1000 (normal)"}
[server]2025-01-03 01:25:57.914	error	/Users/huangyi/GolandProjects/stock-exchange/server/core/server.go:54	accept tcp [::]:8888: use of closed network connection
[server]2025-01-03 01:55:53.409	error	/Users/huangyi/GolandProjects/stock-exchange/server/utils/tg.go:40	【tg发送群消息功能出错】：Get "https://api.telegram.org/bot6675246750:AAH1HXR1NFhbFAcbIEpf3SHPo8ITZaXh8ec/sendMessage?chat_id=-4623572992&text=%E3%80%90%E6%9C%8D%E5%8A%A1%E5%90%AF%E5%8A%A8%E3%80%91%0A%5B%E6%9C%8D%E5%8A%A1%E7%B1%BB%E5%9E%8B%5D%EF%BC%9A%E5%AE%9A%E6%97%B6%E4%BB%BB%E5%8A%A1+%7C+%E6%95%B0%E6%8D%AE%E6%8E%A5%E5%8F%A3%0A%5B%E8%8A%82%E7%82%B9%E4%BF%A1%E6%81%AF%5D%EF%BC%9A%E6%9C%AC%E5%9C%B0%E8%B0%83%E8%AF%95-%3E1.6.5%0A%5B%E5%8C%97%E4%BA%AC%E6%97%B6%E9%97%B4%5D%EF%BC%9A2025-01-03+01%3A55%3A43": context deadline exceeded (Client.Timeout exceeded while awaiting headers)
[server]2025-01-03 01:55:53.410	error	/Users/huangyi/GolandProjects/stock-exchange/server/utils/tg.go:41	【服务启动】
[服务类型]：定时任务 | 数据接口
[节点信息]：本地调试->1.6.5
[北京时间]：2025-01-03 01:55:43
[server]2025-01-03 01:56:54.841	error	/Users/huangyi/GolandProjects/stock-exchange/server/service/symbol/symbols.go:1994	WebSocket error received	{"error": "websocket: close 1000 (normal)"}
[server]2025-01-03 02:00:44.780	error	/Users/huangyi/GolandProjects/stock-exchange/server/task/earn.go:89	batch save daily income err	{"error": "Error 1062 (23000): Duplicate entry '1-1735689600000' for key 'earn_daily_income_money_log.subcribe_offered_idx'", "period": "[server]2025-01-01 08:00:00.000"}
[server]2025-01-03 02:00:45.236	error	/Users/huangyi/GolandProjects/stock-exchange/server/initialize/timer.go:174	generate DoEarnProductDailyIncome err	{"error": "Error 1062 (23000): Duplicate entry '1-1735689600000' for key 'earn_daily_income_money_log.subcribe_offered_idx'"}
[server]2025-01-03 02:01:25.362	error	/Users/huangyi/GolandProjects/stock-exchange/server/task/symbolsKlineLast.go:155	解析K线数据失败	{"error": "EOF"}
[server]2025-01-03 02:01:50.455	error	/Users/huangyi/GolandProjects/stock-exchange/server/task/symbolsKlineLast.go:155	解析K线数据失败	{"error": "EOF"}
[server]2025-01-03 02:01:57.441	error	/Users/huangyi/GolandProjects/stock-exchange/server/task/symbolsKlineLast.go:155	解析K线数据失败	{"error": "EOF"}
[server]2025-01-03 02:01:59.860	error	/Users/huangyi/GolandProjects/stock-exchange/server/task/symbolsKlineLast.go:155	解析K线数据失败	{"error": "EOF"}
[server]2025-01-03 02:01:59.930	error	/Users/huangyi/GolandProjects/stock-exchange/server/task/symbolsKlineLast.go:155	解析K线数据失败	{"error": "EOF"}
[server]2025-01-03 02:02:03.050	error	/Users/huangyi/GolandProjects/stock-exchange/server/task/symbolsKlineLast.go:155	解析K线数据失败	{"error": "EOF"}
[server]2025-01-03 02:02:07.659	error	/Users/huangyi/GolandProjects/stock-exchange/server/task/symbolsKlineLast.go:155	解析K线数据失败	{"error": "EOF"}
[server]2025-01-03 02:02:24.548	error	/Users/huangyi/GolandProjects/stock-exchange/server/task/symbolsKlineLast.go:155	解析K线数据失败	{"error": "EOF"}
[server]2025-01-03 02:02:24.885	error	/Users/huangyi/GolandProjects/stock-exchange/server/task/symbolsKlineLast.go:155	解析K线数据失败	{"error": "EOF"}
[server]2025-01-03 02:02:24.956	error	/Users/huangyi/GolandProjects/stock-exchange/server/task/symbolsKlineLast.go:155	解析K线数据失败	{"error": "EOF"}
[server]2025-01-03 02:02:24.983	error	/Users/huangyi/GolandProjects/stock-exchange/server/task/symbolsKlineHistory.go:140	解析K线数据失败	{"error": "http2: server sent GOAWAY and closed the connection; LastStreamID=199, ErrCode=NO_ERROR, debug=\"\""}
[server]2025-01-03 02:02:31.114	error	/Users/huangyi/GolandProjects/stock-exchange/server/task/symbolsKlineLast.go:155	解析K线数据失败	{"error": "EOF"}
[server]2025-01-03 02:03:01.935	error	/Users/huangyi/GolandProjects/stock-exchange/server/task/symbolsKlineLast.go:155	解析K线数据失败	{"error": "EOF"}
[server]2025-01-03 02:03:11.053	error	/Users/huangyi/GolandProjects/stock-exchange/server/task/symbolsKlineLast.go:155	解析K线数据失败	{"error": "EOF"}
[server]2025-01-03 02:03:11.557	error	/Users/huangyi/GolandProjects/stock-exchange/server/task/symbolsKlineLast.go:155	解析K线数据失败	{"error": "EOF"}
[server]2025-01-03 02:04:43.386	error	/Users/huangyi/GolandProjects/stock-exchange/server/task/symbolsKlineHistory.go:140	解析K线数据失败	{"error": "http2: server sent GOAWAY and closed the connection; LastStreamID=199, ErrCode=NO_ERROR, debug=\"\""}
[server]2025-01-03 02:05:19.661	error	/Users/huangyi/GolandProjects/stock-exchange/server/task/symbolsKlineLast.go:155	解析K线数据失败	{"error": "EOF"}
[server]2025-01-03 02:05:57.537	error	/Users/huangyi/GolandProjects/stock-exchange/server/task/earn.go:89	batch save daily income err	{"error": "Error 1062 (23000): Duplicate entry '1-1735689600000' for key 'earn_daily_income_money_log.subcribe_offered_idx'", "period": "[server]2025-01-01 08:00:00.000"}
[server]2025-01-03 02:05:58.048	error	/Users/huangyi/GolandProjects/stock-exchange/server/initialize/timer.go:174	generate DoEarnProductDailyIncome err	{"error": "Error 1062 (23000): Duplicate entry '1-1735689600000' for key 'earn_daily_income_money_log.subcribe_offered_idx'"}
[server]2025-01-03 02:06:28.599	error	/Users/huangyi/GolandProjects/stock-exchange/server/task/symbolsKlineHistory.go:140	解析K线数据失败	{"error": "http2: server sent GOAWAY and closed the connection; LastStreamID=199, ErrCode=NO_ERROR, debug=\"\""}
[server]2025-01-03 02:09:42.941	error	/Users/huangyi/GolandProjects/stock-exchange/server/task/symbolsKlineHistory.go:140	解析K线数据失败	{"error": "http2: server sent GOAWAY and closed the connection; LastStreamID=199, ErrCode=NO_ERROR, debug=\"\""}
[server]2025-01-03 02:10:42.506	error	/Users/huangyi/GolandProjects/stock-exchange/server/task/earn.go:89	batch save daily income err	{"error": "Error 1062 (23000): Duplicate entry '1-1735689600000' for key 'earn_daily_income_money_log.subcribe_offered_idx'", "period": "[server]2025-01-01 08:00:00.000"}
[server]2025-01-03 02:10:42.586	error	/Users/huangyi/GolandProjects/stock-exchange/server/initialize/timer.go:174	generate DoEarnProductDailyIncome err	{"error": "Error 1062 (23000): Duplicate entry '1-1735689600000' for key 'earn_daily_income_money_log.subcribe_offered_idx'"}
[server]2025-01-03 02:11:51.050	error	/Users/huangyi/GolandProjects/stock-exchange/server/task/symbolsKlineHistory.go:140	解析K线数据失败	{"error": "http2: server sent GOAWAY and closed the connection; LastStreamID=199, ErrCode=NO_ERROR, debug=\"\""}
[server]2025-01-03 02:12:49.852	error	/Users/huangyi/GolandProjects/stock-exchange/server/task/symbolsKlineHistory.go:140	解析K线数据失败	{"error": "http2: server sent GOAWAY and closed the connection; LastStreamID=199, ErrCode=NO_ERROR, debug=\"\""}
[server]2025-01-03 02:13:51.180	error	/Users/huangyi/GolandProjects/stock-exchange/server/task/symbolsKlineHistory.go:140	解析K线数据失败	{"error": "http2: server sent GOAWAY and closed the connection; LastStreamID=199, ErrCode=NO_ERROR, debug=\"\""}
[server]2025-01-03 02:15:02.851	error	/Users/huangyi/GolandProjects/stock-exchange/server/task/symbolsKlineHistory.go:140	解析K线数据失败	{"error": "http2: server sent GOAWAY and closed the connection; LastStreamID=199, ErrCode=NO_ERROR, debug=\"\""}
[server]2025-01-03 02:15:42.443	error	/Users/huangyi/GolandProjects/stock-exchange/server/task/earn.go:89	batch save daily income err	{"error": "Error 1062 (23000): Duplicate entry '1-1735689600000' for key 'earn_daily_income_money_log.subcribe_offered_idx'", "period": "[server]2025-01-01 08:00:00.000"}
[server]2025-01-03 02:15:42.536	error	/Users/huangyi/GolandProjects/stock-exchange/server/initialize/timer.go:174	generate DoEarnProductDailyIncome err	{"error": "Error 1062 (23000): Duplicate entry '1-1735689600000' for key 'earn_daily_income_money_log.subcribe_offered_idx'"}
[server]2025-01-03 02:17:03.033	error	/Users/huangyi/GolandProjects/stock-exchange/server/task/symbolsKlineHistory.go:140	解析K线数据失败	{"error": "http2: server sent GOAWAY and closed the connection; LastStreamID=199, ErrCode=NO_ERROR, debug=\"\""}
[server]2025-01-03 02:17:45.319	error	/Users/huangyi/GolandProjects/stock-exchange/server/task/symbolsKlineHistory.go:140	解析K线数据失败	{"error": "http2: server sent GOAWAY and closed the connection; LastStreamID=199, ErrCode=NO_ERROR, debug=\"\""}
[server]2025-01-03 02:18:24.431	error	/Users/huangyi/GolandProjects/stock-exchange/server/task/symbolsKlineHistory.go:140	解析K线数据失败	{"error": "http2: server sent GOAWAY and closed the connection; LastStreamID=199, ErrCode=NO_ERROR, debug=\"\""}
[server]2025-01-03 02:19:38.111	error	/Users/huangyi/GolandProjects/stock-exchange/server/task/symbolsKlineHistory.go:140	解析K线数据失败	{"error": "http2: server sent GOAWAY and closed the connection; LastStreamID=199, ErrCode=NO_ERROR, debug=\"\""}
[server]2025-01-03 02:20:42.849	error	/Users/huangyi/GolandProjects/stock-exchange/server/task/earn.go:89	batch save daily income err	{"error": "Error 1062 (23000): Duplicate entry '1-1735689600000' for key 'earn_daily_income_money_log.subcribe_offered_idx'", "period": "[server]2025-01-01 08:00:00.000"}
[server]2025-01-03 02:20:42.922	error	/Users/huangyi/GolandProjects/stock-exchange/server/initialize/timer.go:174	generate DoEarnProductDailyIncome err	{"error": "Error 1062 (23000): Duplicate entry '1-1735689600000' for key 'earn_daily_income_money_log.subcribe_offered_idx'"}
[server]2025-01-03 02:20:58.122	error	/Users/huangyi/GolandProjects/stock-exchange/server/task/symbolsKlineLast.go:155	解析K线数据失败	{"error": "unexpected EOF"}
[server]2025-01-03 02:21:03.176	error	/Users/huangyi/GolandProjects/stock-exchange/server/task/symbolsKlineHistory.go:140	解析K线数据失败	{"error": "http2: server sent GOAWAY and closed the connection; LastStreamID=199, ErrCode=NO_ERROR, debug=\"\""}
[server]2025-01-03 02:22:02.927	error	/Users/huangyi/GolandProjects/stock-exchange/server/task/symbolsKlineHistory.go:140	解析K线数据失败	{"error": "http2: server sent GOAWAY and closed the connection; LastStreamID=199, ErrCode=NO_ERROR, debug=\"\""}
[server]2025-01-03 02:22:09.277	error	/Users/huangyi/GolandProjects/stock-exchange/server/core/server.go:54	accept tcp [::]:8888: use of closed network connection
