[server]2024-12-28 01:40:51.594	info	/Users/huangyi/GolandProjects/stock-exchange/server/initialize/redis.go:35	redis connect ping response:	{"name": "", "pong": "PONG"}
[server]2024-12-28 01:40:53.767	info	/Users/huangyi/GolandProjects/stock-exchange/server/initialize/redis.go:35	redis connect ping response:	{"name": "cache", "pong": "PONG"}
[server]2024-12-28 01:40:55.387	info	/Users/huangyi/GolandProjects/stock-exchange/server/initialize/router.go:60	register swagger handler
[server]2024-12-28 01:41:17.126	info	/Users/huangyi/GolandProjects/stock-exchange/server/initialize/router.go:110	router register success
[server]2024-12-28 01:41:17.126	info	/Users/huangyi/GolandProjects/stock-exchange/server/core/server.go:38	server run success on 	{"address": ":8888"}
[server]2024-12-28 01:54:03.634	info	/Users/huangyi/GolandProjects/stock-exchange/server/service/symbol/symbols.go:748	Requesting details	{"url": "https://api.polygon.io/v3/reference/tickers/AMAT?apiKey=2CvL70RAtR78f1B81odD8g0vjDzIWEVl", "originalSymbol": "AMAT", "tickerForAPI": "AMAT"}
[server]2024-12-28 01:54:04.455	info	/Users/huangyi/GolandProjects/stock-exchange/server/service/symbol/symbols.go:771	Details Response	{"details": {"results":{"ticker":"AMAT","name":"Applied Materials Inc","market":"stocks","primary_exchange":"XNAS","type":"CS","active":true,"market_cap":136332861096.90001,"list_date":"1972-10-12","description":"Applied Materials Inc is the largest semiconductor wafer fabrication equipment, or WFE, manufacturer in the world. Applied Materials has a broad portfolio spanning nearly every corner of the WFE ecosystem. Specifically, Applied Materials holds a market share leadership position in deposition, which entails the layering of new materials on semiconductor wafers. It is more exposed to general-purpose logic chips made at integrated device manufacturers and foundries. It counts the largest chipmakers in the world as customers, including TSMC, Intel, and Samsung.","branding":{"icon_url":"https://api.polygon.io/v1/reference/company-branding/YXBwbGllZG1hdGVyaWFscy5jb20/images/2024-10-01_icon.jpeg"}},"status":"OK"}}
[server]2024-12-28 01:54:04.982	info	/Users/huangyi/GolandProjects/stock-exchange/server/service/symbol/symbols.go:872	newSymbol	{"info": {"id":null,"symbol":"AMAT","corporation":"Applied Materials Inc","industry":"","exchange":"XNAS","marketCap":136332861096,"listDate":"1972-10-12T00:00:00Z","description":"Applied Materials Inc is the largest semiconductor wafer fabrication equipment, or WFE, manufacturer in the world. Applied Materials has a broad portfolio spanning nearly every corner of the WFE ecosystem. Specifically, Applied Materials holds a market share leadership position in deposition, which entails the layering of new materials on semiconductor wafers. It is more exposed to general-purpose logic chips made at integrated device manufacturers and foundries. It counts the largest chipmakers in the world as customers, including TSMC, Intel, and Samsung.","sicDescription":"","currentPrice":167.55,"averageVolume":2392703,"changeRatio":0.11951000896326086,"peRatio":null,"createdAt":null,"updatedAt":null,"icon":"https://api.polygon.io/v1/reference/company-branding/YXBwbGllZG1hdGVyaWFscy5jb20/images/2024-10-01_icon.jpeg","type":0,"status":null,"ticketSize":null,"ticketNumSize":null,"sort":null}}
[server]2024-12-28 02:14:24.616	info	/Users/huangyi/GolandProjects/stock-exchange/server/initialize/redis.go:35	redis connect ping response:	{"name": "", "pong": "PONG"}
[server]2024-12-28 02:14:24.951	info	/Users/huangyi/GolandProjects/stock-exchange/server/initialize/redis.go:35	redis connect ping response:	{"name": "cache", "pong": "PONG"}
[server]2024-12-28 02:14:25.140	info	/Users/huangyi/GolandProjects/stock-exchange/server/initialize/router.go:60	register swagger handler
[server]2024-12-28 02:14:27.652	info	/Users/huangyi/GolandProjects/stock-exchange/server/initialize/router.go:110	router register success
[server]2024-12-28 02:14:27.652	info	/Users/huangyi/GolandProjects/stock-exchange/server/core/server.go:38	server run success on 	{"address": ":8888"}
[server]2024-12-28 02:16:10.997	info	/Users/huangyi/GolandProjects/stock-exchange/server/service/symbol/symbols.go:748	Requesting details	{"url": "https://api.polygon.io/v3/reference/tickers/AMAT?apiKey=2CvL70RAtR78f1B81odD8g0vjDzIWEVl", "originalSymbol": "AMAT", "tickerForAPI": "AMAT"}
[server]2024-12-28 02:16:11.633	info	/Users/huangyi/GolandProjects/stock-exchange/server/service/symbol/symbols.go:771	Details Response	{"details": {"results":{"ticker":"AMAT","name":"Applied Materials Inc","market":"stocks","primary_exchange":"XNAS","type":"CS","active":true,"market_cap":136332861096.90001,"list_date":"1972-10-12","description":"Applied Materials Inc is the largest semiconductor wafer fabrication equipment, or WFE, manufacturer in the world. Applied Materials has a broad portfolio spanning nearly every corner of the WFE ecosystem. Specifically, Applied Materials holds a market share leadership position in deposition, which entails the layering of new materials on semiconductor wafers. It is more exposed to general-purpose logic chips made at integrated device manufacturers and foundries. It counts the largest chipmakers in the world as customers, including TSMC, Intel, and Samsung.","sic_description":"SEMICONDUCTORS & RELATED DEVICES","branding":{"icon_url":"https://api.polygon.io/v1/reference/company-branding/YXBwbGllZG1hdGVyaWFscy5jb20/images/2024-10-01_icon.jpeg"}},"status":"OK"}}
[server]2024-12-28 02:16:11.911	info	/Users/huangyi/GolandProjects/stock-exchange/server/service/symbol/symbols.go:872	newSymbol	{"info": {"id":null,"symbol":"AMAT","corporation":"Applied Materials Inc","industry":"SEMICONDUCTORS & RELATED DEVICES","exchange":"XNAS","marketCap":136332861096,"listDate":"1972-10-12T00:00:00Z","description":"Applied Materials Inc is the largest semiconductor wafer fabrication equipment, or WFE, manufacturer in the world. Applied Materials has a broad portfolio spanning nearly every corner of the WFE ecosystem. Specifically, Applied Materials holds a market share leadership position in deposition, which entails the layering of new materials on semiconductor wafers. It is more exposed to general-purpose logic chips made at integrated device manufacturers and foundries. It counts the largest chipmakers in the world as customers, including TSMC, Intel, and Samsung.","sicDescription":"SEMICONDUCTORS & RELATED DEVICES","currentPrice":167.55,"averageVolume":2392703,"changeRatio":0.11951000896326086,"peRatio":null,"createdAt":null,"updatedAt":null,"icon":"https://api.polygon.io/v1/reference/company-branding/YXBwbGllZG1hdGVyaWFscy5jb20/images/2024-10-01_icon.jpeg","type":0,"status":null,"ticketSize":null,"ticketNumSize":null,"sort":null}}
[server]2024-12-28 10:04:09.473	info	/Users/huangyi/GolandProjects/stock-exchange/server/service/symbol/symbols.go:1055	Requesting Kline data	{"url": "https://api.polygon.io/v2/aggs/ticker/AAPL/range/1/hour/1704067200000/1704499200000?apiKey=2CvL70RAtR78f1B81odD8g0vjDzIWEVl&adjusted=true&limit=50000&sort=desc", "originalSymbol": "AAPL", "ticker": "AAPL", "startTime": "[server]2024-01-01 08:00:00.000", "endTime": "[server]2024-01-06 08:00:00.000", "interval": "1h"}
[server]2024-12-28 10:04:10.912	info	/Users/huangyi/GolandProjects/stock-exchange/server/service/symbol/symbols.go:1071	Polygon API response	{"statusCode": 200}
[server]2024-12-28 10:15:46.941	info	/Users/huangyi/GolandProjects/stock-exchange/server/initialize/redis.go:35	redis connect ping response:	{"name": "", "pong": "PONG"}
[server]2024-12-28 10:15:47.239	info	/Users/huangyi/GolandProjects/stock-exchange/server/initialize/redis.go:35	redis connect ping response:	{"name": "cache", "pong": "PONG"}
[server]2024-12-28 10:15:47.399	info	/Users/huangyi/GolandProjects/stock-exchange/server/initialize/router.go:60	register swagger handler
[server]2024-12-28 10:15:49.372	info	/Users/huangyi/GolandProjects/stock-exchange/server/initialize/router.go:110	router register success
[server]2024-12-28 10:15:49.372	info	/Users/huangyi/GolandProjects/stock-exchange/server/core/server.go:38	server run success on 	{"address": ":8888"}
[server]2024-12-28 12:33:27.575	info	/Users/huangyi/GolandProjects/stock-exchange/server/initialize/redis.go:35	redis connect ping response:	{"name": "", "pong": "PONG"}
[server]2024-12-28 12:33:27.925	info	/Users/huangyi/GolandProjects/stock-exchange/server/initialize/redis.go:35	redis connect ping response:	{"name": "cache", "pong": "PONG"}
[server]2024-12-28 12:33:28.110	info	/Users/huangyi/GolandProjects/stock-exchange/server/initialize/router.go:60	register swagger handler
[server]2024-12-28 12:33:30.295	info	/Users/huangyi/GolandProjects/stock-exchange/server/initialize/router.go:110	router register success
[server]2024-12-28 12:33:30.295	info	/Users/huangyi/GolandProjects/stock-exchange/server/core/server.go:38	server run success on 	{"address": ":8888"}
[server]2024-12-28 12:39:00.930	info	/Users/huangyi/GolandProjects/stock-exchange/server/initialize/redis.go:35	redis connect ping response:	{"name": "", "pong": "PONG"}
[server]2024-12-28 12:39:01.245	info	/Users/huangyi/GolandProjects/stock-exchange/server/initialize/redis.go:35	redis connect ping response:	{"name": "cache", "pong": "PONG"}
[server]2024-12-28 12:39:01.578	info	/Users/huangyi/GolandProjects/stock-exchange/server/initialize/router.go:60	register swagger handler
[server]2024-12-28 12:39:03.650	info	/Users/huangyi/GolandProjects/stock-exchange/server/initialize/router.go:110	router register success
[server]2024-12-28 12:39:03.651	info	/Users/huangyi/GolandProjects/stock-exchange/server/core/server.go:38	server run success on 	{"address": ":8888"}
[server]2024-12-28 12:39:22.179	info	/Users/huangyi/GolandProjects/stock-exchange/server/service/symbol/symbols.go:1538	Requesting Polygon data	{"url": "https://api.polygon.io/v2/aggs/ticker/AAPL/range/4/hour/1735274362179/1735360762179?apiKey=2CvL70RAtR78f1B81odD8g0vjDzIWEVl&sort=desc", "symbol": "AAPL", "interval": "4h"}
[server]2024-12-28 12:39:22.823	info	/Users/huangyi/GolandProjects/stock-exchange/server/service/symbol/symbols.go:1570	Polygon response	{"results_count": 5, "status": "DELAYED", "error": ""}
[server]2024-12-28 12:39:37.933	info	/Users/huangyi/GolandProjects/stock-exchange/server/service/symbol/symbols.go:1538	Requesting Polygon data	{"url": "https://api.polygon.io/v2/aggs/ticker/AAPL/range/1/day/1734755977933/1735360777933?apiKey=2CvL70RAtR78f1B81odD8g0vjDzIWEVl&sort=desc", "symbol": "AAPL", "interval": "1d"}
[server]2024-12-28 12:39:38.137	info	/Users/huangyi/GolandProjects/stock-exchange/server/service/symbol/symbols.go:1570	Polygon response	{"results_count": 5, "status": "DELAYED", "error": ""}
