[server]2024-11-28 13:38:38.826	info	/Users/huangyi/GolandProjects/stock-exchange/server/initialize/redis.go:35	redis connect ping response:	{"name": "", "pong": "PONG"}
[server]2024-11-28 13:38:38.840	info	/Users/huangyi/GolandProjects/stock-exchange/server/initialize/redis.go:35	redis connect ping response:	{"name": "cache", "pong": "PONG"}
[server]2024-11-28 13:38:39.352	info	/Users/huangyi/GolandProjects/stock-exchange/server/initialize/router.go:60	register swagger handler
[server]2024-11-28 13:38:52.728	info	/Users/huangyi/GolandProjects/stock-exchange/server/initialize/router.go:109	router register success
[server]2024-11-28 13:38:52.729	info	/Users/huangyi/GolandProjects/stock-exchange/server/core/server.go:38	server run success on 	{"address": ":8888"}
[server]2024-11-28 22:49:35.992	info	/Users/huangyi/GolandProjects/stock-exchange/server/initialize/redis.go:35	redis connect ping response:	{"name": "", "pong": "PONG"}
[server]2024-11-28 22:49:36.020	info	/Users/huangyi/GolandProjects/stock-exchange/server/initialize/redis.go:35	redis connect ping response:	{"name": "cache", "pong": "PONG"}
[server]2024-11-28 22:49:36.468	info	/Users/huangyi/GolandProjects/stock-exchange/server/initialize/router.go:60	register swagger handler
[server]2024-11-28 22:49:47.742	info	/Users/huangyi/GolandProjects/stock-exchange/server/initialize/router.go:109	router register success
[server]2024-11-28 22:49:47.742	info	/Users/huangyi/GolandProjects/stock-exchange/server/core/server.go:38	server run success on 	{"address": ":8888"}
[server]2024-11-28 22:49:54.932	info	/Users/huangyi/GolandProjects/stock-exchange/server/main.go:53	Starting WebSocket initialization...
[server]2024-11-28 22:49:55.381	info	/Users/huangyi/GolandProjects/stock-exchange/server/initialize/websocket.go:94	WebSocket initialization completed
[server]2024-11-28 22:50:46.727	info	/Users/huangyi/GolandProjects/stock-exchange/server/task/symbolsKline.go:213	完成K线数据更新	{"batch": 0, "start": 0, "end": 7, "total_symbols": 7}
[server]2024-11-28 22:51:48.506	info	/Users/huangyi/GolandProjects/stock-exchange/server/task/symbolsKline.go:213	完成K线数据更新	{"batch": 0, "start": 0, "end": 7, "total_symbols": 7}
[server]2024-11-28 22:52:46.452	info	/Users/huangyi/GolandProjects/stock-exchange/server/task/symbolsKline.go:213	完成K线数据更新	{"batch": 0, "start": 0, "end": 7, "total_symbols": 7}
[server]2024-11-28 22:53:46.747	info	/Users/huangyi/GolandProjects/stock-exchange/server/task/symbolsKline.go:213	完成K线数据更新	{"batch": 0, "start": 0, "end": 7, "total_symbols": 7}
[server]2024-11-28 22:54:46.682	info	/Users/huangyi/GolandProjects/stock-exchange/server/task/symbolsKline.go:213	完成K线数据更新	{"batch": 0, "start": 0, "end": 7, "total_symbols": 7}
[server]2024-11-28 22:55:47.059	info	/Users/huangyi/GolandProjects/stock-exchange/server/task/symbolsKline.go:213	完成K线数据更新	{"batch": 0, "start": 0, "end": 7, "total_symbols": 7}
[server]2024-11-28 22:57:25.262	info	/Users/huangyi/GolandProjects/stock-exchange/server/task/symbolsKline.go:213	完成K线数据更新	{"batch": 0, "start": 0, "end": 7, "total_symbols": 7}
[server]2024-11-28 22:57:46.247	info	/Users/huangyi/GolandProjects/stock-exchange/server/task/symbolsKline.go:213	完成K线数据更新	{"batch": 0, "start": 0, "end": 7, "total_symbols": 7}
[server]2024-11-28 22:58:46.755	info	/Users/huangyi/GolandProjects/stock-exchange/server/task/symbolsKline.go:213	完成K线数据更新	{"batch": 0, "start": 0, "end": 7, "total_symbols": 7}
[server]2024-11-28 22:59:46.490	info	/Users/huangyi/GolandProjects/stock-exchange/server/task/symbolsKline.go:213	完成K线数据更新	{"batch": 0, "start": 0, "end": 7, "total_symbols": 7}
[server]2024-11-28 23:00:46.120	info	/Users/huangyi/GolandProjects/stock-exchange/server/task/symbolsKline.go:213	完成K线数据更新	{"batch": 0, "start": 0, "end": 7, "total_symbols": 7}
[server]2024-11-28 23:01:46.055	info	/Users/huangyi/GolandProjects/stock-exchange/server/task/symbolsKline.go:213	完成K线数据更新	{"batch": 0, "start": 0, "end": 7, "total_symbols": 7}
[server]2024-11-28 23:02:46.783	info	/Users/huangyi/GolandProjects/stock-exchange/server/task/symbolsKline.go:213	完成K线数据更新	{"batch": 0, "start": 0, "end": 7, "total_symbols": 7}
[server]2024-11-28 23:03:46.129	info	/Users/huangyi/GolandProjects/stock-exchange/server/task/symbolsKline.go:213	完成K线数据更新	{"batch": 0, "start": 0, "end": 7, "total_symbols": 7}
[server]2024-11-28 23:05:13.822	info	/Users/huangyi/GolandProjects/stock-exchange/server/task/symbolsKline.go:213	完成K线数据更新	{"batch": 0, "start": 0, "end": 7, "total_symbols": 7}
[server]2024-11-28 23:26:30.335	info	/Users/huangyi/GolandProjects/stock-exchange/server/initialize/redis.go:35	redis connect ping response:	{"name": "", "pong": "PONG"}
[server]2024-11-28 23:26:30.345	info	/Users/huangyi/GolandProjects/stock-exchange/server/initialize/redis.go:35	redis connect ping response:	{"name": "cache", "pong": "PONG"}
[server]2024-11-28 23:26:30.418	info	/Users/huangyi/GolandProjects/stock-exchange/server/initialize/router.go:60	register swagger handler
[server]2024-11-28 23:26:32.264	info	/Users/huangyi/GolandProjects/stock-exchange/server/initialize/router.go:109	router register success
[server]2024-11-28 23:26:32.264	info	/Users/huangyi/GolandProjects/stock-exchange/server/core/server.go:38	server run success on 	{"address": ":8888"}
[server]2024-11-28 23:26:49.065	info	/Users/huangyi/GolandProjects/stock-exchange/server/main.go:53	Starting WebSocket initialization...
[server]2024-11-28 23:26:49.418	info	/Users/huangyi/GolandProjects/stock-exchange/server/initialize/websocket.go:94	WebSocket initialization completed
[server]2024-11-28 23:27:46.689	info	/Users/huangyi/GolandProjects/stock-exchange/server/task/symbolsKline.go:213	完成K线数据更新	{"batch": 0, "start": 0, "end": 7, "total_symbols": 7}
[server]2024-11-28 23:28:37.127	info	/Users/huangyi/GolandProjects/stock-exchange/server/initialize/redis.go:35	redis connect ping response:	{"name": "", "pong": "PONG"}
[server]2024-11-28 23:28:37.137	info	/Users/huangyi/GolandProjects/stock-exchange/server/initialize/redis.go:35	redis connect ping response:	{"name": "cache", "pong": "PONG"}
[server]2024-11-28 23:28:37.213	info	/Users/huangyi/GolandProjects/stock-exchange/server/initialize/router.go:60	register swagger handler
[server]2024-11-28 23:28:38.993	info	/Users/huangyi/GolandProjects/stock-exchange/server/initialize/router.go:109	router register success
[server]2024-11-28 23:28:38.993	info	/Users/huangyi/GolandProjects/stock-exchange/server/core/server.go:38	server run success on 	{"address": ":8888"}
[server]2024-11-28 23:28:47.913	info	/Users/huangyi/GolandProjects/stock-exchange/server/api/v1/userfund/withdraw_records.go:254	userAccount	{"userAccount": {"id":null,"userId":0,"assetType":"","balance":null,"frozenBalance":null,"availableBalance":null,"STATUS":"","createdAt":null,"updatedAt":null,"deletedAt":null,"firstChargeAmount":0,"firstChargeTime":null}}
[server]2024-11-28 23:28:54.157	info	/Users/huangyi/GolandProjects/stock-exchange/server/main.go:53	Starting WebSocket initialization...
[server]2024-11-28 23:28:54.229	info	/Users/huangyi/GolandProjects/stock-exchange/server/initialize/websocket.go:94	WebSocket initialization completed
[server]2024-11-28 23:29:51.359	info	/Users/huangyi/GolandProjects/stock-exchange/server/task/symbolsKline.go:213	完成K线数据更新	{"batch": 0, "start": 0, "end": 7, "total_symbols": 7}
[server]2024-11-28 23:30:15.884	info	/Users/huangyi/GolandProjects/stock-exchange/server/initialize/redis.go:35	redis connect ping response:	{"name": "", "pong": "PONG"}
[server]2024-11-28 23:30:15.895	info	/Users/huangyi/GolandProjects/stock-exchange/server/initialize/redis.go:35	redis connect ping response:	{"name": "cache", "pong": "PONG"}
[server]2024-11-28 23:30:15.965	info	/Users/huangyi/GolandProjects/stock-exchange/server/initialize/router.go:60	register swagger handler
[server]2024-11-28 23:30:17.684	info	/Users/huangyi/GolandProjects/stock-exchange/server/initialize/router.go:109	router register success
[server]2024-11-28 23:30:17.685	info	/Users/huangyi/GolandProjects/stock-exchange/server/core/server.go:38	server run success on 	{"address": ":8888"}
[server]2024-11-28 23:30:24.315	info	/Users/huangyi/GolandProjects/stock-exchange/server/api/v1/userfund/withdraw_records.go:253	withdrawRecord	{"withdrawRecord": {"ID":20,"CreatedAt":"0001-01-01T00:00:00Z","UpdatedAt":"0001-01-01T00:00:00Z","orderId":"","thirdOrderId":null,"memberId":0,"memberPhone":"","memberEmail":"","withdrawChannelId":0,"currency":"","withdrawAmount":null,"exchangedAmountTarget":null,"commission":0,"channelType":"","withdrawType":"","channel":"","fromAddress":"","toAddress":"","orderStatus":"","withdrawTime":null,"approvalTime":null,"userAction":"","reviewStatus":"3","isLock":"","refusedReason":""}}
[server]2024-11-28 23:30:24.448	info	/Users/huangyi/GolandProjects/stock-exchange/server/api/v1/userfund/withdraw_records.go:256	userAccount	{"userAccount": {"id":null,"userId":0,"assetType":"","balance":null,"frozenBalance":null,"availableBalance":null,"STATUS":"","createdAt":null,"updatedAt":null,"deletedAt":null,"firstChargeAmount":0,"firstChargeTime":null}}
[server]2024-11-28 23:30:32.742	info	/Users/huangyi/GolandProjects/stock-exchange/server/main.go:53	Starting WebSocket initialization...
[server]2024-11-28 23:30:32.817	info	/Users/huangyi/GolandProjects/stock-exchange/server/initialize/websocket.go:94	WebSocket initialization completed
[server]2024-11-28 23:31:29.969	info	/Users/huangyi/GolandProjects/stock-exchange/server/task/symbolsKline.go:213	完成K线数据更新	{"batch": 0, "start": 0, "end": 7, "total_symbols": 7}
[server]2024-11-28 23:32:18.474	info	/Users/huangyi/GolandProjects/stock-exchange/server/initialize/redis.go:35	redis connect ping response:	{"name": "", "pong": "PONG"}
[server]2024-11-28 23:32:18.481	info	/Users/huangyi/GolandProjects/stock-exchange/server/initialize/redis.go:35	redis connect ping response:	{"name": "cache", "pong": "PONG"}
[server]2024-11-28 23:32:18.550	info	/Users/huangyi/GolandProjects/stock-exchange/server/initialize/router.go:60	register swagger handler
[server]2024-11-28 23:32:20.316	info	/Users/huangyi/GolandProjects/stock-exchange/server/initialize/router.go:109	router register success
[server]2024-11-28 23:32:20.316	info	/Users/huangyi/GolandProjects/stock-exchange/server/core/server.go:38	server run success on 	{"address": ":8888"}
[server]2024-11-28 23:32:27.571	info	/Users/huangyi/GolandProjects/stock-exchange/server/api/v1/userfund/withdraw_records.go:253	withdrawRecord	{"withdrawRecord": {"ID":20,"CreatedAt":"2024-11-28T19:20:20.99+08:00","UpdatedAt":"2024-11-28T23:32:27.571347+08:00","orderId":"517298699844456448","thirdOrderId":null,"memberId":38,"memberPhone":"","memberEmail":"123@qq.com","withdrawChannelId":1,"currency":"USDT","withdrawAmount":200,"exchangedAmountTarget":200,"commission":0,"channelType":"1","withdrawType":"1","channel":"trc20","fromAddress":"123","toAddress":"123123","orderStatus":"1","withdrawTime":"2024-11-28T19:20:20.99+08:00","approvalTime":null,"userAction":"SUBMIT","reviewStatus":"3","isLock":"0","refusedReason":""}}
[server]2024-11-28 23:32:27.712	info	/Users/huangyi/GolandProjects/stock-exchange/server/api/v1/userfund/withdraw_records.go:256	userAccount	{"userAccount": {"id":null,"userId":0,"assetType":"","balance":null,"frozenBalance":null,"availableBalance":null,"STATUS":"","createdAt":null,"updatedAt":null,"deletedAt":null,"firstChargeAmount":0,"firstChargeTime":null}}
[server]2024-11-28 23:32:35.319	info	/Users/huangyi/GolandProjects/stock-exchange/server/main.go:53	Starting WebSocket initialization...
[server]2024-11-28 23:32:35.394	info	/Users/huangyi/GolandProjects/stock-exchange/server/initialize/websocket.go:94	WebSocket initialization completed
[server]2024-11-28 23:33:35.489	info	/Users/huangyi/GolandProjects/stock-exchange/server/initialize/redis.go:35	redis connect ping response:	{"name": "", "pong": "PONG"}
[server]2024-11-28 23:33:35.497	info	/Users/huangyi/GolandProjects/stock-exchange/server/initialize/redis.go:35	redis connect ping response:	{"name": "cache", "pong": "PONG"}
[server]2024-11-28 23:33:35.572	info	/Users/huangyi/GolandProjects/stock-exchange/server/initialize/router.go:60	register swagger handler
[server]2024-11-28 23:33:37.391	info	/Users/huangyi/GolandProjects/stock-exchange/server/initialize/router.go:109	router register success
[server]2024-11-28 23:33:37.391	info	/Users/huangyi/GolandProjects/stock-exchange/server/core/server.go:38	server run success on 	{"address": ":8888"}
[server]2024-11-28 23:33:45.467	info	/Users/huangyi/GolandProjects/stock-exchange/server/api/v1/userfund/withdraw_records.go:253	MemberId	{"MemberId": 0}
[server]2024-11-28 23:33:45.609	info	/Users/huangyi/GolandProjects/stock-exchange/server/api/v1/userfund/withdraw_records.go:256	userAccount	{"userAccount": {"id":null,"userId":0,"assetType":"","balance":null,"frozenBalance":null,"availableBalance":null,"STATUS":"","createdAt":null,"updatedAt":null,"deletedAt":null,"firstChargeAmount":0,"firstChargeTime":null}}
[server]2024-11-28 23:33:52.449	info	/Users/huangyi/GolandProjects/stock-exchange/server/main.go:53	Starting WebSocket initialization...
[server]2024-11-28 23:33:52.522	info	/Users/huangyi/GolandProjects/stock-exchange/server/initialize/websocket.go:94	WebSocket initialization completed
[server]2024-11-28 23:34:49.926	info	/Users/huangyi/GolandProjects/stock-exchange/server/task/symbolsKline.go:213	完成K线数据更新	{"batch": 0, "start": 0, "end": 7, "total_symbols": 7}
[server]2024-11-28 23:35:49.791	info	/Users/huangyi/GolandProjects/stock-exchange/server/task/symbolsKline.go:213	完成K线数据更新	{"batch": 0, "start": 0, "end": 7, "total_symbols": 7}
[server]2024-11-28 23:36:50.031	info	/Users/huangyi/GolandProjects/stock-exchange/server/task/symbolsKline.go:213	完成K线数据更新	{"batch": 0, "start": 0, "end": 7, "total_symbols": 7}
[server]2024-11-28 23:37:50.293	info	/Users/huangyi/GolandProjects/stock-exchange/server/task/symbolsKline.go:213	完成K线数据更新	{"batch": 0, "start": 0, "end": 7, "total_symbols": 7}
[server]2024-11-28 23:38:49.963	info	/Users/huangyi/GolandProjects/stock-exchange/server/task/symbolsKline.go:213	完成K线数据更新	{"batch": 0, "start": 0, "end": 7, "total_symbols": 7}
[server]2024-11-28 23:39:49.758	info	/Users/huangyi/GolandProjects/stock-exchange/server/task/symbolsKline.go:213	完成K线数据更新	{"batch": 0, "start": 0, "end": 7, "total_symbols": 7}
[server]2024-11-28 23:40:49.877	info	/Users/huangyi/GolandProjects/stock-exchange/server/task/symbolsKline.go:213	完成K线数据更新	{"batch": 0, "start": 0, "end": 7, "total_symbols": 7}
[server]2024-11-28 23:41:50.204	info	/Users/huangyi/GolandProjects/stock-exchange/server/task/symbolsKline.go:213	完成K线数据更新	{"batch": 0, "start": 0, "end": 7, "total_symbols": 7}
[server]2024-11-28 23:42:49.874	info	/Users/huangyi/GolandProjects/stock-exchange/server/task/symbolsKline.go:213	完成K线数据更新	{"batch": 0, "start": 0, "end": 7, "total_symbols": 7}
[server]2024-11-28 23:43:49.826	info	/Users/huangyi/GolandProjects/stock-exchange/server/task/symbolsKline.go:213	完成K线数据更新	{"batch": 0, "start": 0, "end": 7, "total_symbols": 7}
[server]2024-11-28 23:44:49.531	info	/Users/huangyi/GolandProjects/stock-exchange/server/task/symbolsKline.go:213	完成K线数据更新	{"batch": 0, "start": 0, "end": 7, "total_symbols": 7}
[server]2024-11-28 23:45:50.691	info	/Users/huangyi/GolandProjects/stock-exchange/server/task/symbolsKline.go:213	完成K线数据更新	{"batch": 0, "start": 0, "end": 7, "total_symbols": 7}
[server]2024-11-28 23:46:49.596	info	/Users/huangyi/GolandProjects/stock-exchange/server/task/symbolsKline.go:213	完成K线数据更新	{"batch": 0, "start": 0, "end": 7, "total_symbols": 7}
[server]2024-11-28 23:47:49.746	info	/Users/huangyi/GolandProjects/stock-exchange/server/task/symbolsKline.go:213	完成K线数据更新	{"batch": 0, "start": 0, "end": 7, "total_symbols": 7}
[server]2024-11-28 23:48:50.024	info	/Users/huangyi/GolandProjects/stock-exchange/server/task/symbolsKline.go:213	完成K线数据更新	{"batch": 0, "start": 0, "end": 7, "total_symbols": 7}
[server]2024-11-28 23:49:49.705	info	/Users/huangyi/GolandProjects/stock-exchange/server/task/symbolsKline.go:213	完成K线数据更新	{"batch": 0, "start": 0, "end": 7, "total_symbols": 7}
[server]2024-11-28 23:50:54.247	info	/Users/huangyi/GolandProjects/stock-exchange/server/task/symbolsKline.go:213	完成K线数据更新	{"batch": 0, "start": 0, "end": 7, "total_symbols": 7}
[server]2024-11-28 23:51:51.948	info	/Users/huangyi/GolandProjects/stock-exchange/server/task/symbolsKline.go:213	完成K线数据更新	{"batch": 0, "start": 0, "end": 7, "total_symbols": 7}
[server]2024-11-28 23:52:52.518	info	/Users/huangyi/GolandProjects/stock-exchange/server/task/symbolsKline.go:213	完成K线数据更新	{"batch": 0, "start": 0, "end": 7, "total_symbols": 7}
[server]2024-11-28 23:53:52.898	info	/Users/huangyi/GolandProjects/stock-exchange/server/task/symbolsKline.go:213	完成K线数据更新	{"batch": 0, "start": 0, "end": 7, "total_symbols": 7}
[server]2024-11-28 23:54:53.767	info	/Users/huangyi/GolandProjects/stock-exchange/server/task/symbolsKline.go:213	完成K线数据更新	{"batch": 0, "start": 0, "end": 7, "total_symbols": 7}
[server]2024-11-28 23:55:54.853	info	/Users/huangyi/GolandProjects/stock-exchange/server/task/symbolsKline.go:213	完成K线数据更新	{"batch": 0, "start": 0, "end": 7, "total_symbols": 7}
