[server]2024-11-23 02:13:21.886	info	/Users/huangyi/GolandProjects/stock-exchange/server/initialize/redis.go:35	redis connect ping response:	{"name": "", "pong": "PONG"}
[server]2024-11-23 02:13:21.895	info	/Users/huangyi/GolandProjects/stock-exchange/server/initialize/redis.go:35	redis connect ping response:	{"name": "cache", "pong": "PONG"}
[server]2024-11-23 02:13:22.027	info	/Users/huangyi/GolandProjects/stock-exchange/server/initialize/router.go:60	register swagger handler
[server]2024-11-23 02:13:25.035	info	/Users/huangyi/GolandProjects/stock-exchange/server/initialize/router.go:109	router register success
[server]2024-11-23 02:13:25.035	info	/Users/huangyi/GolandProjects/stock-exchange/server/core/server.go:38	server run success on 	{"address": ":8888"}
[server]2024-11-23 02:13:31.337	info	/Users/huangyi/GolandProjects/stock-exchange/server/main.go:53	Starting WebSocket initialization...
[server]2024-11-23 02:13:31.443	info	/Users/huangyi/GolandProjects/stock-exchange/server/initialize/websocket.go:94	WebSocket initialization completed
[server]2024-11-23 02:14:27.469	info	/Users/huangyi/GolandProjects/stock-exchange/server/task/symbolsKline.go:209	完成K线数据更新	{"batch": 0, "start": 0, "end": 6, "total_symbols": 6}
[server]2024-11-23 02:16:15.868	info	/Users/huangyi/GolandProjects/stock-exchange/server/initialize/redis.go:35	redis connect ping response:	{"name": "", "pong": "PONG"}
[server]2024-11-23 02:16:15.875	info	/Users/huangyi/GolandProjects/stock-exchange/server/initialize/redis.go:35	redis connect ping response:	{"name": "cache", "pong": "PONG"}
[server]2024-11-23 02:16:15.944	info	/Users/huangyi/GolandProjects/stock-exchange/server/initialize/router.go:60	register swagger handler
[server]2024-11-23 02:16:17.632	info	/Users/huangyi/GolandProjects/stock-exchange/server/initialize/router.go:109	router register success
[server]2024-11-23 02:16:17.632	info	/Users/huangyi/GolandProjects/stock-exchange/server/core/server.go:38	server run success on 	{"address": ":8888"}
[server]2024-11-23 02:16:25.152	info	/Users/huangyi/GolandProjects/stock-exchange/server/main.go:53	Starting WebSocket initialization...
[server]2024-11-23 02:16:25.218	info	/Users/huangyi/GolandProjects/stock-exchange/server/initialize/websocket.go:94	WebSocket initialization completed
[server]2024-11-23 02:18:31.028	info	/Users/huangyi/GolandProjects/stock-exchange/server/initialize/redis.go:35	redis connect ping response:	{"name": "", "pong": "PONG"}
[server]2024-11-23 02:18:31.037	info	/Users/huangyi/GolandProjects/stock-exchange/server/initialize/redis.go:35	redis connect ping response:	{"name": "cache", "pong": "PONG"}
[server]2024-11-23 02:18:31.119	info	/Users/huangyi/GolandProjects/stock-exchange/server/initialize/router.go:60	register swagger handler
[server]2024-11-23 02:18:32.978	info	/Users/huangyi/GolandProjects/stock-exchange/server/initialize/router.go:109	router register success
[server]2024-11-23 02:18:32.979	info	/Users/huangyi/GolandProjects/stock-exchange/server/core/server.go:38	server run success on 	{"address": ":8888"}
[server]2024-11-23 02:18:43.370	info	/Users/huangyi/GolandProjects/stock-exchange/server/main.go:53	Starting WebSocket initialization...
[server]2024-11-23 02:18:43.443	info	/Users/huangyi/GolandProjects/stock-exchange/server/initialize/websocket.go:94	WebSocket initialization completed
[server]2024-11-23 02:19:37.608	info	/Users/huangyi/GolandProjects/stock-exchange/server/task/symbolsKline.go:209	完成K线数据更新	{"batch": 0, "start": 0, "end": 6, "total_symbols": 6}
[server]2024-11-23 02:20:37.329	info	/Users/huangyi/GolandProjects/stock-exchange/server/task/symbolsKline.go:209	完成K线数据更新	{"batch": 0, "start": 0, "end": 6, "total_symbols": 6}
[server]2024-11-23 02:22:26.771	info	/Users/huangyi/GolandProjects/stock-exchange/server/initialize/redis.go:35	redis connect ping response:	{"name": "", "pong": "PONG"}
[server]2024-11-23 02:22:26.784	info	/Users/huangyi/GolandProjects/stock-exchange/server/initialize/redis.go:35	redis connect ping response:	{"name": "cache", "pong": "PONG"}
[server]2024-11-23 02:22:26.855	info	/Users/huangyi/GolandProjects/stock-exchange/server/initialize/router.go:60	register swagger handler
[server]2024-11-23 02:22:28.604	info	/Users/huangyi/GolandProjects/stock-exchange/server/initialize/router.go:109	router register success
[server]2024-11-23 02:22:28.605	info	/Users/huangyi/GolandProjects/stock-exchange/server/core/server.go:38	server run success on 	{"address": ":8888"}
[server]2024-11-23 02:22:38.713	info	/Users/huangyi/GolandProjects/stock-exchange/server/main.go:53	Starting WebSocket initialization...
[server]2024-11-23 02:22:38.782	info	/Users/huangyi/GolandProjects/stock-exchange/server/initialize/websocket.go:94	WebSocket initialization completed
[server]2024-11-23 02:23:32.809	info	/Users/huangyi/GolandProjects/stock-exchange/server/task/symbolsKline.go:208	完成K线数据更新	{"batch": 0, "start": 0, "end": 6, "total_symbols": 6}
[server]2024-11-23 02:25:49.173	info	/Users/huangyi/GolandProjects/stock-exchange/server/initialize/redis.go:35	redis connect ping response:	{"name": "", "pong": "PONG"}
[server]2024-11-23 02:25:49.181	info	/Users/huangyi/GolandProjects/stock-exchange/server/initialize/redis.go:35	redis connect ping response:	{"name": "cache", "pong": "PONG"}
[server]2024-11-23 02:25:49.249	info	/Users/huangyi/GolandProjects/stock-exchange/server/initialize/router.go:60	register swagger handler
[server]2024-11-23 02:25:50.937	info	/Users/huangyi/GolandProjects/stock-exchange/server/initialize/router.go:109	router register success
[server]2024-11-23 02:25:50.938	info	/Users/huangyi/GolandProjects/stock-exchange/server/core/server.go:38	server run success on 	{"address": ":8888"}
[server]2024-11-23 02:26:04.106	info	/Users/huangyi/GolandProjects/stock-exchange/server/main.go:53	Starting WebSocket initialization...
[server]2024-11-23 02:26:04.173	info	/Users/huangyi/GolandProjects/stock-exchange/server/initialize/websocket.go:94	WebSocket initialization completed
[server]2024-11-23 02:27:04.016	info	/Users/huangyi/GolandProjects/stock-exchange/server/task/symbolsKline.go:208	完成K线数据更新	{"batch": 0, "start": 0, "end": 6, "total_symbols": 6}
[server]2024-11-23 02:28:03.011	info	/Users/huangyi/GolandProjects/stock-exchange/server/task/symbolsKline.go:208	完成K线数据更新	{"batch": 0, "start": 0, "end": 6, "total_symbols": 6}
[server]2024-11-23 02:29:03.437	info	/Users/huangyi/GolandProjects/stock-exchange/server/task/symbolsKline.go:208	完成K线数据更新	{"batch": 0, "start": 0, "end": 6, "total_symbols": 6}
[server]2024-11-23 02:46:51.773	info	/Users/huangyi/GolandProjects/stock-exchange/server/initialize/redis.go:35	redis connect ping response:	{"name": "", "pong": "PONG"}
[server]2024-11-23 02:46:51.786	info	/Users/huangyi/GolandProjects/stock-exchange/server/initialize/redis.go:35	redis connect ping response:	{"name": "cache", "pong": "PONG"}
[server]2024-11-23 02:46:51.976	info	/Users/huangyi/GolandProjects/stock-exchange/server/initialize/router.go:60	register swagger handler
[server]2024-11-23 02:46:56.744	info	/Users/huangyi/GolandProjects/stock-exchange/server/initialize/router.go:109	router register success
[server]2024-11-23 02:46:56.744	info	/Users/huangyi/GolandProjects/stock-exchange/server/core/server.go:38	server run success on 	{"address": ":8888"}
[server]2024-11-23 02:47:09.120	info	/Users/huangyi/GolandProjects/stock-exchange/server/main.go:53	Starting WebSocket initialization...
[server]2024-11-23 02:47:10.098	info	/Users/huangyi/GolandProjects/stock-exchange/server/initialize/websocket.go:94	WebSocket initialization completed
[server]2024-11-23 02:48:07.070	info	/Users/huangyi/GolandProjects/stock-exchange/server/task/symbolsKline.go:208	完成K线数据更新	{"batch": 0, "start": 0, "end": 6, "total_symbols": 6}
[server]2024-11-23 02:50:07.136	info	/Users/huangyi/GolandProjects/stock-exchange/server/task/symbolsKline.go:208	完成K线数据更新	{"batch": 0, "start": 0, "end": 6, "total_symbols": 6}
[server]2024-11-23 02:51:06.094	info	/Users/huangyi/GolandProjects/stock-exchange/server/task/symbolsKline.go:208	完成K线数据更新	{"batch": 0, "start": 0, "end": 6, "total_symbols": 6}
[server]2024-11-23 02:52:06.131	info	/Users/huangyi/GolandProjects/stock-exchange/server/task/symbolsKline.go:208	完成K线数据更新	{"batch": 0, "start": 0, "end": 6, "total_symbols": 6}
[server]2024-11-23 02:53:06.157	info	/Users/huangyi/GolandProjects/stock-exchange/server/task/symbolsKline.go:208	完成K线数据更新	{"batch": 0, "start": 0, "end": 6, "total_symbols": 6}
[server]2024-11-23 02:55:08.721	info	/Users/huangyi/GolandProjects/stock-exchange/server/task/symbolsKline.go:208	完成K线数据更新	{"batch": 0, "start": 0, "end": 6, "total_symbols": 6}
[server]2024-11-23 03:50:42.903	info	/Users/huangyi/GolandProjects/stock-exchange/server/initialize/redis.go:35	redis connect ping response:	{"name": "", "pong": "PONG"}
[server]2024-11-23 03:50:42.912	info	/Users/huangyi/GolandProjects/stock-exchange/server/initialize/redis.go:35	redis connect ping response:	{"name": "cache", "pong": "PONG"}
[server]2024-11-23 03:50:43.096	info	/Users/huangyi/GolandProjects/stock-exchange/server/initialize/router.go:60	register swagger handler
[server]2024-11-23 03:50:48.136	info	/Users/huangyi/GolandProjects/stock-exchange/server/initialize/router.go:109	router register success
[server]2024-11-23 03:50:48.136	info	/Users/huangyi/GolandProjects/stock-exchange/server/core/server.go:38	server run success on 	{"address": ":8888"}
[server]2024-11-23 03:50:59.863	info	/Users/huangyi/GolandProjects/stock-exchange/server/main.go:53	Starting WebSocket initialization...
[server]2024-11-23 03:51:00.052	info	/Users/huangyi/GolandProjects/stock-exchange/server/initialize/websocket.go:94	WebSocket initialization completed
[server]2024-11-23 03:51:26.626	info	/Users/huangyi/GolandProjects/stock-exchange/server/service/symbol/symbols.go:890	Requesting Kline data	{"url": "https://api.polygon.io/v2/aggs/ticker/X%3ABTCUSD/range/4/hour/1700681543481/1732303943482?apiKey=9r03QW42EDKNVxcK2DEQYw2Sp7OVbAHy&adjusted=true&limit=500", "originalSymbol": "BTC/USD", "ticker": "X:BTCUSD", "startTime": "[server]2023-11-23 03:32:23.481", "endTime": "[server]2024-11-23 03:32:23.482", "interval": "4h"}
[server]2024-11-23 03:51:27.165	info	/Users/huangyi/GolandProjects/stock-exchange/server/service/symbol/symbols.go:906	Polygon API response	{"statusCode": 200}
[server]2024-11-23 03:51:58.274	info	/Users/huangyi/GolandProjects/stock-exchange/server/task/symbolsKline.go:208	完成K线数据更新	{"batch": 0, "start": 0, "end": 6, "total_symbols": 6}
[server]2024-11-23 03:52:58.127	info	/Users/huangyi/GolandProjects/stock-exchange/server/task/symbolsKline.go:208	完成K线数据更新	{"batch": 0, "start": 0, "end": 6, "total_symbols": 6}
[server]2024-11-23 03:53:36.208	info	/Users/huangyi/GolandProjects/stock-exchange/server/service/symbol/symbols.go:890	Requesting Kline data	{"url": "https://api.polygon.io/v2/aggs/ticker/X%3ABTCUSD/range/4/hour/1700681543481/1732303943482?apiKey=9r03QW42EDKNVxcK2DEQYw2Sp7OVbAHy&adjusted=true&limit=500", "originalSymbol": "BTC/USD", "ticker": "X:BTCUSD", "startTime": "[server]2023-11-23 03:32:23.481", "endTime": "[server]2024-11-23 03:32:23.482", "interval": "4h"}
[server]2024-11-23 03:53:36.644	info	/Users/huangyi/GolandProjects/stock-exchange/server/service/symbol/symbols.go:906	Polygon API response	{"statusCode": 200}
[server]2024-11-23 03:53:58.202	info	/Users/huangyi/GolandProjects/stock-exchange/server/task/symbolsKline.go:208	完成K线数据更新	{"batch": 0, "start": 0, "end": 6, "total_symbols": 6}
[server]2024-11-23 03:54:58.635	info	/Users/huangyi/GolandProjects/stock-exchange/server/task/symbolsKline.go:208	完成K线数据更新	{"batch": 0, "start": 0, "end": 6, "total_symbols": 6}
[server]2024-11-23 03:55:58.081	info	/Users/huangyi/GolandProjects/stock-exchange/server/task/symbolsKline.go:208	完成K线数据更新	{"batch": 0, "start": 0, "end": 6, "total_symbols": 6}
[server]2024-11-23 03:56:58.421	info	/Users/huangyi/GolandProjects/stock-exchange/server/task/symbolsKline.go:208	完成K线数据更新	{"batch": 0, "start": 0, "end": 6, "total_symbols": 6}
[server]2024-11-23 03:57:58.052	info	/Users/huangyi/GolandProjects/stock-exchange/server/task/symbolsKline.go:208	完成K线数据更新	{"batch": 0, "start": 0, "end": 6, "total_symbols": 6}
[server]2024-11-23 03:58:58.602	info	/Users/huangyi/GolandProjects/stock-exchange/server/task/symbolsKline.go:208	完成K线数据更新	{"batch": 0, "start": 0, "end": 6, "total_symbols": 6}
[server]2024-11-23 03:59:58.098	info	/Users/huangyi/GolandProjects/stock-exchange/server/task/symbolsKline.go:208	完成K线数据更新	{"batch": 0, "start": 0, "end": 6, "total_symbols": 6}
[server]2024-11-23 04:00:44.043	info	/Users/huangyi/GolandProjects/stock-exchange/server/initialize/redis.go:35	redis connect ping response:	{"name": "", "pong": "PONG"}
[server]2024-11-23 04:00:44.052	info	/Users/huangyi/GolandProjects/stock-exchange/server/initialize/redis.go:35	redis connect ping response:	{"name": "cache", "pong": "PONG"}
[server]2024-11-23 04:00:44.236	info	/Users/huangyi/GolandProjects/stock-exchange/server/initialize/router.go:60	register swagger handler
[server]2024-11-23 04:00:48.881	info	/Users/huangyi/GolandProjects/stock-exchange/server/initialize/router.go:109	router register success
[server]2024-11-23 04:00:48.882	info	/Users/huangyi/GolandProjects/stock-exchange/server/core/server.go:38	server run success on 	{"address": ":8888"}
[server]2024-11-23 04:00:55.681	info	/Users/huangyi/GolandProjects/stock-exchange/server/service/symbol/symbols.go:890	Requesting Kline data	{"url": "https://api.polygon.io/v2/aggs/ticker/X%3ABTCUSD/range/4/hour/1700681543481/1732303943482?apiKey=9r03QW42EDKNVxcK2DEQYw2Sp7OVbAHy&adjusted=true&limit=500sort=desc", "originalSymbol": "BTC/USD", "ticker": "X:BTCUSD", "startTime": "[server]2023-11-23 03:32:23.481", "endTime": "[server]2024-11-23 03:32:23.482", "interval": "4h"}
[server]2024-11-23 04:00:56.084	info	/Users/huangyi/GolandProjects/stock-exchange/server/service/symbol/symbols.go:906	Polygon API response	{"statusCode": 400}
[server]2024-11-23 04:01:00.855	info	/Users/huangyi/GolandProjects/stock-exchange/server/main.go:53	Starting WebSocket initialization...
[server]2024-11-23 04:01:01.047	info	/Users/huangyi/GolandProjects/stock-exchange/server/initialize/websocket.go:94	WebSocket initialization completed
[server]2024-11-23 04:01:33.343	info	/Users/huangyi/GolandProjects/stock-exchange/server/initialize/redis.go:35	redis connect ping response:	{"name": "", "pong": "PONG"}
[server]2024-11-23 04:01:33.354	info	/Users/huangyi/GolandProjects/stock-exchange/server/initialize/redis.go:35	redis connect ping response:	{"name": "cache", "pong": "PONG"}
[server]2024-11-23 04:01:33.537	info	/Users/huangyi/GolandProjects/stock-exchange/server/initialize/router.go:60	register swagger handler
[server]2024-11-23 04:01:38.139	info	/Users/huangyi/GolandProjects/stock-exchange/server/initialize/router.go:109	router register success
[server]2024-11-23 04:01:38.140	info	/Users/huangyi/GolandProjects/stock-exchange/server/core/server.go:38	server run success on 	{"address": ":8888"}
[server]2024-11-23 04:01:48.977	info	/Users/huangyi/GolandProjects/stock-exchange/server/service/symbol/symbols.go:890	Requesting Kline data	{"url": "https://api.polygon.io/v2/aggs/ticker/X%3ABTCUSD/range/4/hour/1700681543481/1732303943482?apiKey=9r03QW42EDKNVxcK2DEQYw2Sp7OVbAHy&adjusted=true&limit=500&sort=desc", "originalSymbol": "BTC/USD", "ticker": "X:BTCUSD", "startTime": "[server]2023-11-23 03:32:23.481", "endTime": "[server]2024-11-23 03:32:23.482", "interval": "4h"}
[server]2024-11-23 04:01:49.392	info	/Users/huangyi/GolandProjects/stock-exchange/server/service/symbol/symbols.go:906	Polygon API response	{"statusCode": 200}
[server]2024-11-23 04:01:50.338	info	/Users/huangyi/GolandProjects/stock-exchange/server/main.go:53	Starting WebSocket initialization...
[server]2024-11-23 04:01:50.522	info	/Users/huangyi/GolandProjects/stock-exchange/server/initialize/websocket.go:94	WebSocket initialization completed
[server]2024-11-23 04:02:37.344	info	/Users/huangyi/GolandProjects/stock-exchange/server/service/symbol/symbols.go:890	Requesting Kline data	{"url": "https://api.polygon.io/v2/aggs/ticker/X%3ABTCUSD/range/1/day/1700681543481/1732303943482?apiKey=9r03QW42EDKNVxcK2DEQYw2Sp7OVbAHy&adjusted=true&limit=500&sort=desc", "originalSymbol": "BTC/USD", "ticker": "X:BTCUSD", "startTime": "[server]2023-11-23 03:32:23.481", "endTime": "[server]2024-11-23 03:32:23.482", "interval": "1d"}
[server]2024-11-23 04:02:37.768	info	/Users/huangyi/GolandProjects/stock-exchange/server/service/symbol/symbols.go:906	Polygon API response	{"statusCode": 200}
[server]2024-11-23 04:02:48.050	info	/Users/huangyi/GolandProjects/stock-exchange/server/task/symbolsKline.go:208	完成K线数据更新	{"batch": 0, "start": 0, "end": 6, "total_symbols": 6}
[server]2024-11-23 04:03:26.105	info	/Users/huangyi/GolandProjects/stock-exchange/server/service/symbol/symbols.go:890	Requesting Kline data	{"url": "https://api.polygon.io/v2/aggs/ticker/X%3ABTCUSD/range/4/hour/1700681543481/1732303943482?apiKey=9r03QW42EDKNVxcK2DEQYw2Sp7OVbAHy&adjusted=true&limit=500&sort=desc", "originalSymbol": "BTC/USD", "ticker": "X:BTCUSD", "startTime": "[server]2023-11-23 03:32:23.481", "endTime": "[server]2024-11-23 03:32:23.482", "interval": "4h"}
[server]2024-11-23 04:03:26.519	info	/Users/huangyi/GolandProjects/stock-exchange/server/service/symbol/symbols.go:906	Polygon API response	{"statusCode": 200}
[server]2024-11-23 04:03:48.605	info	/Users/huangyi/GolandProjects/stock-exchange/server/task/symbolsKline.go:208	完成K线数据更新	{"batch": 0, "start": 0, "end": 6, "total_symbols": 6}
[server]2024-11-23 04:04:49.105	info	/Users/huangyi/GolandProjects/stock-exchange/server/task/symbolsKline.go:208	完成K线数据更新	{"batch": 0, "start": 0, "end": 6, "total_symbols": 6}
[server]2024-11-23 04:05:48.776	info	/Users/huangyi/GolandProjects/stock-exchange/server/task/symbolsKline.go:208	完成K线数据更新	{"batch": 0, "start": 0, "end": 6, "total_symbols": 6}
[server]2024-11-23 04:06:42.830	info	/Users/huangyi/GolandProjects/stock-exchange/server/initialize/redis.go:35	redis connect ping response:	{"name": "", "pong": "PONG"}
[server]2024-11-23 04:06:42.840	info	/Users/huangyi/GolandProjects/stock-exchange/server/initialize/redis.go:35	redis connect ping response:	{"name": "cache", "pong": "PONG"}
[server]2024-11-23 04:06:43.025	info	/Users/huangyi/GolandProjects/stock-exchange/server/initialize/router.go:60	register swagger handler
[server]2024-11-23 04:06:47.635	info	/Users/huangyi/GolandProjects/stock-exchange/server/initialize/router.go:109	router register success
[server]2024-11-23 04:06:47.635	info	/Users/huangyi/GolandProjects/stock-exchange/server/core/server.go:38	server run success on 	{"address": ":8888"}
[server]2024-11-23 04:06:53.535	info	/Users/huangyi/GolandProjects/stock-exchange/server/service/symbol/symbols.go:890	Requesting Kline data	{"url": "https://api.polygon.io/v2/aggs/ticker/X%3ABTCUSD/range/4/hour/1700681543481/1732303943482?apiKey=9r03QW42EDKNVxcK2DEQYw2Sp7OVbAHy&adjusted=true&limit=50000&sort=desc", "originalSymbol": "BTC/USD", "ticker": "X:BTCUSD", "startTime": "[server]2023-11-23 03:32:23.481", "endTime": "[server]2024-11-23 03:32:23.482", "interval": "4h"}
[server]2024-11-23 04:06:54.076	info	/Users/huangyi/GolandProjects/stock-exchange/server/service/symbol/symbols.go:906	Polygon API response	{"statusCode": 200}
[server]2024-11-23 04:07:00.473	info	/Users/huangyi/GolandProjects/stock-exchange/server/main.go:53	Starting WebSocket initialization...
[server]2024-11-23 04:07:00.657	info	/Users/huangyi/GolandProjects/stock-exchange/server/initialize/websocket.go:94	WebSocket initialization completed
[server]2024-11-23 04:07:57.363	info	/Users/huangyi/GolandProjects/stock-exchange/server/task/symbolsKline.go:208	完成K线数据更新	{"batch": 0, "start": 0, "end": 6, "total_symbols": 6}
[server]2024-11-23 04:08:57.446	info	/Users/huangyi/GolandProjects/stock-exchange/server/task/symbolsKline.go:208	完成K线数据更新	{"batch": 0, "start": 0, "end": 6, "total_symbols": 6}
[server]2024-11-23 04:09:57.774	info	/Users/huangyi/GolandProjects/stock-exchange/server/task/symbolsKline.go:208	完成K线数据更新	{"batch": 0, "start": 0, "end": 6, "total_symbols": 6}
[server]2024-11-23 04:10:57.255	info	/Users/huangyi/GolandProjects/stock-exchange/server/task/symbolsKline.go:208	完成K线数据更新	{"batch": 0, "start": 0, "end": 6, "total_symbols": 6}
[server]2024-11-23 04:11:57.081	info	/Users/huangyi/GolandProjects/stock-exchange/server/task/symbolsKline.go:208	完成K线数据更新	{"batch": 0, "start": 0, "end": 6, "total_symbols": 6}
