[server]2025-01-02 22:52:24.716	debug	/Users/huangyi/GolandProjects/stock-exchange/server/service/symbol/symbols.go:2092	Processing price subscriptions	{"typeID": 0, "symbols": {"AAPL":true,"TSLA":true}}
[server]2025-01-02 22:52:24.717	debug	/Users/huangyi/GolandProjects/stock-exchange/server/service/symbol/symbols.go:2118	Fetching price from Redis	{"currentKey": "symbol:stock:AAPL", "previousCloseKey": "symbol:stock:AAPL:previous_close"}
[server]2025-01-02 22:52:24.727	debug	/Users/huangyi/GolandProjects/stock-exchange/server/service/symbol/symbols.go:2133	Price data prepared	{"symbol": "AAPL", "price": 250.41, "changeRatio": 0}
[server]2025-01-02 22:52:24.728	debug	/Users/huangyi/GolandProjects/stock-exchange/server/service/symbol/symbols.go:2118	Fetching price from Redis	{"currentKey": "symbol:stock:TSLA", "previousCloseKey": "symbol:stock:TSLA:previous_close"}
[server]2025-01-02 22:52:24.735	debug	/Users/huangyi/GolandProjects/stock-exchange/server/service/symbol/symbols.go:2133	Price data prepared	{"symbol": "TSLA", "price": 401.92, "changeRatio": 0}
[server]2025-01-02 22:52:24.735	debug	/Users/huangyi/GolandProjects/stock-exchange/server/service/symbol/symbols.go:2149	Sending price update	{"prices": {"AAPL":{"price":250.41,"changeRatio":0},"TSLA":{"price":401.92,"changeRatio":0}}}
[server]2025-01-02 22:52:25.716	debug	/Users/huangyi/GolandProjects/stock-exchange/server/service/symbol/symbols.go:2092	Processing price subscriptions	{"typeID": 0, "symbols": {"AAPL":true,"TSLA":true}}
[server]2025-01-02 22:52:25.717	debug	/Users/huangyi/GolandProjects/stock-exchange/server/service/symbol/symbols.go:2118	Fetching price from Redis	{"currentKey": "symbol:stock:AAPL", "previousCloseKey": "symbol:stock:AAPL:previous_close"}
[server]2025-01-02 22:52:25.730	debug	/Users/huangyi/GolandProjects/stock-exchange/server/service/symbol/symbols.go:2133	Price data prepared	{"symbol": "AAPL", "price": 250.41, "changeRatio": 0}
[server]2025-01-02 22:52:25.731	debug	/Users/huangyi/GolandProjects/stock-exchange/server/service/symbol/symbols.go:2118	Fetching price from Redis	{"currentKey": "symbol:stock:TSLA", "previousCloseKey": "symbol:stock:TSLA:previous_close"}
[server]2025-01-02 22:52:25.740	debug	/Users/huangyi/GolandProjects/stock-exchange/server/service/symbol/symbols.go:2133	Price data prepared	{"symbol": "TSLA", "price": 401.92, "changeRatio": 0}
[server]2025-01-02 22:52:25.741	debug	/Users/huangyi/GolandProjects/stock-exchange/server/service/symbol/symbols.go:2149	Sending price update	{"prices": {"AAPL":{"price":250.41,"changeRatio":0},"TSLA":{"price":401.92,"changeRatio":0}}}
[server]2025-01-02 22:52:26.716	debug	/Users/huangyi/GolandProjects/stock-exchange/server/service/symbol/symbols.go:2092	Processing price subscriptions	{"typeID": 0, "symbols": {"AAPL":true,"TSLA":true}}
[server]2025-01-02 22:52:26.717	debug	/Users/huangyi/GolandProjects/stock-exchange/server/service/symbol/symbols.go:2118	Fetching price from Redis	{"currentKey": "symbol:stock:AAPL", "previousCloseKey": "symbol:stock:AAPL:previous_close"}
[server]2025-01-02 22:52:26.723	debug	/Users/huangyi/GolandProjects/stock-exchange/server/service/symbol/symbols.go:2133	Price data prepared	{"symbol": "AAPL", "price": 250.41, "changeRatio": 0}
[server]2025-01-02 22:52:26.723	debug	/Users/huangyi/GolandProjects/stock-exchange/server/service/symbol/symbols.go:2118	Fetching price from Redis	{"currentKey": "symbol:stock:TSLA", "previousCloseKey": "symbol:stock:TSLA:previous_close"}
[server]2025-01-02 22:52:26.730	debug	/Users/huangyi/GolandProjects/stock-exchange/server/service/symbol/symbols.go:2133	Price data prepared	{"symbol": "TSLA", "price": 401.92, "changeRatio": 0}
[server]2025-01-02 22:52:26.730	debug	/Users/huangyi/GolandProjects/stock-exchange/server/service/symbol/symbols.go:2149	Sending price update	{"prices": {"AAPL":{"price":250.41,"changeRatio":0},"TSLA":{"price":401.92,"changeRatio":0}}}
[server]2025-01-02 22:52:27.716	debug	/Users/huangyi/GolandProjects/stock-exchange/server/service/symbol/symbols.go:2092	Processing price subscriptions	{"typeID": 0, "symbols": {"AAPL":true,"TSLA":true}}
[server]2025-01-02 22:52:27.718	debug	/Users/huangyi/GolandProjects/stock-exchange/server/service/symbol/symbols.go:2118	Fetching price from Redis	{"currentKey": "symbol:stock:AAPL", "previousCloseKey": "symbol:stock:AAPL:previous_close"}
[server]2025-01-02 22:52:27.722	debug	/Users/huangyi/GolandProjects/stock-exchange/server/service/symbol/symbols.go:2133	Price data prepared	{"symbol": "AAPL", "price": 250.41, "changeRatio": 0}
[server]2025-01-02 22:52:27.722	debug	/Users/huangyi/GolandProjects/stock-exchange/server/service/symbol/symbols.go:2118	Fetching price from Redis	{"currentKey": "symbol:stock:TSLA", "previousCloseKey": "symbol:stock:TSLA:previous_close"}
[server]2025-01-02 22:52:27.726	debug	/Users/huangyi/GolandProjects/stock-exchange/server/service/symbol/symbols.go:2133	Price data prepared	{"symbol": "TSLA", "price": 401.92, "changeRatio": 0}
[server]2025-01-02 22:52:27.726	debug	/Users/huangyi/GolandProjects/stock-exchange/server/service/symbol/symbols.go:2149	Sending price update	{"prices": {"AAPL":{"price":250.41,"changeRatio":0},"TSLA":{"price":401.92,"changeRatio":0}}}
[server]2025-01-02 22:52:28.716	debug	/Users/huangyi/GolandProjects/stock-exchange/server/service/symbol/symbols.go:2092	Processing price subscriptions	{"typeID": 0, "symbols": {"AAPL":true,"TSLA":true}}
[server]2025-01-02 22:52:28.716	debug	/Users/huangyi/GolandProjects/stock-exchange/server/service/symbol/symbols.go:2118	Fetching price from Redis	{"currentKey": "symbol:stock:AAPL", "previousCloseKey": "symbol:stock:AAPL:previous_close"}
[server]2025-01-02 22:52:28.724	debug	/Users/huangyi/GolandProjects/stock-exchange/server/service/symbol/symbols.go:2133	Price data prepared	{"symbol": "AAPL", "price": 250.41, "changeRatio": 0}
[server]2025-01-02 22:52:28.725	debug	/Users/huangyi/GolandProjects/stock-exchange/server/service/symbol/symbols.go:2118	Fetching price from Redis	{"currentKey": "symbol:stock:TSLA", "previousCloseKey": "symbol:stock:TSLA:previous_close"}
[server]2025-01-02 22:52:28.730	debug	/Users/huangyi/GolandProjects/stock-exchange/server/service/symbol/symbols.go:2133	Price data prepared	{"symbol": "TSLA", "price": 401.92, "changeRatio": 0}
[server]2025-01-02 22:52:28.731	debug	/Users/huangyi/GolandProjects/stock-exchange/server/service/symbol/symbols.go:2149	Sending price update	{"prices": {"AAPL":{"price":250.41,"changeRatio":0},"TSLA":{"price":401.92,"changeRatio":0}}}
[server]2025-01-02 22:52:29.716	debug	/Users/huangyi/GolandProjects/stock-exchange/server/service/symbol/symbols.go:2092	Processing price subscriptions	{"typeID": 0, "symbols": {"AAPL":true,"TSLA":true}}
[server]2025-01-02 22:52:29.717	debug	/Users/huangyi/GolandProjects/stock-exchange/server/service/symbol/symbols.go:2118	Fetching price from Redis	{"currentKey": "symbol:stock:AAPL", "previousCloseKey": "symbol:stock:AAPL:previous_close"}
[server]2025-01-02 22:52:29.723	debug	/Users/huangyi/GolandProjects/stock-exchange/server/service/symbol/symbols.go:2133	Price data prepared	{"symbol": "AAPL", "price": 250.41, "changeRatio": 0}
[server]2025-01-02 22:52:29.723	debug	/Users/huangyi/GolandProjects/stock-exchange/server/service/symbol/symbols.go:2118	Fetching price from Redis	{"currentKey": "symbol:stock:TSLA", "previousCloseKey": "symbol:stock:TSLA:previous_close"}
[server]2025-01-02 22:52:29.730	debug	/Users/huangyi/GolandProjects/stock-exchange/server/service/symbol/symbols.go:2133	Price data prepared	{"symbol": "TSLA", "price": 401.92, "changeRatio": 0}
[server]2025-01-02 22:52:29.730	debug	/Users/huangyi/GolandProjects/stock-exchange/server/service/symbol/symbols.go:2149	Sending price update	{"prices": {"AAPL":{"price":250.41,"changeRatio":0},"TSLA":{"price":401.92,"changeRatio":0}}}
[server]2025-01-02 22:52:39.596	debug	/Users/huangyi/GolandProjects/stock-exchange/server/service/symbol/symbols.go:2092	Processing price subscriptions	{"typeID": 0, "symbols": {"AAPL":true,"TSLA":true}}
[server]2025-01-02 22:52:39.596	debug	/Users/huangyi/GolandProjects/stock-exchange/server/service/symbol/symbols.go:2118	Fetching price from Redis	{"currentKey": "symbol:stock:AAPL", "previousCloseKey": "symbol:stock:AAPL:previous_close"}
[server]2025-01-02 22:52:39.605	debug	/Users/huangyi/GolandProjects/stock-exchange/server/service/symbol/symbols.go:2133	Price data prepared	{"symbol": "AAPL", "price": 250.41, "changeRatio": 0}
[server]2025-01-02 22:52:39.605	debug	/Users/huangyi/GolandProjects/stock-exchange/server/service/symbol/symbols.go:2118	Fetching price from Redis	{"currentKey": "symbol:stock:TSLA", "previousCloseKey": "symbol:stock:TSLA:previous_close"}
[server]2025-01-02 22:52:39.612	debug	/Users/huangyi/GolandProjects/stock-exchange/server/service/symbol/symbols.go:2133	Price data prepared	{"symbol": "TSLA", "price": 401.92, "changeRatio": 0}
[server]2025-01-02 22:52:39.613	debug	/Users/huangyi/GolandProjects/stock-exchange/server/service/symbol/symbols.go:2149	Sending price update	{"prices": {"AAPL":{"price":250.41,"changeRatio":0},"TSLA":{"price":401.92,"changeRatio":0}}}
[server]2025-01-02 22:52:40.596	debug	/Users/huangyi/GolandProjects/stock-exchange/server/service/symbol/symbols.go:2092	Processing price subscriptions	{"typeID": 0, "symbols": {"AAPL":true,"TSLA":true}}
[server]2025-01-02 22:52:40.597	debug	/Users/huangyi/GolandProjects/stock-exchange/server/service/symbol/symbols.go:2118	Fetching price from Redis	{"currentKey": "symbol:stock:AAPL", "previousCloseKey": "symbol:stock:AAPL:previous_close"}
[server]2025-01-02 22:52:40.609	debug	/Users/huangyi/GolandProjects/stock-exchange/server/service/symbol/symbols.go:2133	Price data prepared	{"symbol": "AAPL", "price": 250.41, "changeRatio": 0}
[server]2025-01-02 22:52:40.609	debug	/Users/huangyi/GolandProjects/stock-exchange/server/service/symbol/symbols.go:2118	Fetching price from Redis	{"currentKey": "symbol:stock:TSLA", "previousCloseKey": "symbol:stock:TSLA:previous_close"}
[server]2025-01-02 22:52:40.618	debug	/Users/huangyi/GolandProjects/stock-exchange/server/service/symbol/symbols.go:2133	Price data prepared	{"symbol": "TSLA", "price": 401.92, "changeRatio": 0}
[server]2025-01-02 22:52:40.618	debug	/Users/huangyi/GolandProjects/stock-exchange/server/service/symbol/symbols.go:2149	Sending price update	{"prices": {"AAPL":{"price":250.41,"changeRatio":0},"TSLA":{"price":401.92,"changeRatio":0}}}
[server]2025-01-02 22:52:41.596	debug	/Users/huangyi/GolandProjects/stock-exchange/server/service/symbol/symbols.go:2092	Processing price subscriptions	{"typeID": 0, "symbols": {"AAPL":true,"TSLA":true}}
[server]2025-01-02 22:52:41.596	debug	/Users/huangyi/GolandProjects/stock-exchange/server/service/symbol/symbols.go:2118	Fetching price from Redis	{"currentKey": "symbol:stock:AAPL", "previousCloseKey": "symbol:stock:AAPL:previous_close"}
[server]2025-01-02 22:52:41.601	debug	/Users/huangyi/GolandProjects/stock-exchange/server/service/symbol/symbols.go:2133	Price data prepared	{"symbol": "AAPL", "price": 250.41, "changeRatio": 0}
[server]2025-01-02 22:52:41.601	debug	/Users/huangyi/GolandProjects/stock-exchange/server/service/symbol/symbols.go:2118	Fetching price from Redis	{"currentKey": "symbol:stock:TSLA", "previousCloseKey": "symbol:stock:TSLA:previous_close"}
[server]2025-01-02 22:52:41.606	debug	/Users/huangyi/GolandProjects/stock-exchange/server/service/symbol/symbols.go:2133	Price data prepared	{"symbol": "TSLA", "price": 401.92, "changeRatio": 0}
[server]2025-01-02 22:52:41.606	debug	/Users/huangyi/GolandProjects/stock-exchange/server/service/symbol/symbols.go:2149	Sending price update	{"prices": {"AAPL":{"price":250.41,"changeRatio":0},"TSLA":{"price":401.92,"changeRatio":0}}}
[server]2025-01-02 22:52:42.596	debug	/Users/huangyi/GolandProjects/stock-exchange/server/service/symbol/symbols.go:2092	Processing price subscriptions	{"typeID": 0, "symbols": {"AAPL":true,"TSLA":true}}
[server]2025-01-02 22:52:42.596	debug	/Users/huangyi/GolandProjects/stock-exchange/server/service/symbol/symbols.go:2118	Fetching price from Redis	{"currentKey": "symbol:stock:AAPL", "previousCloseKey": "symbol:stock:AAPL:previous_close"}
[server]2025-01-02 22:52:42.603	debug	/Users/huangyi/GolandProjects/stock-exchange/server/service/symbol/symbols.go:2133	Price data prepared	{"symbol": "AAPL", "price": 250.41, "changeRatio": 0}
[server]2025-01-02 22:52:42.604	debug	/Users/huangyi/GolandProjects/stock-exchange/server/service/symbol/symbols.go:2118	Fetching price from Redis	{"currentKey": "symbol:stock:TSLA", "previousCloseKey": "symbol:stock:TSLA:previous_close"}
[server]2025-01-02 22:52:42.610	debug	/Users/huangyi/GolandProjects/stock-exchange/server/service/symbol/symbols.go:2133	Price data prepared	{"symbol": "TSLA", "price": 401.92, "changeRatio": 0}
[server]2025-01-02 22:52:42.611	debug	/Users/huangyi/GolandProjects/stock-exchange/server/service/symbol/symbols.go:2149	Sending price update	{"prices": {"AAPL":{"price":250.41,"changeRatio":0},"TSLA":{"price":401.92,"changeRatio":0}}}
[server]2025-01-02 22:52:43.596	debug	/Users/huangyi/GolandProjects/stock-exchange/server/service/symbol/symbols.go:2092	Processing price subscriptions	{"typeID": 0, "symbols": {"AAPL":true,"TSLA":true}}
[server]2025-01-02 22:52:43.596	debug	/Users/huangyi/GolandProjects/stock-exchange/server/service/symbol/symbols.go:2118	Fetching price from Redis	{"currentKey": "symbol:stock:AAPL", "previousCloseKey": "symbol:stock:AAPL:previous_close"}
[server]2025-01-02 22:52:43.602	debug	/Users/huangyi/GolandProjects/stock-exchange/server/service/symbol/symbols.go:2133	Price data prepared	{"symbol": "AAPL", "price": 250.41, "changeRatio": 0}
[server]2025-01-02 22:52:43.602	debug	/Users/huangyi/GolandProjects/stock-exchange/server/service/symbol/symbols.go:2118	Fetching price from Redis	{"currentKey": "symbol:stock:TSLA", "previousCloseKey": "symbol:stock:TSLA:previous_close"}
[server]2025-01-02 22:52:43.608	debug	/Users/huangyi/GolandProjects/stock-exchange/server/service/symbol/symbols.go:2133	Price data prepared	{"symbol": "TSLA", "price": 401.92, "changeRatio": 0}
[server]2025-01-02 22:52:43.608	debug	/Users/huangyi/GolandProjects/stock-exchange/server/service/symbol/symbols.go:2149	Sending price update	{"prices": {"AAPL":{"price":250.41,"changeRatio":0},"TSLA":{"price":401.92,"changeRatio":0}}}
[server]2025-01-02 22:52:44.601	debug	/Users/huangyi/GolandProjects/stock-exchange/server/service/symbol/symbols.go:2092	Processing price subscriptions	{"typeID": 0, "symbols": {"AAPL":true,"TSLA":true}}
[server]2025-01-02 22:52:44.601	debug	/Users/huangyi/GolandProjects/stock-exchange/server/service/symbol/symbols.go:2118	Fetching price from Redis	{"currentKey": "symbol:stock:AAPL", "previousCloseKey": "symbol:stock:AAPL:previous_close"}
[server]2025-01-02 22:52:44.626	debug	/Users/huangyi/GolandProjects/stock-exchange/server/service/symbol/symbols.go:2133	Price data prepared	{"symbol": "AAPL", "price": 250.41, "changeRatio": 0}
[server]2025-01-02 22:52:44.626	debug	/Users/huangyi/GolandProjects/stock-exchange/server/service/symbol/symbols.go:2118	Fetching price from Redis	{"currentKey": "symbol:stock:TSLA", "previousCloseKey": "symbol:stock:TSLA:previous_close"}
[server]2025-01-02 22:52:44.635	debug	/Users/huangyi/GolandProjects/stock-exchange/server/service/symbol/symbols.go:2133	Price data prepared	{"symbol": "TSLA", "price": 401.92, "changeRatio": 0}
[server]2025-01-02 22:52:44.636	debug	/Users/huangyi/GolandProjects/stock-exchange/server/service/symbol/symbols.go:2149	Sending price update	{"prices": {"AAPL":{"price":250.41,"changeRatio":0},"TSLA":{"price":401.92,"changeRatio":0}}}
[server]2025-01-02 22:52:45.596	debug	/Users/huangyi/GolandProjects/stock-exchange/server/service/symbol/symbols.go:2092	Processing price subscriptions	{"typeID": 0, "symbols": {"AAPL":true,"TSLA":true}}
[server]2025-01-02 22:52:45.596	debug	/Users/huangyi/GolandProjects/stock-exchange/server/service/symbol/symbols.go:2118	Fetching price from Redis	{"currentKey": "symbol:stock:AAPL", "previousCloseKey": "symbol:stock:AAPL:previous_close"}
[server]2025-01-02 22:52:45.602	debug	/Users/huangyi/GolandProjects/stock-exchange/server/service/symbol/symbols.go:2133	Price data prepared	{"symbol": "AAPL", "price": 250.41, "changeRatio": 0}
[server]2025-01-02 22:52:45.603	debug	/Users/huangyi/GolandProjects/stock-exchange/server/service/symbol/symbols.go:2118	Fetching price from Redis	{"currentKey": "symbol:stock:TSLA", "previousCloseKey": "symbol:stock:TSLA:previous_close"}
[server]2025-01-02 22:52:45.608	debug	/Users/huangyi/GolandProjects/stock-exchange/server/service/symbol/symbols.go:2133	Price data prepared	{"symbol": "TSLA", "price": 401.92, "changeRatio": 0}
[server]2025-01-02 22:52:45.609	debug	/Users/huangyi/GolandProjects/stock-exchange/server/service/symbol/symbols.go:2149	Sending price update	{"prices": {"AAPL":{"price":250.41,"changeRatio":0},"TSLA":{"price":401.92,"changeRatio":0}}}
[server]2025-01-02 22:52:46.596	debug	/Users/huangyi/GolandProjects/stock-exchange/server/service/symbol/symbols.go:2092	Processing price subscriptions	{"typeID": 0, "symbols": {"AAPL":true,"TSLA":true}}
[server]2025-01-02 22:52:46.596	debug	/Users/huangyi/GolandProjects/stock-exchange/server/service/symbol/symbols.go:2118	Fetching price from Redis	{"currentKey": "symbol:stock:AAPL", "previousCloseKey": "symbol:stock:AAPL:previous_close"}
[server]2025-01-02 22:52:46.605	debug	/Users/huangyi/GolandProjects/stock-exchange/server/service/symbol/symbols.go:2133	Price data prepared	{"symbol": "AAPL", "price": 250.41, "changeRatio": 0}
[server]2025-01-02 22:52:46.605	debug	/Users/huangyi/GolandProjects/stock-exchange/server/service/symbol/symbols.go:2118	Fetching price from Redis	{"currentKey": "symbol:stock:TSLA", "previousCloseKey": "symbol:stock:TSLA:previous_close"}
[server]2025-01-02 22:52:46.612	debug	/Users/huangyi/GolandProjects/stock-exchange/server/service/symbol/symbols.go:2133	Price data prepared	{"symbol": "TSLA", "price": 401.92, "changeRatio": 0}
[server]2025-01-02 22:52:46.612	debug	/Users/huangyi/GolandProjects/stock-exchange/server/service/symbol/symbols.go:2149	Sending price update	{"prices": {"AAPL":{"price":250.41,"changeRatio":0},"TSLA":{"price":401.92,"changeRatio":0}}}
[server]2025-01-02 22:52:47.596	debug	/Users/huangyi/GolandProjects/stock-exchange/server/service/symbol/symbols.go:2092	Processing price subscriptions	{"typeID": 0, "symbols": {"AAPL":true,"TSLA":true}}
[server]2025-01-02 22:52:47.596	debug	/Users/huangyi/GolandProjects/stock-exchange/server/service/symbol/symbols.go:2118	Fetching price from Redis	{"currentKey": "symbol:stock:AAPL", "previousCloseKey": "symbol:stock:AAPL:previous_close"}
[server]2025-01-02 22:52:47.602	debug	/Users/huangyi/GolandProjects/stock-exchange/server/service/symbol/symbols.go:2133	Price data prepared	{"symbol": "AAPL", "price": 250.41, "changeRatio": 0}
[server]2025-01-02 22:52:47.602	debug	/Users/huangyi/GolandProjects/stock-exchange/server/service/symbol/symbols.go:2118	Fetching price from Redis	{"currentKey": "symbol:stock:TSLA", "previousCloseKey": "symbol:stock:TSLA:previous_close"}
[server]2025-01-02 22:52:47.608	debug	/Users/huangyi/GolandProjects/stock-exchange/server/service/symbol/symbols.go:2133	Price data prepared	{"symbol": "TSLA", "price": 401.92, "changeRatio": 0}
[server]2025-01-02 22:52:47.608	debug	/Users/huangyi/GolandProjects/stock-exchange/server/service/symbol/symbols.go:2149	Sending price update	{"prices": {"AAPL":{"price":250.41,"changeRatio":0},"TSLA":{"price":401.92,"changeRatio":0}}}
[server]2025-01-02 22:52:48.596	debug	/Users/huangyi/GolandProjects/stock-exchange/server/service/symbol/symbols.go:2092	Processing price subscriptions	{"typeID": 0, "symbols": {"AAPL":true,"TSLA":true}}
[server]2025-01-02 22:52:48.596	debug	/Users/huangyi/GolandProjects/stock-exchange/server/service/symbol/symbols.go:2118	Fetching price from Redis	{"currentKey": "symbol:stock:AAPL", "previousCloseKey": "symbol:stock:AAPL:previous_close"}
[server]2025-01-02 22:52:48.604	debug	/Users/huangyi/GolandProjects/stock-exchange/server/service/symbol/symbols.go:2133	Price data prepared	{"symbol": "AAPL", "price": 250.41, "changeRatio": 0}
[server]2025-01-02 22:52:48.604	debug	/Users/huangyi/GolandProjects/stock-exchange/server/service/symbol/symbols.go:2118	Fetching price from Redis	{"currentKey": "symbol:stock:TSLA", "previousCloseKey": "symbol:stock:TSLA:previous_close"}
[server]2025-01-02 22:52:48.613	debug	/Users/huangyi/GolandProjects/stock-exchange/server/service/symbol/symbols.go:2133	Price data prepared	{"symbol": "TSLA", "price": 401.92, "changeRatio": 0}
[server]2025-01-02 22:52:48.614	debug	/Users/huangyi/GolandProjects/stock-exchange/server/service/symbol/symbols.go:2149	Sending price update	{"prices": {"AAPL":{"price":250.41,"changeRatio":0},"TSLA":{"price":401.92,"changeRatio":0}}}
[server]2025-01-02 22:52:51.779	debug	/Users/huangyi/GolandProjects/stock-exchange/server/service/symbol/symbols.go:2092	Processing price subscriptions	{"typeID": 0, "symbols": {"AAPL":true,"TSLA":true}}
[server]2025-01-02 22:52:51.780	debug	/Users/huangyi/GolandProjects/stock-exchange/server/service/symbol/symbols.go:2118	Fetching price from Redis	{"currentKey": "symbol:stock:AAPL", "previousCloseKey": "symbol:stock:AAPL:previous_close"}
[server]2025-01-02 22:52:51.786	debug	/Users/huangyi/GolandProjects/stock-exchange/server/service/symbol/symbols.go:2133	Price data prepared	{"symbol": "AAPL", "price": 250.41, "changeRatio": 0}
[server]2025-01-02 22:52:51.786	debug	/Users/huangyi/GolandProjects/stock-exchange/server/service/symbol/symbols.go:2118	Fetching price from Redis	{"currentKey": "symbol:stock:TSLA", "previousCloseKey": "symbol:stock:TSLA:previous_close"}
[server]2025-01-02 22:52:51.791	debug	/Users/huangyi/GolandProjects/stock-exchange/server/service/symbol/symbols.go:2133	Price data prepared	{"symbol": "TSLA", "price": 401.92, "changeRatio": 0}
[server]2025-01-02 22:52:51.791	debug	/Users/huangyi/GolandProjects/stock-exchange/server/service/symbol/symbols.go:2149	Sending price update	{"prices": {"AAPL":{"price":250.41,"changeRatio":0},"TSLA":{"price":401.92,"changeRatio":0}}}
[server]2025-01-02 22:52:52.779	debug	/Users/huangyi/GolandProjects/stock-exchange/server/service/symbol/symbols.go:2092	Processing price subscriptions	{"typeID": 0, "symbols": {"AAPL":true,"TSLA":true}}
[server]2025-01-02 22:52:52.780	debug	/Users/huangyi/GolandProjects/stock-exchange/server/service/symbol/symbols.go:2118	Fetching price from Redis	{"currentKey": "symbol:stock:AAPL", "previousCloseKey": "symbol:stock:AAPL:previous_close"}
[server]2025-01-02 22:52:52.789	debug	/Users/huangyi/GolandProjects/stock-exchange/server/service/symbol/symbols.go:2133	Price data prepared	{"symbol": "AAPL", "price": 250.41, "changeRatio": 0}
[server]2025-01-02 22:52:52.789	debug	/Users/huangyi/GolandProjects/stock-exchange/server/service/symbol/symbols.go:2118	Fetching price from Redis	{"currentKey": "symbol:stock:TSLA", "previousCloseKey": "symbol:stock:TSLA:previous_close"}
[server]2025-01-02 22:52:52.795	debug	/Users/huangyi/GolandProjects/stock-exchange/server/service/symbol/symbols.go:2133	Price data prepared	{"symbol": "TSLA", "price": 401.92, "changeRatio": 0}
[server]2025-01-02 22:52:52.795	debug	/Users/huangyi/GolandProjects/stock-exchange/server/service/symbol/symbols.go:2149	Sending price update	{"prices": {"AAPL":{"price":250.41,"changeRatio":0},"TSLA":{"price":401.92,"changeRatio":0}}}
[server]2025-01-02 22:52:53.780	debug	/Users/huangyi/GolandProjects/stock-exchange/server/service/symbol/symbols.go:2092	Processing price subscriptions	{"typeID": 0, "symbols": {"AAPL":true,"TSLA":true}}
[server]2025-01-02 22:52:53.781	debug	/Users/huangyi/GolandProjects/stock-exchange/server/service/symbol/symbols.go:2118	Fetching price from Redis	{"currentKey": "symbol:stock:AAPL", "previousCloseKey": "symbol:stock:AAPL:previous_close"}
[server]2025-01-02 22:52:53.795	debug	/Users/huangyi/GolandProjects/stock-exchange/server/service/symbol/symbols.go:2133	Price data prepared	{"symbol": "AAPL", "price": 250.41, "changeRatio": 0}
[server]2025-01-02 22:52:53.796	debug	/Users/huangyi/GolandProjects/stock-exchange/server/service/symbol/symbols.go:2118	Fetching price from Redis	{"currentKey": "symbol:stock:TSLA", "previousCloseKey": "symbol:stock:TSLA:previous_close"}
[server]2025-01-02 22:52:53.806	debug	/Users/huangyi/GolandProjects/stock-exchange/server/service/symbol/symbols.go:2133	Price data prepared	{"symbol": "TSLA", "price": 401.92, "changeRatio": 0}
[server]2025-01-02 22:52:53.806	debug	/Users/huangyi/GolandProjects/stock-exchange/server/service/symbol/symbols.go:2149	Sending price update	{"prices": {"AAPL":{"price":250.41,"changeRatio":0},"TSLA":{"price":401.92,"changeRatio":0}}}
[server]2025-01-02 22:52:54.779	debug	/Users/huangyi/GolandProjects/stock-exchange/server/service/symbol/symbols.go:2092	Processing price subscriptions	{"typeID": 0, "symbols": {"AAPL":true,"TSLA":true}}
[server]2025-01-02 22:52:54.780	debug	/Users/huangyi/GolandProjects/stock-exchange/server/service/symbol/symbols.go:2118	Fetching price from Redis	{"currentKey": "symbol:stock:AAPL", "previousCloseKey": "symbol:stock:AAPL:previous_close"}
[server]2025-01-02 22:52:54.783	debug	/Users/huangyi/GolandProjects/stock-exchange/server/service/symbol/symbols.go:2133	Price data prepared	{"symbol": "AAPL", "price": 250.41, "changeRatio": 0}
[server]2025-01-02 22:52:54.784	debug	/Users/huangyi/GolandProjects/stock-exchange/server/service/symbol/symbols.go:2118	Fetching price from Redis	{"currentKey": "symbol:stock:TSLA", "previousCloseKey": "symbol:stock:TSLA:previous_close"}
[server]2025-01-02 22:52:54.788	debug	/Users/huangyi/GolandProjects/stock-exchange/server/service/symbol/symbols.go:2133	Price data prepared	{"symbol": "TSLA", "price": 401.92, "changeRatio": 0}
[server]2025-01-02 22:52:54.788	debug	/Users/huangyi/GolandProjects/stock-exchange/server/service/symbol/symbols.go:2149	Sending price update	{"prices": {"AAPL":{"price":250.41,"changeRatio":0},"TSLA":{"price":401.92,"changeRatio":0}}}
[server]2025-01-02 22:52:55.779	debug	/Users/huangyi/GolandProjects/stock-exchange/server/service/symbol/symbols.go:2092	Processing price subscriptions	{"typeID": 0, "symbols": {"AAPL":true,"TSLA":true}}
[server]2025-01-02 22:52:55.780	debug	/Users/huangyi/GolandProjects/stock-exchange/server/service/symbol/symbols.go:2118	Fetching price from Redis	{"currentKey": "symbol:stock:TSLA", "previousCloseKey": "symbol:stock:TSLA:previous_close"}
[server]2025-01-02 22:52:55.786	debug	/Users/huangyi/GolandProjects/stock-exchange/server/service/symbol/symbols.go:2133	Price data prepared	{"symbol": "TSLA", "price": 401.92, "changeRatio": 0}
[server]2025-01-02 22:52:55.787	debug	/Users/huangyi/GolandProjects/stock-exchange/server/service/symbol/symbols.go:2118	Fetching price from Redis	{"currentKey": "symbol:stock:AAPL", "previousCloseKey": "symbol:stock:AAPL:previous_close"}
[server]2025-01-02 22:52:55.791	debug	/Users/huangyi/GolandProjects/stock-exchange/server/service/symbol/symbols.go:2133	Price data prepared	{"symbol": "AAPL", "price": 250.41, "changeRatio": 0}
[server]2025-01-02 22:52:55.791	debug	/Users/huangyi/GolandProjects/stock-exchange/server/service/symbol/symbols.go:2149	Sending price update	{"prices": {"AAPL":{"price":250.41,"changeRatio":0},"TSLA":{"price":401.92,"changeRatio":0}}}
[server]2025-01-02 22:52:56.779	debug	/Users/huangyi/GolandProjects/stock-exchange/server/service/symbol/symbols.go:2092	Processing price subscriptions	{"typeID": 0, "symbols": {"AAPL":true,"TSLA":true}}
[server]2025-01-02 22:52:56.780	debug	/Users/huangyi/GolandProjects/stock-exchange/server/service/symbol/symbols.go:2118	Fetching price from Redis	{"currentKey": "symbol:stock:AAPL", "previousCloseKey": "symbol:stock:AAPL:previous_close"}
[server]2025-01-02 22:52:56.786	debug	/Users/huangyi/GolandProjects/stock-exchange/server/service/symbol/symbols.go:2133	Price data prepared	{"symbol": "AAPL", "price": 250.41, "changeRatio": 0}
[server]2025-01-02 22:52:56.787	debug	/Users/huangyi/GolandProjects/stock-exchange/server/service/symbol/symbols.go:2118	Fetching price from Redis	{"currentKey": "symbol:stock:TSLA", "previousCloseKey": "symbol:stock:TSLA:previous_close"}
[server]2025-01-02 22:52:56.791	debug	/Users/huangyi/GolandProjects/stock-exchange/server/service/symbol/symbols.go:2133	Price data prepared	{"symbol": "TSLA", "price": 401.92, "changeRatio": 0}
[server]2025-01-02 22:52:56.791	debug	/Users/huangyi/GolandProjects/stock-exchange/server/service/symbol/symbols.go:2149	Sending price update	{"prices": {"AAPL":{"price":250.41,"changeRatio":0},"TSLA":{"price":401.92,"changeRatio":0}}}
[server]2025-01-02 22:52:57.779	debug	/Users/huangyi/GolandProjects/stock-exchange/server/service/symbol/symbols.go:2092	Processing price subscriptions	{"typeID": 0, "symbols": {"AAPL":true,"TSLA":true}}
[server]2025-01-02 22:52:57.780	debug	/Users/huangyi/GolandProjects/stock-exchange/server/service/symbol/symbols.go:2118	Fetching price from Redis	{"currentKey": "symbol:stock:AAPL", "previousCloseKey": "symbol:stock:AAPL:previous_close"}
[server]2025-01-02 22:52:57.784	debug	/Users/huangyi/GolandProjects/stock-exchange/server/service/symbol/symbols.go:2133	Price data prepared	{"symbol": "AAPL", "price": 250.41, "changeRatio": 0}
[server]2025-01-02 22:52:57.784	debug	/Users/huangyi/GolandProjects/stock-exchange/server/service/symbol/symbols.go:2118	Fetching price from Redis	{"currentKey": "symbol:stock:TSLA", "previousCloseKey": "symbol:stock:TSLA:previous_close"}
[server]2025-01-02 22:52:57.788	debug	/Users/huangyi/GolandProjects/stock-exchange/server/service/symbol/symbols.go:2133	Price data prepared	{"symbol": "TSLA", "price": 401.92, "changeRatio": 0}
[server]2025-01-02 22:52:57.788	debug	/Users/huangyi/GolandProjects/stock-exchange/server/service/symbol/symbols.go:2149	Sending price update	{"prices": {"AAPL":{"price":250.41,"changeRatio":0},"TSLA":{"price":401.92,"changeRatio":0}}}
[server]2025-01-02 22:52:58.780	debug	/Users/huangyi/GolandProjects/stock-exchange/server/service/symbol/symbols.go:2092	Processing price subscriptions	{"typeID": 0, "symbols": {"AAPL":true,"TSLA":true}}
[server]2025-01-02 22:52:58.781	debug	/Users/huangyi/GolandProjects/stock-exchange/server/service/symbol/symbols.go:2118	Fetching price from Redis	{"currentKey": "symbol:stock:AAPL", "previousCloseKey": "symbol:stock:AAPL:previous_close"}
[server]2025-01-02 22:52:58.795	debug	/Users/huangyi/GolandProjects/stock-exchange/server/service/symbol/symbols.go:2133	Price data prepared	{"symbol": "AAPL", "price": 250.41, "changeRatio": 0}
[server]2025-01-02 22:52:58.796	debug	/Users/huangyi/GolandProjects/stock-exchange/server/service/symbol/symbols.go:2118	Fetching price from Redis	{"currentKey": "symbol:stock:TSLA", "previousCloseKey": "symbol:stock:TSLA:previous_close"}
[server]2025-01-02 22:52:58.829	debug	/Users/huangyi/GolandProjects/stock-exchange/server/service/symbol/symbols.go:2133	Price data prepared	{"symbol": "TSLA", "price": 401.92, "changeRatio": 0}
[server]2025-01-02 22:52:58.830	debug	/Users/huangyi/GolandProjects/stock-exchange/server/service/symbol/symbols.go:2149	Sending price update	{"prices": {"AAPL":{"price":250.41,"changeRatio":0},"TSLA":{"price":401.92,"changeRatio":0}}}
[server]2025-01-02 22:52:59.779	debug	/Users/huangyi/GolandProjects/stock-exchange/server/service/symbol/symbols.go:2092	Processing price subscriptions	{"typeID": 0, "symbols": {"AAPL":true,"TSLA":true}}
[server]2025-01-02 22:52:59.780	debug	/Users/huangyi/GolandProjects/stock-exchange/server/service/symbol/symbols.go:2118	Fetching price from Redis	{"currentKey": "symbol:stock:AAPL", "previousCloseKey": "symbol:stock:AAPL:previous_close"}
[server]2025-01-02 22:52:59.787	debug	/Users/huangyi/GolandProjects/stock-exchange/server/service/symbol/symbols.go:2133	Price data prepared	{"symbol": "AAPL", "price": 250.41, "changeRatio": 0}
[server]2025-01-02 22:52:59.787	debug	/Users/huangyi/GolandProjects/stock-exchange/server/service/symbol/symbols.go:2118	Fetching price from Redis	{"currentKey": "symbol:stock:TSLA", "previousCloseKey": "symbol:stock:TSLA:previous_close"}
[server]2025-01-02 22:52:59.793	debug	/Users/huangyi/GolandProjects/stock-exchange/server/service/symbol/symbols.go:2133	Price data prepared	{"symbol": "TSLA", "price": 401.92, "changeRatio": 0}
[server]2025-01-02 22:52:59.793	debug	/Users/huangyi/GolandProjects/stock-exchange/server/service/symbol/symbols.go:2149	Sending price update	{"prices": {"AAPL":{"price":250.41,"changeRatio":0},"TSLA":{"price":401.92,"changeRatio":0}}}
[server]2025-01-02 22:53:00.779	debug	/Users/huangyi/GolandProjects/stock-exchange/server/service/symbol/symbols.go:2092	Processing price subscriptions	{"typeID": 0, "symbols": {"AAPL":true,"TSLA":true}}
[server]2025-01-02 22:53:00.780	debug	/Users/huangyi/GolandProjects/stock-exchange/server/service/symbol/symbols.go:2118	Fetching price from Redis	{"currentKey": "symbol:stock:AAPL", "previousCloseKey": "symbol:stock:AAPL:previous_close"}
[server]2025-01-02 22:53:00.787	debug	/Users/huangyi/GolandProjects/stock-exchange/server/service/symbol/symbols.go:2133	Price data prepared	{"symbol": "AAPL", "price": 250.41, "changeRatio": 0}
[server]2025-01-02 22:53:00.787	debug	/Users/huangyi/GolandProjects/stock-exchange/server/service/symbol/symbols.go:2118	Fetching price from Redis	{"currentKey": "symbol:stock:TSLA", "previousCloseKey": "symbol:stock:TSLA:previous_close"}
[server]2025-01-02 22:53:00.791	debug	/Users/huangyi/GolandProjects/stock-exchange/server/service/symbol/symbols.go:2133	Price data prepared	{"symbol": "TSLA", "price": 401.92, "changeRatio": 0}
[server]2025-01-02 22:53:00.792	debug	/Users/huangyi/GolandProjects/stock-exchange/server/service/symbol/symbols.go:2149	Sending price update	{"prices": {"AAPL":{"price":250.41,"changeRatio":0},"TSLA":{"price":401.92,"changeRatio":0}}}
[server]2025-01-02 22:53:01.779	debug	/Users/huangyi/GolandProjects/stock-exchange/server/service/symbol/symbols.go:2092	Processing price subscriptions	{"typeID": 0, "symbols": {"AAPL":true,"TSLA":true}}
[server]2025-01-02 22:53:01.780	debug	/Users/huangyi/GolandProjects/stock-exchange/server/service/symbol/symbols.go:2118	Fetching price from Redis	{"currentKey": "symbol:stock:AAPL", "previousCloseKey": "symbol:stock:AAPL:previous_close"}
[server]2025-01-02 22:53:01.786	debug	/Users/huangyi/GolandProjects/stock-exchange/server/service/symbol/symbols.go:2133	Price data prepared	{"symbol": "AAPL", "price": 250.41, "changeRatio": 0}
[server]2025-01-02 22:53:01.786	debug	/Users/huangyi/GolandProjects/stock-exchange/server/service/symbol/symbols.go:2118	Fetching price from Redis	{"currentKey": "symbol:stock:TSLA", "previousCloseKey": "symbol:stock:TSLA:previous_close"}
[server]2025-01-02 22:53:01.792	debug	/Users/huangyi/GolandProjects/stock-exchange/server/service/symbol/symbols.go:2133	Price data prepared	{"symbol": "TSLA", "price": 401.92, "changeRatio": 0}
[server]2025-01-02 22:53:01.792	debug	/Users/huangyi/GolandProjects/stock-exchange/server/service/symbol/symbols.go:2149	Sending price update	{"prices": {"AAPL":{"price":250.41,"changeRatio":0},"TSLA":{"price":401.92,"changeRatio":0}}}
[server]2025-01-02 22:53:05.662	debug	/Users/huangyi/GolandProjects/stock-exchange/server/service/symbol/symbols.go:2092	Processing price subscriptions	{"typeID": 0, "symbols": {"AAPL":true,"TSLA":true}}
[server]2025-01-02 22:53:05.662	debug	/Users/huangyi/GolandProjects/stock-exchange/server/service/symbol/symbols.go:2118	Fetching price from Redis	{"currentKey": "symbol:stock:TSLA", "previousCloseKey": "symbol:stock:TSLA:previous_close"}
[server]2025-01-02 22:53:05.678	debug	/Users/huangyi/GolandProjects/stock-exchange/server/service/symbol/symbols.go:2133	Price data prepared	{"symbol": "TSLA", "price": 401.92, "changeRatio": 0}
[server]2025-01-02 22:53:05.679	debug	/Users/huangyi/GolandProjects/stock-exchange/server/service/symbol/symbols.go:2118	Fetching price from Redis	{"currentKey": "symbol:stock:AAPL", "previousCloseKey": "symbol:stock:AAPL:previous_close"}
[server]2025-01-02 22:53:05.688	debug	/Users/huangyi/GolandProjects/stock-exchange/server/service/symbol/symbols.go:2133	Price data prepared	{"symbol": "AAPL", "price": 250.41, "changeRatio": 0}
[server]2025-01-02 22:53:05.689	debug	/Users/huangyi/GolandProjects/stock-exchange/server/service/symbol/symbols.go:2149	Sending price update	{"prices": {"AAPL":{"price":250.41,"changeRatio":0},"TSLA":{"price":401.92,"changeRatio":0}}}
[server]2025-01-02 22:53:06.663	debug	/Users/huangyi/GolandProjects/stock-exchange/server/service/symbol/symbols.go:2092	Processing price subscriptions	{"typeID": 0, "symbols": {"AAPL":true,"TSLA":true}}
[server]2025-01-02 22:53:06.663	debug	/Users/huangyi/GolandProjects/stock-exchange/server/service/symbol/symbols.go:2118	Fetching price from Redis	{"currentKey": "symbol:stock:AAPL", "previousCloseKey": "symbol:stock:AAPL:previous_close"}
[server]2025-01-02 22:53:06.668	debug	/Users/huangyi/GolandProjects/stock-exchange/server/service/symbol/symbols.go:2133	Price data prepared	{"symbol": "AAPL", "price": 250.41, "changeRatio": 0}
[server]2025-01-02 22:53:06.668	debug	/Users/huangyi/GolandProjects/stock-exchange/server/service/symbol/symbols.go:2118	Fetching price from Redis	{"currentKey": "symbol:stock:TSLA", "previousCloseKey": "symbol:stock:TSLA:previous_close"}
[server]2025-01-02 22:53:06.674	debug	/Users/huangyi/GolandProjects/stock-exchange/server/service/symbol/symbols.go:2133	Price data prepared	{"symbol": "TSLA", "price": 401.92, "changeRatio": 0}
[server]2025-01-02 22:53:06.674	debug	/Users/huangyi/GolandProjects/stock-exchange/server/service/symbol/symbols.go:2149	Sending price update	{"prices": {"AAPL":{"price":250.41,"changeRatio":0},"TSLA":{"price":401.92,"changeRatio":0}}}
[server]2025-01-02 22:53:07.662	debug	/Users/huangyi/GolandProjects/stock-exchange/server/service/symbol/symbols.go:2092	Processing price subscriptions	{"typeID": 0, "symbols": {"AAPL":true,"TSLA":true}}
[server]2025-01-02 22:53:07.662	debug	/Users/huangyi/GolandProjects/stock-exchange/server/service/symbol/symbols.go:2118	Fetching price from Redis	{"currentKey": "symbol:stock:AAPL", "previousCloseKey": "symbol:stock:AAPL:previous_close"}
[server]2025-01-02 22:53:07.670	debug	/Users/huangyi/GolandProjects/stock-exchange/server/service/symbol/symbols.go:2133	Price data prepared	{"symbol": "AAPL", "price": 250.41, "changeRatio": 0}
[server]2025-01-02 22:53:07.671	debug	/Users/huangyi/GolandProjects/stock-exchange/server/service/symbol/symbols.go:2118	Fetching price from Redis	{"currentKey": "symbol:stock:TSLA", "previousCloseKey": "symbol:stock:TSLA:previous_close"}
[server]2025-01-02 22:53:07.676	debug	/Users/huangyi/GolandProjects/stock-exchange/server/service/symbol/symbols.go:2133	Price data prepared	{"symbol": "TSLA", "price": 401.92, "changeRatio": 0}
[server]2025-01-02 22:53:07.676	debug	/Users/huangyi/GolandProjects/stock-exchange/server/service/symbol/symbols.go:2149	Sending price update	{"prices": {"AAPL":{"price":250.41,"changeRatio":0},"TSLA":{"price":401.92,"changeRatio":0}}}
[server]2025-01-02 22:53:08.662	debug	/Users/huangyi/GolandProjects/stock-exchange/server/service/symbol/symbols.go:2092	Processing price subscriptions	{"typeID": 0, "symbols": {"AAPL":true,"TSLA":true}}
[server]2025-01-02 22:53:08.662	debug	/Users/huangyi/GolandProjects/stock-exchange/server/service/symbol/symbols.go:2118	Fetching price from Redis	{"currentKey": "symbol:stock:TSLA", "previousCloseKey": "symbol:stock:TSLA:previous_close"}
[server]2025-01-02 22:53:08.668	debug	/Users/huangyi/GolandProjects/stock-exchange/server/service/symbol/symbols.go:2133	Price data prepared	{"symbol": "TSLA", "price": 401.92, "changeRatio": 0}
[server]2025-01-02 22:53:08.668	debug	/Users/huangyi/GolandProjects/stock-exchange/server/service/symbol/symbols.go:2118	Fetching price from Redis	{"currentKey": "symbol:stock:AAPL", "previousCloseKey": "symbol:stock:AAPL:previous_close"}
[server]2025-01-02 22:53:08.672	debug	/Users/huangyi/GolandProjects/stock-exchange/server/service/symbol/symbols.go:2133	Price data prepared	{"symbol": "AAPL", "price": 250.41, "changeRatio": 0}
[server]2025-01-02 22:53:08.672	debug	/Users/huangyi/GolandProjects/stock-exchange/server/service/symbol/symbols.go:2149	Sending price update	{"prices": {"AAPL":{"price":250.41,"changeRatio":0},"TSLA":{"price":401.92,"changeRatio":0}}}
[server]2025-01-02 22:53:09.663	debug	/Users/huangyi/GolandProjects/stock-exchange/server/service/symbol/symbols.go:2092	Processing price subscriptions	{"typeID": 0, "symbols": {"AAPL":true,"TSLA":true}}
[server]2025-01-02 22:53:09.663	debug	/Users/huangyi/GolandProjects/stock-exchange/server/service/symbol/symbols.go:2118	Fetching price from Redis	{"currentKey": "symbol:stock:AAPL", "previousCloseKey": "symbol:stock:AAPL:previous_close"}
[server]2025-01-02 22:53:09.668	debug	/Users/huangyi/GolandProjects/stock-exchange/server/service/symbol/symbols.go:2133	Price data prepared	{"symbol": "AAPL", "price": 250.41, "changeRatio": 0}
[server]2025-01-02 22:53:09.668	debug	/Users/huangyi/GolandProjects/stock-exchange/server/service/symbol/symbols.go:2118	Fetching price from Redis	{"currentKey": "symbol:stock:TSLA", "previousCloseKey": "symbol:stock:TSLA:previous_close"}
[server]2025-01-02 22:53:09.675	debug	/Users/huangyi/GolandProjects/stock-exchange/server/service/symbol/symbols.go:2133	Price data prepared	{"symbol": "TSLA", "price": 401.92, "changeRatio": 0}
[server]2025-01-02 22:53:09.676	debug	/Users/huangyi/GolandProjects/stock-exchange/server/service/symbol/symbols.go:2149	Sending price update	{"prices": {"AAPL":{"price":250.41,"changeRatio":0},"TSLA":{"price":401.92,"changeRatio":0}}}
[server]2025-01-02 22:53:10.662	debug	/Users/huangyi/GolandProjects/stock-exchange/server/service/symbol/symbols.go:2092	Processing price subscriptions	{"typeID": 0, "symbols": {"AAPL":true,"TSLA":true}}
[server]2025-01-02 22:53:10.663	debug	/Users/huangyi/GolandProjects/stock-exchange/server/service/symbol/symbols.go:2118	Fetching price from Redis	{"currentKey": "symbol:stock:AAPL", "previousCloseKey": "symbol:stock:AAPL:previous_close"}
[server]2025-01-02 22:53:10.674	debug	/Users/huangyi/GolandProjects/stock-exchange/server/service/symbol/symbols.go:2133	Price data prepared	{"symbol": "AAPL", "price": 250.41, "changeRatio": 0}
[server]2025-01-02 22:53:10.675	debug	/Users/huangyi/GolandProjects/stock-exchange/server/service/symbol/symbols.go:2118	Fetching price from Redis	{"currentKey": "symbol:stock:TSLA", "previousCloseKey": "symbol:stock:TSLA:previous_close"}
[server]2025-01-02 22:53:10.684	debug	/Users/huangyi/GolandProjects/stock-exchange/server/service/symbol/symbols.go:2133	Price data prepared	{"symbol": "TSLA", "price": 401.92, "changeRatio": 0}
[server]2025-01-02 22:53:10.684	debug	/Users/huangyi/GolandProjects/stock-exchange/server/service/symbol/symbols.go:2149	Sending price update	{"prices": {"AAPL":{"price":250.41,"changeRatio":0},"TSLA":{"price":401.92,"changeRatio":0}}}
[server]2025-01-02 22:53:11.662	debug	/Users/huangyi/GolandProjects/stock-exchange/server/service/symbol/symbols.go:2092	Processing price subscriptions	{"typeID": 0, "symbols": {"AAPL":true,"TSLA":true}}
[server]2025-01-02 22:53:11.662	debug	/Users/huangyi/GolandProjects/stock-exchange/server/service/symbol/symbols.go:2118	Fetching price from Redis	{"currentKey": "symbol:stock:AAPL", "previousCloseKey": "symbol:stock:AAPL:previous_close"}
[server]2025-01-02 22:53:11.667	debug	/Users/huangyi/GolandProjects/stock-exchange/server/service/symbol/symbols.go:2133	Price data prepared	{"symbol": "AAPL", "price": 250.41, "changeRatio": 0}
[server]2025-01-02 22:53:11.668	debug	/Users/huangyi/GolandProjects/stock-exchange/server/service/symbol/symbols.go:2118	Fetching price from Redis	{"currentKey": "symbol:stock:TSLA", "previousCloseKey": "symbol:stock:TSLA:previous_close"}
[server]2025-01-02 22:53:11.675	debug	/Users/huangyi/GolandProjects/stock-exchange/server/service/symbol/symbols.go:2133	Price data prepared	{"symbol": "TSLA", "price": 401.92, "changeRatio": 0}
[server]2025-01-02 22:53:11.675	debug	/Users/huangyi/GolandProjects/stock-exchange/server/service/symbol/symbols.go:2149	Sending price update	{"prices": {"AAPL":{"price":250.41,"changeRatio":0},"TSLA":{"price":401.92,"changeRatio":0}}}
[server]2025-01-02 22:53:12.662	debug	/Users/huangyi/GolandProjects/stock-exchange/server/service/symbol/symbols.go:2092	Processing price subscriptions	{"typeID": 0, "symbols": {"AAPL":true,"TSLA":true}}
[server]2025-01-02 22:53:12.662	debug	/Users/huangyi/GolandProjects/stock-exchange/server/service/symbol/symbols.go:2118	Fetching price from Redis	{"currentKey": "symbol:stock:AAPL", "previousCloseKey": "symbol:stock:AAPL:previous_close"}
[server]2025-01-02 22:53:12.669	debug	/Users/huangyi/GolandProjects/stock-exchange/server/service/symbol/symbols.go:2133	Price data prepared	{"symbol": "AAPL", "price": 250.41, "changeRatio": 0}
[server]2025-01-02 22:53:12.669	debug	/Users/huangyi/GolandProjects/stock-exchange/server/service/symbol/symbols.go:2118	Fetching price from Redis	{"currentKey": "symbol:stock:TSLA", "previousCloseKey": "symbol:stock:TSLA:previous_close"}
[server]2025-01-02 22:53:12.675	debug	/Users/huangyi/GolandProjects/stock-exchange/server/service/symbol/symbols.go:2133	Price data prepared	{"symbol": "TSLA", "price": 401.92, "changeRatio": 0}
[server]2025-01-02 22:53:12.675	debug	/Users/huangyi/GolandProjects/stock-exchange/server/service/symbol/symbols.go:2149	Sending price update	{"prices": {"AAPL":{"price":250.41,"changeRatio":0},"TSLA":{"price":401.92,"changeRatio":0}}}
