[server]2024-11-22 00:00:01.981	[31merror[0m	/Users/huangyi/GolandProjects/stock-exchange/server/task/symbols.go:105	解析日交易数据失败	{"error": "json: cannot unmarshal number into Go value of type struct { Results map[string][]struct { V float64 \"json:\\\"v\\\"\"; C float64 \"json:\\\"c\\\"\"; O float64 \"json:\\\"o\\\"\" } \"json:\\\"results\\\"\" }"}
[server]2024-11-22 01:23:37.519	[31merror[0m	/Users/huangyi/GolandProjects/stock-exchange/server/core/server.go:54	accept tcp [::]:8888: use of closed network connection
[server]2024-11-22 01:24:05.028	error	/Users/huangyi/GolandProjects/stock-exchange/server/initialize/websocket.go:134	Recover Stock websocket error runtime error: invalid memory address or nil pointer dereference
[server]2024-11-22 01:24:05.095	error	/Users/huangyi/GolandProjects/stock-exchange/server/initialize/websocket.go:206	Recover Crypto websocket error runtime error: invalid memory address or nil pointer dereference
[server]2024-11-22 01:24:05.312	error	/Users/huangyi/GolandProjects/stock-exchange/server/initialize/websocket.go:283	Recover Forex websocket error runtime error: invalid memory address or nil pointer dereference
[server]2024-11-22 01:24:07.146	error	/Users/huangyi/GolandProjects/stock-exchange/server/task/refreshPlatformBaseConfigCache.go:16	Recover refresh platform base config cache err: runtime error: invalid memory address or nil pointer dereference
[server]2024-11-22 01:24:17.140	error	/Users/huangyi/GolandProjects/stock-exchange/server/task/refreshPlatformBaseConfigCache.go:16	Recover refresh platform base config cache err: runtime error: invalid memory address or nil pointer dereference
[server]2024-11-22 01:24:27.140	error	/Users/huangyi/GolandProjects/stock-exchange/server/task/refreshPlatformBaseConfigCache.go:16	Recover refresh platform base config cache err: runtime error: invalid memory address or nil pointer dereference
[server]2024-11-22 01:24:37.258	error	/Users/huangyi/GolandProjects/stock-exchange/server/task/refreshPlatformBaseConfigCache.go:16	Recover refresh platform base config cache err: runtime error: invalid memory address or nil pointer dereference
[server]2024-11-22 01:24:47.141	error	/Users/huangyi/GolandProjects/stock-exchange/server/task/refreshPlatformBaseConfigCache.go:16	Recover refresh platform base config cache err: runtime error: invalid memory address or nil pointer dereference
[server]2024-11-22 01:24:57.143	error	/Users/huangyi/GolandProjects/stock-exchange/server/task/refreshPlatformBaseConfigCache.go:16	Recover refresh platform base config cache err: runtime error: invalid memory address or nil pointer dereference
[server]2024-11-22 01:25:07.142	error	/Users/huangyi/GolandProjects/stock-exchange/server/task/refreshPlatformBaseConfigCache.go:16	Recover refresh platform base config cache err: runtime error: invalid memory address or nil pointer dereference
[server]2024-11-22 01:25:17.142	error	/Users/huangyi/GolandProjects/stock-exchange/server/task/refreshPlatformBaseConfigCache.go:16	Recover refresh platform base config cache err: runtime error: invalid memory address or nil pointer dereference
[server]2024-11-22 01:25:27.142	error	/Users/huangyi/GolandProjects/stock-exchange/server/task/refreshPlatformBaseConfigCache.go:16	Recover refresh platform base config cache err: runtime error: invalid memory address or nil pointer dereference
[server]2024-11-22 01:25:37.149	error	/Users/huangyi/GolandProjects/stock-exchange/server/task/refreshPlatformBaseConfigCache.go:16	Recover refresh platform base config cache err: runtime error: invalid memory address or nil pointer dereference
[server]2024-11-22 01:25:47.143	error	/Users/huangyi/GolandProjects/stock-exchange/server/task/refreshPlatformBaseConfigCache.go:16	Recover refresh platform base config cache err: runtime error: invalid memory address or nil pointer dereference
[server]2024-11-22 01:25:57.143	error	/Users/huangyi/GolandProjects/stock-exchange/server/task/refreshPlatformBaseConfigCache.go:16	Recover refresh platform base config cache err: runtime error: invalid memory address or nil pointer dereference
[server]2024-11-22 01:26:07.143	error	/Users/huangyi/GolandProjects/stock-exchange/server/task/refreshPlatformBaseConfigCache.go:16	Recover refresh platform base config cache err: runtime error: invalid memory address or nil pointer dereference
[server]2024-11-22 01:26:17.141	error	/Users/huangyi/GolandProjects/stock-exchange/server/task/refreshPlatformBaseConfigCache.go:16	Recover refresh platform base config cache err: runtime error: invalid memory address or nil pointer dereference
[server]2024-11-22 01:26:27.152	error	/Users/huangyi/GolandProjects/stock-exchange/server/task/refreshPlatformBaseConfigCache.go:16	Recover refresh platform base config cache err: runtime error: invalid memory address or nil pointer dereference
[server]2024-11-22 01:26:37.143	error	/Users/huangyi/GolandProjects/stock-exchange/server/task/refreshPlatformBaseConfigCache.go:16	Recover refresh platform base config cache err: runtime error: invalid memory address or nil pointer dereference
[server]2024-11-22 01:26:47.145	error	/Users/huangyi/GolandProjects/stock-exchange/server/task/refreshPlatformBaseConfigCache.go:16	Recover refresh platform base config cache err: runtime error: invalid memory address or nil pointer dereference
[server]2024-11-22 01:26:57.143	error	/Users/huangyi/GolandProjects/stock-exchange/server/task/refreshPlatformBaseConfigCache.go:16	Recover refresh platform base config cache err: runtime error: invalid memory address or nil pointer dereference
[server]2024-11-22 01:27:07.142	error	/Users/huangyi/GolandProjects/stock-exchange/server/task/refreshPlatformBaseConfigCache.go:16	Recover refresh platform base config cache err: runtime error: invalid memory address or nil pointer dereference
[server]2024-11-22 01:27:17.141	error	/Users/huangyi/GolandProjects/stock-exchange/server/task/refreshPlatformBaseConfigCache.go:16	Recover refresh platform base config cache err: runtime error: invalid memory address or nil pointer dereference
[server]2024-11-22 01:27:27.141	error	/Users/huangyi/GolandProjects/stock-exchange/server/task/refreshPlatformBaseConfigCache.go:16	Recover refresh platform base config cache err: runtime error: invalid memory address or nil pointer dereference
[server]2024-11-22 01:27:37.141	error	/Users/huangyi/GolandProjects/stock-exchange/server/task/refreshPlatformBaseConfigCache.go:16	Recover refresh platform base config cache err: runtime error: invalid memory address or nil pointer dereference
[server]2024-11-22 01:27:47.147	error	/Users/huangyi/GolandProjects/stock-exchange/server/task/refreshPlatformBaseConfigCache.go:16	Recover refresh platform base config cache err: runtime error: invalid memory address or nil pointer dereference
[server]2024-11-22 01:27:57.149	error	/Users/huangyi/GolandProjects/stock-exchange/server/task/refreshPlatformBaseConfigCache.go:16	Recover refresh platform base config cache err: runtime error: invalid memory address or nil pointer dereference
[server]2024-11-22 01:28:07.143	error	/Users/huangyi/GolandProjects/stock-exchange/server/task/refreshPlatformBaseConfigCache.go:16	Recover refresh platform base config cache err: runtime error: invalid memory address or nil pointer dereference
[server]2024-11-22 01:28:17.141	error	/Users/huangyi/GolandProjects/stock-exchange/server/task/refreshPlatformBaseConfigCache.go:16	Recover refresh platform base config cache err: runtime error: invalid memory address or nil pointer dereference
[server]2024-11-22 01:28:27.140	error	/Users/huangyi/GolandProjects/stock-exchange/server/task/refreshPlatformBaseConfigCache.go:16	Recover refresh platform base config cache err: runtime error: invalid memory address or nil pointer dereference
[server]2024-11-22 01:28:37.141	error	/Users/huangyi/GolandProjects/stock-exchange/server/task/refreshPlatformBaseConfigCache.go:16	Recover refresh platform base config cache err: runtime error: invalid memory address or nil pointer dereference
[server]2024-11-22 01:28:47.141	error	/Users/huangyi/GolandProjects/stock-exchange/server/task/refreshPlatformBaseConfigCache.go:16	Recover refresh platform base config cache err: runtime error: invalid memory address or nil pointer dereference
[server]2024-11-22 01:28:57.140	error	/Users/huangyi/GolandProjects/stock-exchange/server/task/refreshPlatformBaseConfigCache.go:16	Recover refresh platform base config cache err: runtime error: invalid memory address or nil pointer dereference
[server]2024-11-22 01:29:07.148	error	/Users/huangyi/GolandProjects/stock-exchange/server/task/refreshPlatformBaseConfigCache.go:16	Recover refresh platform base config cache err: runtime error: invalid memory address or nil pointer dereference
[server]2024-11-22 01:29:17.141	error	/Users/huangyi/GolandProjects/stock-exchange/server/task/refreshPlatformBaseConfigCache.go:16	Recover refresh platform base config cache err: runtime error: invalid memory address or nil pointer dereference
[server]2024-11-22 01:29:27.143	error	/Users/huangyi/GolandProjects/stock-exchange/server/task/refreshPlatformBaseConfigCache.go:16	Recover refresh platform base config cache err: runtime error: invalid memory address or nil pointer dereference
[server]2024-11-22 01:29:37.142	error	/Users/huangyi/GolandProjects/stock-exchange/server/task/refreshPlatformBaseConfigCache.go:16	Recover refresh platform base config cache err: runtime error: invalid memory address or nil pointer dereference
[server]2024-11-22 01:29:47.151	error	/Users/huangyi/GolandProjects/stock-exchange/server/task/refreshPlatformBaseConfigCache.go:16	Recover refresh platform base config cache err: runtime error: invalid memory address or nil pointer dereference
[server]2024-11-22 01:29:57.141	error	/Users/huangyi/GolandProjects/stock-exchange/server/task/refreshPlatformBaseConfigCache.go:16	Recover refresh platform base config cache err: runtime error: invalid memory address or nil pointer dereference
[server]2024-11-22 01:30:07.148	error	/Users/huangyi/GolandProjects/stock-exchange/server/task/refreshPlatformBaseConfigCache.go:16	Recover refresh platform base config cache err: runtime error: invalid memory address or nil pointer dereference
[server]2024-11-22 01:30:17.148	error	/Users/huangyi/GolandProjects/stock-exchange/server/task/refreshPlatformBaseConfigCache.go:16	Recover refresh platform base config cache err: runtime error: invalid memory address or nil pointer dereference
[server]2024-11-22 01:30:27.145	error	/Users/huangyi/GolandProjects/stock-exchange/server/task/refreshPlatformBaseConfigCache.go:16	Recover refresh platform base config cache err: runtime error: invalid memory address or nil pointer dereference
[server]2024-11-22 01:30:37.147	error	/Users/huangyi/GolandProjects/stock-exchange/server/task/refreshPlatformBaseConfigCache.go:16	Recover refresh platform base config cache err: runtime error: invalid memory address or nil pointer dereference
[server]2024-11-22 01:30:47.147	error	/Users/huangyi/GolandProjects/stock-exchange/server/task/refreshPlatformBaseConfigCache.go:16	Recover refresh platform base config cache err: runtime error: invalid memory address or nil pointer dereference
[server]2024-11-22 01:30:57.150	error	/Users/huangyi/GolandProjects/stock-exchange/server/task/refreshPlatformBaseConfigCache.go:16	Recover refresh platform base config cache err: runtime error: invalid memory address or nil pointer dereference
[server]2024-11-22 01:31:07.144	error	/Users/huangyi/GolandProjects/stock-exchange/server/task/refreshPlatformBaseConfigCache.go:16	Recover refresh platform base config cache err: runtime error: invalid memory address or nil pointer dereference
[server]2024-11-22 01:31:17.141	error	/Users/huangyi/GolandProjects/stock-exchange/server/task/refreshPlatformBaseConfigCache.go:16	Recover refresh platform base config cache err: runtime error: invalid memory address or nil pointer dereference
[server]2024-11-22 01:31:27.141	error	/Users/huangyi/GolandProjects/stock-exchange/server/task/refreshPlatformBaseConfigCache.go:16	Recover refresh platform base config cache err: runtime error: invalid memory address or nil pointer dereference
[server]2024-11-22 01:31:37.141	error	/Users/huangyi/GolandProjects/stock-exchange/server/task/refreshPlatformBaseConfigCache.go:16	Recover refresh platform base config cache err: runtime error: invalid memory address or nil pointer dereference
[server]2024-11-22 01:31:47.142	error	/Users/huangyi/GolandProjects/stock-exchange/server/task/refreshPlatformBaseConfigCache.go:16	Recover refresh platform base config cache err: runtime error: invalid memory address or nil pointer dereference
[server]2024-11-22 01:31:57.147	error	/Users/huangyi/GolandProjects/stock-exchange/server/task/refreshPlatformBaseConfigCache.go:16	Recover refresh platform base config cache err: runtime error: invalid memory address or nil pointer dereference
[server]2024-11-22 01:32:07.148	error	/Users/huangyi/GolandProjects/stock-exchange/server/task/refreshPlatformBaseConfigCache.go:16	Recover refresh platform base config cache err: runtime error: invalid memory address or nil pointer dereference
[server]2024-11-22 01:32:17.145	error	/Users/huangyi/GolandProjects/stock-exchange/server/task/refreshPlatformBaseConfigCache.go:16	Recover refresh platform base config cache err: runtime error: invalid memory address or nil pointer dereference
[server]2024-11-22 01:32:27.144	error	/Users/huangyi/GolandProjects/stock-exchange/server/task/refreshPlatformBaseConfigCache.go:16	Recover refresh platform base config cache err: runtime error: invalid memory address or nil pointer dereference
[server]2024-11-22 01:32:37.142	error	/Users/huangyi/GolandProjects/stock-exchange/server/task/refreshPlatformBaseConfigCache.go:16	Recover refresh platform base config cache err: runtime error: invalid memory address or nil pointer dereference
[server]2024-11-22 01:32:47.142	error	/Users/huangyi/GolandProjects/stock-exchange/server/task/refreshPlatformBaseConfigCache.go:16	Recover refresh platform base config cache err: runtime error: invalid memory address or nil pointer dereference
[server]2024-11-22 01:32:57.141	error	/Users/huangyi/GolandProjects/stock-exchange/server/task/refreshPlatformBaseConfigCache.go:16	Recover refresh platform base config cache err: runtime error: invalid memory address or nil pointer dereference
[server]2024-11-22 01:33:07.142	error	/Users/huangyi/GolandProjects/stock-exchange/server/task/refreshPlatformBaseConfigCache.go:16	Recover refresh platform base config cache err: runtime error: invalid memory address or nil pointer dereference
[server]2024-11-22 01:33:17.142	error	/Users/huangyi/GolandProjects/stock-exchange/server/task/refreshPlatformBaseConfigCache.go:16	Recover refresh platform base config cache err: runtime error: invalid memory address or nil pointer dereference
[server]2024-11-22 01:33:27.140	error	/Users/huangyi/GolandProjects/stock-exchange/server/task/refreshPlatformBaseConfigCache.go:16	Recover refresh platform base config cache err: runtime error: invalid memory address or nil pointer dereference
[server]2024-11-22 01:33:37.141	error	/Users/huangyi/GolandProjects/stock-exchange/server/task/refreshPlatformBaseConfigCache.go:16	Recover refresh platform base config cache err: runtime error: invalid memory address or nil pointer dereference
[server]2024-11-22 01:33:47.141	error	/Users/huangyi/GolandProjects/stock-exchange/server/task/refreshPlatformBaseConfigCache.go:16	Recover refresh platform base config cache err: runtime error: invalid memory address or nil pointer dereference
[server]2024-11-22 01:33:57.142	error	/Users/huangyi/GolandProjects/stock-exchange/server/task/refreshPlatformBaseConfigCache.go:16	Recover refresh platform base config cache err: runtime error: invalid memory address or nil pointer dereference
[server]2024-11-22 01:34:07.141	error	/Users/huangyi/GolandProjects/stock-exchange/server/task/refreshPlatformBaseConfigCache.go:16	Recover refresh platform base config cache err: runtime error: invalid memory address or nil pointer dereference
[server]2024-11-22 01:34:17.140	error	/Users/huangyi/GolandProjects/stock-exchange/server/task/refreshPlatformBaseConfigCache.go:16	Recover refresh platform base config cache err: runtime error: invalid memory address or nil pointer dereference
[server]2024-11-22 01:34:27.141	error	/Users/huangyi/GolandProjects/stock-exchange/server/task/refreshPlatformBaseConfigCache.go:16	Recover refresh platform base config cache err: runtime error: invalid memory address or nil pointer dereference
[server]2024-11-22 01:34:37.149	error	/Users/huangyi/GolandProjects/stock-exchange/server/task/refreshPlatformBaseConfigCache.go:16	Recover refresh platform base config cache err: runtime error: invalid memory address or nil pointer dereference
[server]2024-11-22 01:34:47.257	error	/Users/huangyi/GolandProjects/stock-exchange/server/task/refreshPlatformBaseConfigCache.go:16	Recover refresh platform base config cache err: runtime error: invalid memory address or nil pointer dereference
[server]2024-11-22 01:34:57.141	error	/Users/huangyi/GolandProjects/stock-exchange/server/task/refreshPlatformBaseConfigCache.go:16	Recover refresh platform base config cache err: runtime error: invalid memory address or nil pointer dereference
[server]2024-11-22 01:35:07.142	error	/Users/huangyi/GolandProjects/stock-exchange/server/task/refreshPlatformBaseConfigCache.go:16	Recover refresh platform base config cache err: runtime error: invalid memory address or nil pointer dereference
[server]2024-11-22 01:35:17.142	error	/Users/huangyi/GolandProjects/stock-exchange/server/task/refreshPlatformBaseConfigCache.go:16	Recover refresh platform base config cache err: runtime error: invalid memory address or nil pointer dereference
[server]2024-11-22 01:35:27.143	error	/Users/huangyi/GolandProjects/stock-exchange/server/task/refreshPlatformBaseConfigCache.go:16	Recover refresh platform base config cache err: runtime error: invalid memory address or nil pointer dereference
[server]2024-11-22 01:35:37.142	error	/Users/huangyi/GolandProjects/stock-exchange/server/task/refreshPlatformBaseConfigCache.go:16	Recover refresh platform base config cache err: runtime error: invalid memory address or nil pointer dereference
[server]2024-11-22 01:35:47.141	error	/Users/huangyi/GolandProjects/stock-exchange/server/task/refreshPlatformBaseConfigCache.go:16	Recover refresh platform base config cache err: runtime error: invalid memory address or nil pointer dereference
[server]2024-11-22 01:35:57.146	error	/Users/huangyi/GolandProjects/stock-exchange/server/task/refreshPlatformBaseConfigCache.go:16	Recover refresh platform base config cache err: runtime error: invalid memory address or nil pointer dereference
[server]2024-11-22 01:36:07.142	error	/Users/huangyi/GolandProjects/stock-exchange/server/task/refreshPlatformBaseConfigCache.go:16	Recover refresh platform base config cache err: runtime error: invalid memory address or nil pointer dereference
[server]2024-11-22 01:36:17.147	error	/Users/huangyi/GolandProjects/stock-exchange/server/task/refreshPlatformBaseConfigCache.go:16	Recover refresh platform base config cache err: runtime error: invalid memory address or nil pointer dereference
[server]2024-11-22 01:36:27.142	error	/Users/huangyi/GolandProjects/stock-exchange/server/task/refreshPlatformBaseConfigCache.go:16	Recover refresh platform base config cache err: runtime error: invalid memory address or nil pointer dereference
[server]2024-11-22 01:36:37.140	error	/Users/huangyi/GolandProjects/stock-exchange/server/task/refreshPlatformBaseConfigCache.go:16	Recover refresh platform base config cache err: runtime error: invalid memory address or nil pointer dereference
[server]2024-11-22 01:36:47.142	error	/Users/huangyi/GolandProjects/stock-exchange/server/task/refreshPlatformBaseConfigCache.go:16	Recover refresh platform base config cache err: runtime error: invalid memory address or nil pointer dereference
[server]2024-11-22 01:36:57.142	error	/Users/huangyi/GolandProjects/stock-exchange/server/task/refreshPlatformBaseConfigCache.go:16	Recover refresh platform base config cache err: runtime error: invalid memory address or nil pointer dereference
[server]2024-11-22 01:37:07.146	error	/Users/huangyi/GolandProjects/stock-exchange/server/task/refreshPlatformBaseConfigCache.go:16	Recover refresh platform base config cache err: runtime error: invalid memory address or nil pointer dereference
[server]2024-11-22 01:37:17.141	error	/Users/huangyi/GolandProjects/stock-exchange/server/task/refreshPlatformBaseConfigCache.go:16	Recover refresh platform base config cache err: runtime error: invalid memory address or nil pointer dereference
[server]2024-11-22 01:37:27.141	error	/Users/huangyi/GolandProjects/stock-exchange/server/task/refreshPlatformBaseConfigCache.go:16	Recover refresh platform base config cache err: runtime error: invalid memory address or nil pointer dereference
[server]2024-11-22 01:37:37.140	error	/Users/huangyi/GolandProjects/stock-exchange/server/task/refreshPlatformBaseConfigCache.go:16	Recover refresh platform base config cache err: runtime error: invalid memory address or nil pointer dereference
[server]2024-11-22 01:37:47.148	error	/Users/huangyi/GolandProjects/stock-exchange/server/task/refreshPlatformBaseConfigCache.go:16	Recover refresh platform base config cache err: runtime error: invalid memory address or nil pointer dereference
[server]2024-11-22 01:37:57.142	error	/Users/huangyi/GolandProjects/stock-exchange/server/task/refreshPlatformBaseConfigCache.go:16	Recover refresh platform base config cache err: runtime error: invalid memory address or nil pointer dereference
[server]2024-11-22 01:38:07.140	error	/Users/huangyi/GolandProjects/stock-exchange/server/task/refreshPlatformBaseConfigCache.go:16	Recover refresh platform base config cache err: runtime error: invalid memory address or nil pointer dereference
[server]2024-11-22 01:38:17.141	error	/Users/huangyi/GolandProjects/stock-exchange/server/task/refreshPlatformBaseConfigCache.go:16	Recover refresh platform base config cache err: runtime error: invalid memory address or nil pointer dereference
[server]2024-11-22 01:38:27.142	error	/Users/huangyi/GolandProjects/stock-exchange/server/task/refreshPlatformBaseConfigCache.go:16	Recover refresh platform base config cache err: runtime error: invalid memory address or nil pointer dereference
[server]2024-11-22 01:38:37.149	error	/Users/huangyi/GolandProjects/stock-exchange/server/task/refreshPlatformBaseConfigCache.go:16	Recover refresh platform base config cache err: runtime error: invalid memory address or nil pointer dereference
[server]2024-11-22 01:38:47.144	error	/Users/huangyi/GolandProjects/stock-exchange/server/task/refreshPlatformBaseConfigCache.go:16	Recover refresh platform base config cache err: runtime error: invalid memory address or nil pointer dereference
[server]2024-11-22 01:38:57.141	error	/Users/huangyi/GolandProjects/stock-exchange/server/task/refreshPlatformBaseConfigCache.go:16	Recover refresh platform base config cache err: runtime error: invalid memory address or nil pointer dereference
[server]2024-11-22 01:39:07.143	error	/Users/huangyi/GolandProjects/stock-exchange/server/task/refreshPlatformBaseConfigCache.go:16	Recover refresh platform base config cache err: runtime error: invalid memory address or nil pointer dereference
[server]2024-11-22 01:39:17.142	error	/Users/huangyi/GolandProjects/stock-exchange/server/task/refreshPlatformBaseConfigCache.go:16	Recover refresh platform base config cache err: runtime error: invalid memory address or nil pointer dereference
[server]2024-11-22 01:39:27.141	error	/Users/huangyi/GolandProjects/stock-exchange/server/task/refreshPlatformBaseConfigCache.go:16	Recover refresh platform base config cache err: runtime error: invalid memory address or nil pointer dereference
[server]2024-11-22 01:39:37.148	error	/Users/huangyi/GolandProjects/stock-exchange/server/task/refreshPlatformBaseConfigCache.go:16	Recover refresh platform base config cache err: runtime error: invalid memory address or nil pointer dereference
[server]2024-11-22 01:39:47.142	error	/Users/huangyi/GolandProjects/stock-exchange/server/task/refreshPlatformBaseConfigCache.go:16	Recover refresh platform base config cache err: runtime error: invalid memory address or nil pointer dereference
[server]2024-11-22 01:39:57.141	error	/Users/huangyi/GolandProjects/stock-exchange/server/task/refreshPlatformBaseConfigCache.go:16	Recover refresh platform base config cache err: runtime error: invalid memory address or nil pointer dereference
[server]2024-11-22 01:40:07.145	error	/Users/huangyi/GolandProjects/stock-exchange/server/task/refreshPlatformBaseConfigCache.go:16	Recover refresh platform base config cache err: runtime error: invalid memory address or nil pointer dereference
[server]2024-11-22 01:40:17.145	error	/Users/huangyi/GolandProjects/stock-exchange/server/task/refreshPlatformBaseConfigCache.go:16	Recover refresh platform base config cache err: runtime error: invalid memory address or nil pointer dereference
[server]2024-11-22 01:40:27.142	error	/Users/huangyi/GolandProjects/stock-exchange/server/task/refreshPlatformBaseConfigCache.go:16	Recover refresh platform base config cache err: runtime error: invalid memory address or nil pointer dereference
[server]2024-11-22 01:40:37.143	error	/Users/huangyi/GolandProjects/stock-exchange/server/task/refreshPlatformBaseConfigCache.go:16	Recover refresh platform base config cache err: runtime error: invalid memory address or nil pointer dereference
[server]2024-11-22 01:40:47.145	error	/Users/huangyi/GolandProjects/stock-exchange/server/task/refreshPlatformBaseConfigCache.go:16	Recover refresh platform base config cache err: runtime error: invalid memory address or nil pointer dereference
[server]2024-11-22 01:40:57.142	error	/Users/huangyi/GolandProjects/stock-exchange/server/task/refreshPlatformBaseConfigCache.go:16	Recover refresh platform base config cache err: runtime error: invalid memory address or nil pointer dereference
[server]2024-11-22 01:41:07.144	error	/Users/huangyi/GolandProjects/stock-exchange/server/task/refreshPlatformBaseConfigCache.go:16	Recover refresh platform base config cache err: runtime error: invalid memory address or nil pointer dereference
[server]2024-11-22 01:41:17.144	error	/Users/huangyi/GolandProjects/stock-exchange/server/task/refreshPlatformBaseConfigCache.go:16	Recover refresh platform base config cache err: runtime error: invalid memory address or nil pointer dereference
[server]2024-11-22 01:41:27.145	error	/Users/huangyi/GolandProjects/stock-exchange/server/task/refreshPlatformBaseConfigCache.go:16	Recover refresh platform base config cache err: runtime error: invalid memory address or nil pointer dereference
[server]2024-11-22 01:41:37.143	error	/Users/huangyi/GolandProjects/stock-exchange/server/task/refreshPlatformBaseConfigCache.go:16	Recover refresh platform base config cache err: runtime error: invalid memory address or nil pointer dereference
[server]2024-11-22 01:41:47.142	error	/Users/huangyi/GolandProjects/stock-exchange/server/task/refreshPlatformBaseConfigCache.go:16	Recover refresh platform base config cache err: runtime error: invalid memory address or nil pointer dereference
[server]2024-11-22 01:41:57.144	error	/Users/huangyi/GolandProjects/stock-exchange/server/task/refreshPlatformBaseConfigCache.go:16	Recover refresh platform base config cache err: runtime error: invalid memory address or nil pointer dereference
[server]2024-11-22 01:42:07.141	error	/Users/huangyi/GolandProjects/stock-exchange/server/task/refreshPlatformBaseConfigCache.go:16	Recover refresh platform base config cache err: runtime error: invalid memory address or nil pointer dereference
[server]2024-11-22 01:42:17.142	error	/Users/huangyi/GolandProjects/stock-exchange/server/task/refreshPlatformBaseConfigCache.go:16	Recover refresh platform base config cache err: runtime error: invalid memory address or nil pointer dereference
[server]2024-11-22 01:42:27.140	error	/Users/huangyi/GolandProjects/stock-exchange/server/task/refreshPlatformBaseConfigCache.go:16	Recover refresh platform base config cache err: runtime error: invalid memory address or nil pointer dereference
[server]2024-11-22 01:42:37.142	error	/Users/huangyi/GolandProjects/stock-exchange/server/task/refreshPlatformBaseConfigCache.go:16	Recover refresh platform base config cache err: runtime error: invalid memory address or nil pointer dereference
[server]2024-11-22 01:42:47.143	error	/Users/huangyi/GolandProjects/stock-exchange/server/task/refreshPlatformBaseConfigCache.go:16	Recover refresh platform base config cache err: runtime error: invalid memory address or nil pointer dereference
[server]2024-11-22 01:42:57.149	error	/Users/huangyi/GolandProjects/stock-exchange/server/task/refreshPlatformBaseConfigCache.go:16	Recover refresh platform base config cache err: runtime error: invalid memory address or nil pointer dereference
[server]2024-11-22 01:43:07.142	error	/Users/huangyi/GolandProjects/stock-exchange/server/task/refreshPlatformBaseConfigCache.go:16	Recover refresh platform base config cache err: runtime error: invalid memory address or nil pointer dereference
[server]2024-11-22 01:43:17.143	error	/Users/huangyi/GolandProjects/stock-exchange/server/task/refreshPlatformBaseConfigCache.go:16	Recover refresh platform base config cache err: runtime error: invalid memory address or nil pointer dereference
[server]2024-11-22 01:43:27.141	error	/Users/huangyi/GolandProjects/stock-exchange/server/task/refreshPlatformBaseConfigCache.go:16	Recover refresh platform base config cache err: runtime error: invalid memory address or nil pointer dereference
[server]2024-11-22 01:43:37.143	error	/Users/huangyi/GolandProjects/stock-exchange/server/task/refreshPlatformBaseConfigCache.go:16	Recover refresh platform base config cache err: runtime error: invalid memory address or nil pointer dereference
[server]2024-11-22 01:43:47.144	error	/Users/huangyi/GolandProjects/stock-exchange/server/task/refreshPlatformBaseConfigCache.go:16	Recover refresh platform base config cache err: runtime error: invalid memory address or nil pointer dereference
[server]2024-11-22 01:43:57.147	error	/Users/huangyi/GolandProjects/stock-exchange/server/task/refreshPlatformBaseConfigCache.go:16	Recover refresh platform base config cache err: runtime error: invalid memory address or nil pointer dereference
[server]2024-11-22 01:44:07.148	error	/Users/huangyi/GolandProjects/stock-exchange/server/task/refreshPlatformBaseConfigCache.go:16	Recover refresh platform base config cache err: runtime error: invalid memory address or nil pointer dereference
[server]2024-11-22 01:44:17.144	error	/Users/huangyi/GolandProjects/stock-exchange/server/task/refreshPlatformBaseConfigCache.go:16	Recover refresh platform base config cache err: runtime error: invalid memory address or nil pointer dereference
[server]2024-11-22 01:44:27.149	error	/Users/huangyi/GolandProjects/stock-exchange/server/task/refreshPlatformBaseConfigCache.go:16	Recover refresh platform base config cache err: runtime error: invalid memory address or nil pointer dereference
[server]2024-11-22 01:44:37.153	error	/Users/huangyi/GolandProjects/stock-exchange/server/task/refreshPlatformBaseConfigCache.go:16	Recover refresh platform base config cache err: runtime error: invalid memory address or nil pointer dereference
[server]2024-11-22 01:44:47.143	error	/Users/huangyi/GolandProjects/stock-exchange/server/task/refreshPlatformBaseConfigCache.go:16	Recover refresh platform base config cache err: runtime error: invalid memory address or nil pointer dereference
[server]2024-11-22 01:44:57.149	error	/Users/huangyi/GolandProjects/stock-exchange/server/task/refreshPlatformBaseConfigCache.go:16	Recover refresh platform base config cache err: runtime error: invalid memory address or nil pointer dereference
[server]2024-11-22 01:45:07.142	error	/Users/huangyi/GolandProjects/stock-exchange/server/task/refreshPlatformBaseConfigCache.go:16	Recover refresh platform base config cache err: runtime error: invalid memory address or nil pointer dereference
[server]2024-11-22 01:45:17.141	error	/Users/huangyi/GolandProjects/stock-exchange/server/task/refreshPlatformBaseConfigCache.go:16	Recover refresh platform base config cache err: runtime error: invalid memory address or nil pointer dereference
[server]2024-11-22 01:45:27.144	error	/Users/huangyi/GolandProjects/stock-exchange/server/task/refreshPlatformBaseConfigCache.go:16	Recover refresh platform base config cache err: runtime error: invalid memory address or nil pointer dereference
[server]2024-11-22 01:45:37.142	error	/Users/huangyi/GolandProjects/stock-exchange/server/task/refreshPlatformBaseConfigCache.go:16	Recover refresh platform base config cache err: runtime error: invalid memory address or nil pointer dereference
[server]2024-11-22 01:45:47.148	error	/Users/huangyi/GolandProjects/stock-exchange/server/task/refreshPlatformBaseConfigCache.go:16	Recover refresh platform base config cache err: runtime error: invalid memory address or nil pointer dereference
[server]2024-11-22 01:45:57.145	error	/Users/huangyi/GolandProjects/stock-exchange/server/task/refreshPlatformBaseConfigCache.go:16	Recover refresh platform base config cache err: runtime error: invalid memory address or nil pointer dereference
[server]2024-11-22 01:46:07.148	error	/Users/huangyi/GolandProjects/stock-exchange/server/task/refreshPlatformBaseConfigCache.go:16	Recover refresh platform base config cache err: runtime error: invalid memory address or nil pointer dereference
[server]2024-11-22 01:46:17.145	error	/Users/huangyi/GolandProjects/stock-exchange/server/task/refreshPlatformBaseConfigCache.go:16	Recover refresh platform base config cache err: runtime error: invalid memory address or nil pointer dereference
[server]2024-11-22 01:46:27.141	error	/Users/huangyi/GolandProjects/stock-exchange/server/task/refreshPlatformBaseConfigCache.go:16	Recover refresh platform base config cache err: runtime error: invalid memory address or nil pointer dereference
[server]2024-11-22 01:46:37.141	error	/Users/huangyi/GolandProjects/stock-exchange/server/task/refreshPlatformBaseConfigCache.go:16	Recover refresh platform base config cache err: runtime error: invalid memory address or nil pointer dereference
[server]2024-11-22 01:46:47.141	error	/Users/huangyi/GolandProjects/stock-exchange/server/task/refreshPlatformBaseConfigCache.go:16	Recover refresh platform base config cache err: runtime error: invalid memory address or nil pointer dereference
[server]2024-11-22 01:46:57.142	error	/Users/huangyi/GolandProjects/stock-exchange/server/task/refreshPlatformBaseConfigCache.go:16	Recover refresh platform base config cache err: runtime error: invalid memory address or nil pointer dereference
[server]2024-11-22 01:47:07.149	error	/Users/huangyi/GolandProjects/stock-exchange/server/task/refreshPlatformBaseConfigCache.go:16	Recover refresh platform base config cache err: runtime error: invalid memory address or nil pointer dereference
[server]2024-11-22 01:47:17.140	error	/Users/huangyi/GolandProjects/stock-exchange/server/task/refreshPlatformBaseConfigCache.go:16	Recover refresh platform base config cache err: runtime error: invalid memory address or nil pointer dereference
[server]2024-11-22 01:47:27.142	error	/Users/huangyi/GolandProjects/stock-exchange/server/task/refreshPlatformBaseConfigCache.go:16	Recover refresh platform base config cache err: runtime error: invalid memory address or nil pointer dereference
[server]2024-11-22 01:47:37.148	error	/Users/huangyi/GolandProjects/stock-exchange/server/task/refreshPlatformBaseConfigCache.go:16	Recover refresh platform base config cache err: runtime error: invalid memory address or nil pointer dereference
[server]2024-11-22 01:47:47.141	error	/Users/huangyi/GolandProjects/stock-exchange/server/task/refreshPlatformBaseConfigCache.go:16	Recover refresh platform base config cache err: runtime error: invalid memory address or nil pointer dereference
[server]2024-11-22 01:47:57.143	error	/Users/huangyi/GolandProjects/stock-exchange/server/task/refreshPlatformBaseConfigCache.go:16	Recover refresh platform base config cache err: runtime error: invalid memory address or nil pointer dereference
[server]2024-11-22 01:48:07.147	error	/Users/huangyi/GolandProjects/stock-exchange/server/task/refreshPlatformBaseConfigCache.go:16	Recover refresh platform base config cache err: runtime error: invalid memory address or nil pointer dereference
[server]2024-11-22 01:48:17.143	error	/Users/huangyi/GolandProjects/stock-exchange/server/task/refreshPlatformBaseConfigCache.go:16	Recover refresh platform base config cache err: runtime error: invalid memory address or nil pointer dereference
[server]2024-11-22 01:48:27.142	error	/Users/huangyi/GolandProjects/stock-exchange/server/task/refreshPlatformBaseConfigCache.go:16	Recover refresh platform base config cache err: runtime error: invalid memory address or nil pointer dereference
[server]2024-11-22 01:48:37.141	error	/Users/huangyi/GolandProjects/stock-exchange/server/task/refreshPlatformBaseConfigCache.go:16	Recover refresh platform base config cache err: runtime error: invalid memory address or nil pointer dereference
[server]2024-11-22 01:48:47.141	error	/Users/huangyi/GolandProjects/stock-exchange/server/task/refreshPlatformBaseConfigCache.go:16	Recover refresh platform base config cache err: runtime error: invalid memory address or nil pointer dereference
[server]2024-11-22 01:48:57.146	error	/Users/huangyi/GolandProjects/stock-exchange/server/task/refreshPlatformBaseConfigCache.go:16	Recover refresh platform base config cache err: runtime error: invalid memory address or nil pointer dereference
[server]2024-11-22 01:49:07.142	error	/Users/huangyi/GolandProjects/stock-exchange/server/task/refreshPlatformBaseConfigCache.go:16	Recover refresh platform base config cache err: runtime error: invalid memory address or nil pointer dereference
[server]2024-11-22 01:49:17.140	error	/Users/huangyi/GolandProjects/stock-exchange/server/task/refreshPlatformBaseConfigCache.go:16	Recover refresh platform base config cache err: runtime error: invalid memory address or nil pointer dereference
[server]2024-11-22 01:49:27.327	error	/Users/huangyi/GolandProjects/stock-exchange/server/task/refreshPlatformBaseConfigCache.go:16	Recover refresh platform base config cache err: runtime error: invalid memory address or nil pointer dereference
[server]2024-11-22 01:49:37.274	error	/Users/huangyi/GolandProjects/stock-exchange/server/task/refreshPlatformBaseConfigCache.go:16	Recover refresh platform base config cache err: runtime error: invalid memory address or nil pointer dereference
[server]2024-11-22 01:49:47.142	error	/Users/huangyi/GolandProjects/stock-exchange/server/task/refreshPlatformBaseConfigCache.go:16	Recover refresh platform base config cache err: runtime error: invalid memory address or nil pointer dereference
[server]2024-11-22 01:49:57.141	error	/Users/huangyi/GolandProjects/stock-exchange/server/task/refreshPlatformBaseConfigCache.go:16	Recover refresh platform base config cache err: runtime error: invalid memory address or nil pointer dereference
[server]2024-11-22 01:50:07.143	error	/Users/huangyi/GolandProjects/stock-exchange/server/task/refreshPlatformBaseConfigCache.go:16	Recover refresh platform base config cache err: runtime error: invalid memory address or nil pointer dereference
[server]2024-11-22 01:50:17.142	error	/Users/huangyi/GolandProjects/stock-exchange/server/task/refreshPlatformBaseConfigCache.go:16	Recover refresh platform base config cache err: runtime error: invalid memory address or nil pointer dereference
[server]2024-11-22 01:50:27.142	error	/Users/huangyi/GolandProjects/stock-exchange/server/task/refreshPlatformBaseConfigCache.go:16	Recover refresh platform base config cache err: runtime error: invalid memory address or nil pointer dereference
[server]2024-11-22 01:50:37.141	error	/Users/huangyi/GolandProjects/stock-exchange/server/task/refreshPlatformBaseConfigCache.go:16	Recover refresh platform base config cache err: runtime error: invalid memory address or nil pointer dereference
[server]2024-11-22 01:50:47.149	error	/Users/huangyi/GolandProjects/stock-exchange/server/task/refreshPlatformBaseConfigCache.go:16	Recover refresh platform base config cache err: runtime error: invalid memory address or nil pointer dereference
[server]2024-11-22 01:50:57.141	error	/Users/huangyi/GolandProjects/stock-exchange/server/task/refreshPlatformBaseConfigCache.go:16	Recover refresh platform base config cache err: runtime error: invalid memory address or nil pointer dereference
[server]2024-11-22 01:51:07.147	error	/Users/huangyi/GolandProjects/stock-exchange/server/task/refreshPlatformBaseConfigCache.go:16	Recover refresh platform base config cache err: runtime error: invalid memory address or nil pointer dereference
[server]2024-11-22 01:51:17.141	error	/Users/huangyi/GolandProjects/stock-exchange/server/task/refreshPlatformBaseConfigCache.go:16	Recover refresh platform base config cache err: runtime error: invalid memory address or nil pointer dereference
[server]2024-11-22 01:51:27.140	error	/Users/huangyi/GolandProjects/stock-exchange/server/task/refreshPlatformBaseConfigCache.go:16	Recover refresh platform base config cache err: runtime error: invalid memory address or nil pointer dereference
[server]2024-11-22 01:51:37.142	error	/Users/huangyi/GolandProjects/stock-exchange/server/task/refreshPlatformBaseConfigCache.go:16	Recover refresh platform base config cache err: runtime error: invalid memory address or nil pointer dereference
[server]2024-11-22 01:51:47.211	error	/Users/huangyi/GolandProjects/stock-exchange/server/task/refreshPlatformBaseConfigCache.go:16	Recover refresh platform base config cache err: runtime error: invalid memory address or nil pointer dereference
[server]2024-11-22 01:51:57.140	error	/Users/huangyi/GolandProjects/stock-exchange/server/task/refreshPlatformBaseConfigCache.go:16	Recover refresh platform base config cache err: runtime error: invalid memory address or nil pointer dereference
[server]2024-11-22 01:52:07.148	error	/Users/huangyi/GolandProjects/stock-exchange/server/task/refreshPlatformBaseConfigCache.go:16	Recover refresh platform base config cache err: runtime error: invalid memory address or nil pointer dereference
[server]2024-11-22 01:52:17.143	error	/Users/huangyi/GolandProjects/stock-exchange/server/task/refreshPlatformBaseConfigCache.go:16	Recover refresh platform base config cache err: runtime error: invalid memory address or nil pointer dereference
[server]2024-11-22 01:52:27.139	error	/Users/huangyi/GolandProjects/stock-exchange/server/task/refreshPlatformBaseConfigCache.go:16	Recover refresh platform base config cache err: runtime error: invalid memory address or nil pointer dereference
[server]2024-11-22 01:52:37.141	error	/Users/huangyi/GolandProjects/stock-exchange/server/task/refreshPlatformBaseConfigCache.go:16	Recover refresh platform base config cache err: runtime error: invalid memory address or nil pointer dereference
[server]2024-11-22 01:52:47.141	error	/Users/huangyi/GolandProjects/stock-exchange/server/task/refreshPlatformBaseConfigCache.go:16	Recover refresh platform base config cache err: runtime error: invalid memory address or nil pointer dereference
[server]2024-11-22 01:52:57.141	error	/Users/huangyi/GolandProjects/stock-exchange/server/task/refreshPlatformBaseConfigCache.go:16	Recover refresh platform base config cache err: runtime error: invalid memory address or nil pointer dereference
[server]2024-11-22 01:53:07.149	error	/Users/huangyi/GolandProjects/stock-exchange/server/task/refreshPlatformBaseConfigCache.go:16	Recover refresh platform base config cache err: runtime error: invalid memory address or nil pointer dereference
[server]2024-11-22 01:53:17.142	error	/Users/huangyi/GolandProjects/stock-exchange/server/task/refreshPlatformBaseConfigCache.go:16	Recover refresh platform base config cache err: runtime error: invalid memory address or nil pointer dereference
[server]2024-11-22 01:53:27.143	error	/Users/huangyi/GolandProjects/stock-exchange/server/task/refreshPlatformBaseConfigCache.go:16	Recover refresh platform base config cache err: runtime error: invalid memory address or nil pointer dereference
[server]2024-11-22 01:53:37.142	error	/Users/huangyi/GolandProjects/stock-exchange/server/task/refreshPlatformBaseConfigCache.go:16	Recover refresh platform base config cache err: runtime error: invalid memory address or nil pointer dereference
[server]2024-11-22 01:53:47.141	error	/Users/huangyi/GolandProjects/stock-exchange/server/task/refreshPlatformBaseConfigCache.go:16	Recover refresh platform base config cache err: runtime error: invalid memory address or nil pointer dereference
[server]2024-11-22 01:53:57.140	error	/Users/huangyi/GolandProjects/stock-exchange/server/task/refreshPlatformBaseConfigCache.go:16	Recover refresh platform base config cache err: runtime error: invalid memory address or nil pointer dereference
[server]2024-11-22 01:54:07.142	error	/Users/huangyi/GolandProjects/stock-exchange/server/task/refreshPlatformBaseConfigCache.go:16	Recover refresh platform base config cache err: runtime error: invalid memory address or nil pointer dereference
[server]2024-11-22 01:54:17.142	error	/Users/huangyi/GolandProjects/stock-exchange/server/task/refreshPlatformBaseConfigCache.go:16	Recover refresh platform base config cache err: runtime error: invalid memory address or nil pointer dereference
[server]2024-11-22 01:54:27.143	error	/Users/huangyi/GolandProjects/stock-exchange/server/task/refreshPlatformBaseConfigCache.go:16	Recover refresh platform base config cache err: runtime error: invalid memory address or nil pointer dereference
[server]2024-11-22 01:54:37.143	error	/Users/huangyi/GolandProjects/stock-exchange/server/task/refreshPlatformBaseConfigCache.go:16	Recover refresh platform base config cache err: runtime error: invalid memory address or nil pointer dereference
[server]2024-11-22 01:54:47.144	error	/Users/huangyi/GolandProjects/stock-exchange/server/task/refreshPlatformBaseConfigCache.go:16	Recover refresh platform base config cache err: runtime error: invalid memory address or nil pointer dereference
[server]2024-11-22 01:54:57.142	error	/Users/huangyi/GolandProjects/stock-exchange/server/task/refreshPlatformBaseConfigCache.go:16	Recover refresh platform base config cache err: runtime error: invalid memory address or nil pointer dereference
[server]2024-11-22 01:55:07.147	error	/Users/huangyi/GolandProjects/stock-exchange/server/task/refreshPlatformBaseConfigCache.go:16	Recover refresh platform base config cache err: runtime error: invalid memory address or nil pointer dereference
[server]2024-11-22 01:55:17.141	error	/Users/huangyi/GolandProjects/stock-exchange/server/task/refreshPlatformBaseConfigCache.go:16	Recover refresh platform base config cache err: runtime error: invalid memory address or nil pointer dereference
[server]2024-11-22 01:55:27.141	error	/Users/huangyi/GolandProjects/stock-exchange/server/task/refreshPlatformBaseConfigCache.go:16	Recover refresh platform base config cache err: runtime error: invalid memory address or nil pointer dereference
[server]2024-11-22 01:55:37.142	error	/Users/huangyi/GolandProjects/stock-exchange/server/task/refreshPlatformBaseConfigCache.go:16	Recover refresh platform base config cache err: runtime error: invalid memory address or nil pointer dereference
[server]2024-11-22 01:55:47.142	error	/Users/huangyi/GolandProjects/stock-exchange/server/task/refreshPlatformBaseConfigCache.go:16	Recover refresh platform base config cache err: runtime error: invalid memory address or nil pointer dereference
[server]2024-11-22 01:55:57.144	error	/Users/huangyi/GolandProjects/stock-exchange/server/task/refreshPlatformBaseConfigCache.go:16	Recover refresh platform base config cache err: runtime error: invalid memory address or nil pointer dereference
[server]2024-11-22 01:56:07.141	error	/Users/huangyi/GolandProjects/stock-exchange/server/task/refreshPlatformBaseConfigCache.go:16	Recover refresh platform base config cache err: runtime error: invalid memory address or nil pointer dereference
[server]2024-11-22 01:56:17.141	error	/Users/huangyi/GolandProjects/stock-exchange/server/task/refreshPlatformBaseConfigCache.go:16	Recover refresh platform base config cache err: runtime error: invalid memory address or nil pointer dereference
[server]2024-11-22 01:56:27.143	error	/Users/huangyi/GolandProjects/stock-exchange/server/task/refreshPlatformBaseConfigCache.go:16	Recover refresh platform base config cache err: runtime error: invalid memory address or nil pointer dereference
[server]2024-11-22 01:56:37.143	error	/Users/huangyi/GolandProjects/stock-exchange/server/task/refreshPlatformBaseConfigCache.go:16	Recover refresh platform base config cache err: runtime error: invalid memory address or nil pointer dereference
[server]2024-11-22 01:56:47.144	error	/Users/huangyi/GolandProjects/stock-exchange/server/task/refreshPlatformBaseConfigCache.go:16	Recover refresh platform base config cache err: runtime error: invalid memory address or nil pointer dereference
[server]2024-11-22 01:56:57.143	error	/Users/huangyi/GolandProjects/stock-exchange/server/task/refreshPlatformBaseConfigCache.go:16	Recover refresh platform base config cache err: runtime error: invalid memory address or nil pointer dereference
[server]2024-11-22 01:57:07.152	error	/Users/huangyi/GolandProjects/stock-exchange/server/task/refreshPlatformBaseConfigCache.go:16	Recover refresh platform base config cache err: runtime error: invalid memory address or nil pointer dereference
[server]2024-11-22 01:57:17.148	error	/Users/huangyi/GolandProjects/stock-exchange/server/task/refreshPlatformBaseConfigCache.go:16	Recover refresh platform base config cache err: runtime error: invalid memory address or nil pointer dereference
[server]2024-11-22 01:57:17.291	error	/Users/huangyi/GolandProjects/stock-exchange/server/core/server.go:54	accept tcp [::]:8888: use of closed network connection
[server]2024-11-22 02:01:53.993	error	/Users/huangyi/GolandProjects/stock-exchange/server/core/server.go:54	accept tcp [::]:8888: use of closed network connection
[server]2024-11-22 02:29:33.026	error	/Users/huangyi/GolandProjects/stock-exchange/server/core/server.go:54	accept tcp [::]:8888: use of closed network connection
[server]2024-11-22 02:30:00.380	error	/Users/huangyi/GolandProjects/stock-exchange/server/initialize/kline_ws.go:157	Failed to parse message	{"error": "json: cannot unmarshal array into Go value of type initialize.KlineData", "raw_message": "[{\"ev\":\"status\",\"status\":\"connected\",\"message\":\"Connected Successfully\"}]"}
[server]2024-11-22 02:30:00.613	error	/Users/huangyi/GolandProjects/stock-exchange/server/initialize/kline_ws.go:157	Failed to parse message	{"error": "json: cannot unmarshal array into Go value of type initialize.KlineData", "raw_message": "[{\"ev\":\"status\",\"status\":\"auth_failed\",\"message\":\"authentication failed\"}]"}
[server]2024-11-22 02:30:00.613	error	/Users/huangyi/GolandProjects/stock-exchange/server/initialize/kline_ws.go:147	Error reading message	{"error": "websocket: close 1000 (normal)"}
[server]2024-11-22 02:36:00.184	error	/Users/huangyi/GolandProjects/stock-exchange/server/core/server.go:54	accept tcp [::]:8888: use of closed network connection
[server]2024-11-22 02:36:16.456	error	/Users/huangyi/GolandProjects/stock-exchange/server/initialize/kline_ws.go:245	Failed to parse crypto message	{"error": "json: cannot unmarshal array into Go value of type initialize.KlineData", "raw_message": "[{\"ev\":\"status\",\"status\":\"connected\",\"message\":\"Connected Successfully\"}]"}
[server]2024-11-22 02:36:16.457	error	/Users/huangyi/GolandProjects/stock-exchange/server/initialize/kline_ws.go:157	Failed to parse message	{"error": "json: cannot unmarshal array into Go value of type initialize.KlineData", "raw_message": "[{\"ev\":\"status\",\"status\":\"connected\",\"message\":\"Connected Successfully\"}]"}
[server]2024-11-22 02:36:16.462	error	/Users/huangyi/GolandProjects/stock-exchange/server/initialize/kline_ws.go:330	Failed to parse forex message	{"error": "json: cannot unmarshal array into Go value of type initialize.KlineData", "raw_message": "[{\"ev\":\"status\",\"status\":\"connected\",\"message\":\"Connected Successfully\"}]"}
[server]2024-11-22 02:36:16.683	error	/Users/huangyi/GolandProjects/stock-exchange/server/initialize/kline_ws.go:157	Failed to parse message	{"error": "json: cannot unmarshal array into Go value of type initialize.KlineData", "raw_message": "[{\"ev\":\"status\",\"status\":\"auth_failed\",\"message\":\"authentication failed\"}]"}
[server]2024-11-22 02:36:16.683	error	/Users/huangyi/GolandProjects/stock-exchange/server/initialize/kline_ws.go:245	Failed to parse crypto message	{"error": "json: cannot unmarshal array into Go value of type initialize.KlineData", "raw_message": "[{\"ev\":\"status\",\"status\":\"auth_failed\",\"message\":\"authentication failed\"}]"}
[server]2024-11-22 02:36:16.683	error	/Users/huangyi/GolandProjects/stock-exchange/server/initialize/kline_ws.go:147	Error reading message	{"error": "websocket: close 1000 (normal)"}
[server]2024-11-22 02:36:16.684	error	/Users/huangyi/GolandProjects/stock-exchange/server/initialize/kline_ws.go:235	Error reading crypto message	{"error": "websocket: close 1000 (normal)"}
[server]2024-11-22 02:36:16.691	error	/Users/huangyi/GolandProjects/stock-exchange/server/initialize/kline_ws.go:330	Failed to parse forex message	{"error": "json: cannot unmarshal array into Go value of type initialize.KlineData", "raw_message": "[{\"ev\":\"status\",\"status\":\"auth_failed\",\"message\":\"authentication failed\"}]"}
[server]2024-11-22 02:36:16.691	error	/Users/huangyi/GolandProjects/stock-exchange/server/initialize/kline_ws.go:320	Error reading forex message	{"error": "websocket: close 1000 (normal)"}
[server]2024-11-22 02:38:42.647	error	/Users/huangyi/GolandProjects/stock-exchange/server/core/server.go:54	accept tcp [::]:8888: use of closed network connection
[server]2024-11-22 02:39:01.203	error	/Users/huangyi/GolandProjects/stock-exchange/server/initialize/kline_ws.go:245	Failed to parse crypto message	{"error": "json: cannot unmarshal array into Go value of type initialize.KlineData", "raw_message": "[{\"ev\":\"status\",\"status\":\"connected\",\"message\":\"Connected Successfully\"}]"}
[server]2024-11-22 02:39:01.209	error	/Users/huangyi/GolandProjects/stock-exchange/server/initialize/kline_ws.go:330	Failed to parse forex message	{"error": "json: cannot unmarshal array into Go value of type initialize.KlineData", "raw_message": "[{\"ev\":\"status\",\"status\":\"connected\",\"message\":\"Connected Successfully\"}]"}
[server]2024-11-22 02:39:01.210	error	/Users/huangyi/GolandProjects/stock-exchange/server/initialize/kline_ws.go:157	Failed to parse message	{"error": "json: cannot unmarshal array into Go value of type initialize.KlineData", "raw_message": "[{\"ev\":\"status\",\"status\":\"connected\",\"message\":\"Connected Successfully\"}]"}
[server]2024-11-22 02:39:01.435	error	/Users/huangyi/GolandProjects/stock-exchange/server/initialize/kline_ws.go:245	Failed to parse crypto message	{"error": "json: cannot unmarshal array into Go value of type initialize.KlineData", "raw_message": "[{\"ev\":\"status\",\"status\":\"auth_failed\",\"message\":\"authentication failed\"}]"}
[server]2024-11-22 02:39:01.436	error	/Users/huangyi/GolandProjects/stock-exchange/server/initialize/kline_ws.go:235	Error reading crypto message	{"error": "websocket: close 1000 (normal)"}
[server]2024-11-22 02:39:01.440	error	/Users/huangyi/GolandProjects/stock-exchange/server/initialize/kline_ws.go:330	Failed to parse forex message	{"error": "json: cannot unmarshal array into Go value of type initialize.KlineData", "raw_message": "[{\"ev\":\"status\",\"status\":\"auth_failed\",\"message\":\"authentication failed\"}]"}
[server]2024-11-22 02:39:01.442	error	/Users/huangyi/GolandProjects/stock-exchange/server/initialize/kline_ws.go:320	Error reading forex message	{"error": "websocket: close 1000 (normal)"}
[server]2024-11-22 02:39:01.443	error	/Users/huangyi/GolandProjects/stock-exchange/server/initialize/kline_ws.go:157	Failed to parse message	{"error": "json: cannot unmarshal array into Go value of type initialize.KlineData", "raw_message": "[{\"ev\":\"status\",\"status\":\"auth_success\",\"message\":\"authenticated\"}]"}
[server]2024-11-22 02:39:01.448	error	/Users/huangyi/GolandProjects/stock-exchange/server/initialize/kline_ws.go:157	Failed to parse message	{"error": "json: cannot unmarshal array into Go value of type initialize.KlineData", "raw_message": "[{\"ev\":\"status\",\"status\":\"error\",\"message\":\"You don't have access real-time data. If you're already subscribed to a plan that includes real-time data, you may need to visit the dashboard to sign your agreements. If your plan only includes delayed data, you can connect to the delayed websocket at wss://delayed.polygon.io/stocks.\"},{\"ev\":\"status\",\"status\":\"error\",\"message\":\"You don't have access real-time data. If you're already subscribed to a plan that includes real-time data, you may need to visit the dashboard to sign your agreements. If your plan only includes delayed data, you can connect to the delayed websocket at wss://delayed.polygon.io/stocks.\"},{\"ev\":\"status\",\"status\":\"error\",\"message\":\"You don't have access real-time data. If you're already subscribed to a plan that includes real-time data, you may need to visit the dashboard to sign your agreements. If your plan only includes delayed data, you can connect to the delayed websocket at wss://delayed.polygon.io/stocks.\"},{\"ev\":\"status\",\"status\":\"error\",\"message\":\"You don't have access real-time data. If you're already subscribed to a plan that includes real-time data, you may need to visit the dashboard to sign your agreements. If your plan only includes delayed data, you can connect to the delayed websocket at wss://delayed.polygon.io/stocks.\"},{\"ev\":\"status\",\"status\":\"error\",\"message\":\"You don't have access real-time data. If you're already subscribed to a plan that includes real-time data, you may need to visit the dashboard to sign your agreements. If your plan only includes delayed data, you can connect to the delayed websocket at wss://delayed.polygon.io/stocks.\"},{\"ev\":\"status\",\"status\":\"error\",\"message\":\"You don't have access real-time data. If you're already subscribed to a plan that includes real-time data, you may need to visit the dashboard to sign your agreements. If your plan only includes delayed data, you can connect to the delayed websocket at wss://delayed.polygon.io/stocks.\"},{\"ev\":\"status\",\"status\":\"error\",\"message\":\"You don't have access real-time data. If you're already subscribed to a plan that includes real-time data, you may need to visit the dashboard to sign your agreements. If your plan only includes delayed data, you can connect to the delayed websocket at wss://delayed.polygon.io/stocks.\"},{\"ev\":\"status\",\"status\":\"error\",\"message\":\"You don't have access real-time data. If you're already subscribed to a plan that includes real-time data, you may need to visit the dashboard to sign your agreements. If your plan only includes delayed data, you can connect to the delayed websocket at wss://delayed.polygon.io/stocks.\"},{\"ev\":\"status\",\"status\":\"error\",\"message\":\"You don't have access real-time data. If you're already subscribed to a plan that includes real-time data, you may need to visit the dashboard to sign your agreements. If your plan only includes delayed data, you can connect to the delayed websocket at wss://delayed.polygon.io/stocks.\"},{\"ev\":\"status\",\"status\":\"error\",\"message\":\"You don't have access real-time data. If you're already subscribed to a plan that includes real-time data, you may need to visit the dashboard to sign your agreements. If your plan only includes delayed data, you can connect to the delayed websocket at wss://delayed.polygon.io/stocks.\"},{\"ev\":\"status\",\"status\":\"error\",\"message\":\"You don't have access real-time data. If you're already subscribed to a plan that includes real-time data, you may need to visit the dashboard to sign your agreements. If your plan only includes delayed data, you can connect to the delayed websocket at wss://delayed.polygon.io/stocks.\"},{\"ev\":\"status\",\"status\":\"error\",\"message\":\"You don't have access real-time data. If you're already subscribed to a plan that includes real-time data, you may need to visit the dashboard to sign your agreements. If your plan only includes delayed data, you can connect to the delayed websocket at wss://delayed.polygon.io/stocks.\"}]"}
[server]2024-11-22 03:00:48.019	error	/Users/huangyi/GolandProjects/stock-exchange/server/core/server.go:54	accept tcp [::]:8888: use of closed network connection
[server]2024-11-22 03:01:38.550	error	/Users/huangyi/GolandProjects/stock-exchange/server/initialize/kline_ws.go:365	Failed to parse forex message	{"error": "json: cannot unmarshal array into Go value of type initialize.KlineData", "raw_message": "[{\"ev\":\"status\",\"status\":\"connected\",\"message\":\"Connected Successfully\"}]"}
[server]2024-11-22 03:01:38.560	error	/Users/huangyi/GolandProjects/stock-exchange/server/initialize/kline_ws.go:280	Failed to parse crypto message	{"error": "json: cannot unmarshal array into Go value of type initialize.KlineData", "raw_message": "[{\"ev\":\"status\",\"status\":\"connected\",\"message\":\"Connected Successfully\"}]"}
[server]2024-11-22 03:01:38.768	error	/Users/huangyi/GolandProjects/stock-exchange/server/initialize/kline_ws.go:365	Failed to parse forex message	{"error": "json: cannot unmarshal array into Go value of type initialize.KlineData", "raw_message": "[{\"ev\":\"status\",\"status\":\"auth_success\",\"message\":\"authenticated\"}]"}
[server]2024-11-22 03:01:38.768	error	/Users/huangyi/GolandProjects/stock-exchange/server/initialize/kline_ws.go:365	Failed to parse forex message	{"error": "json: cannot unmarshal array into Go value of type initialize.KlineData", "raw_message": "[{\"ev\":\"status\",\"status\":\"success\",\"message\":\"subscribed to: CA.EURUSD.240\"},{\"ev\":\"status\",\"status\":\"success\",\"message\":\"subscribed to: CA.EURUSD.1D\"},{\"ev\":\"status\",\"status\":\"success\",\"message\":\"subscribed to: CA.EURUSD.1W\"},{\"ev\":\"status\",\"status\":\"success\",\"message\":\"subscribed to: CA.EURUSD.1M\"}]"}
[server]2024-11-22 03:01:38.768	error	/Users/huangyi/GolandProjects/stock-exchange/server/initialize/kline_ws.go:365	Failed to parse forex message	{"error": "json: cannot unmarshal array into Go value of type initialize.KlineData", "raw_message": "[{\"ev\":\"status\",\"status\":\"success\",\"message\":\"subscribed to: CA.EURCNY.240\"},{\"ev\":\"status\",\"status\":\"success\",\"message\":\"subscribed to: CA.EURCNY.1D\"},{\"ev\":\"status\",\"status\":\"success\",\"message\":\"subscribed to: CA.EURCNY.1W\"}]"}
[server]2024-11-22 03:01:38.769	error	/Users/huangyi/GolandProjects/stock-exchange/server/initialize/kline_ws.go:365	Failed to parse forex message	{"error": "json: cannot unmarshal array into Go value of type initialize.KlineData", "raw_message": "[{\"ev\":\"status\",\"status\":\"success\",\"message\":\"subscribed to: CA.EURCNY.1M\"}]"}
[server]2024-11-22 03:01:38.782	error	/Users/huangyi/GolandProjects/stock-exchange/server/initialize/kline_ws.go:280	Failed to parse crypto message	{"error": "json: cannot unmarshal array into Go value of type initialize.KlineData", "raw_message": "[{\"ev\":\"status\",\"status\":\"auth_success\",\"message\":\"authenticated\"}]"}
[server]2024-11-22 03:01:38.783	error	/Users/huangyi/GolandProjects/stock-exchange/server/initialize/kline_ws.go:280	Failed to parse crypto message	{"error": "json: cannot unmarshal array into Go value of type initialize.KlineData", "raw_message": "[{\"ev\":\"status\",\"status\":\"success\",\"message\":\"subscribed to: XA.BTC-USD.240\"},{\"ev\":\"status\",\"status\":\"success\",\"message\":\"subscribed to: XA.BTC-USD.1D\"},{\"ev\":\"status\",\"status\":\"success\",\"message\":\"subscribed to: XA.BTC-USD.1W\"},{\"ev\":\"status\",\"status\":\"success\",\"message\":\"subscribed to: XA.BTC-USD.1M\"}]"}
[server]2024-11-22 03:01:39.161	error	/Users/huangyi/GolandProjects/stock-exchange/server/initialize/kline_ws.go:365	Failed to parse forex message	{"error": "json: cannot unmarshal array into Go value of type initialize.KlineData", "raw_message": "[{\"ev\":\"status\",\"status\":\"max_connections\",\"message\":\"Maximum number of connections exceeded.\"}]"}
[server]2024-11-22 03:01:39.161	error	/Users/huangyi/GolandProjects/stock-exchange/server/initialize/kline_ws.go:355	Error reading forex message	{"error": "websocket: close 1008 (policy violation)"}
[server]2024-11-22 03:01:40.555	error	/Users/huangyi/GolandProjects/stock-exchange/server/initialize/kline_ws.go:280	Failed to parse crypto message	{"error": "json: cannot unmarshal array into Go value of type initialize.KlineData", "raw_message": "[{\"ev\":\"status\",\"status\":\"max_connections\",\"message\":\"Maximum number of connections exceeded.\"}]"}
[server]2024-11-22 03:01:40.556	error	/Users/huangyi/GolandProjects/stock-exchange/server/initialize/kline_ws.go:270	Error reading crypto message	{"error": "websocket: close 1008 (policy violation)"}
[server]2024-11-22 03:01:42.627	error	/Users/huangyi/GolandProjects/stock-exchange/server/initialize/kline_ws.go:167	Error reading message	{"error": "websocket: close 1008 (policy violation)"}
[server]2024-11-22 03:05:18.591	error	/Users/huangyi/GolandProjects/stock-exchange/server/core/server.go:54	accept tcp [::]:8888: use of closed network connection
[server]2024-11-22 03:07:54.064	error	/Users/huangyi/GolandProjects/stock-exchange/server/core/server.go:54	accept tcp [::]:8888: use of closed network connection
[server]2024-11-22 13:50:44.057	error	/Users/huangyi/GolandProjects/stock-exchange/server/core/server.go:54	accept tcp [::]:8888: use of closed network connection
[server]2024-11-22 14:54:49.827	error	/Users/huangyi/GolandProjects/stock-exchange/server/core/server.go:54	accept tcp [::]:8888: use of closed network connection
[server]2024-11-22 15:35:08.990	error	/Users/huangyi/GolandProjects/stock-exchange/server/core/server.go:54	accept tcp [::]:8888: use of closed network connection
[server]2024-11-22 22:40:27.872	error	/Users/huangyi/GolandProjects/stock-exchange/server/initialize/redis.go:31	redis connect ping failed, err:	{"name": "", "error": "dial tcp 127.0.0.1:6379: connect: connection refused"}
[server]2024-11-22 22:44:53.865	error	/Users/huangyi/GolandProjects/stock-exchange/server/service/symbol/symbols.go:235	read message error:	{"error": "websocket: close 1000 (normal)"}
[server]2024-11-22 23:24:29.350	error	/Users/huangyi/GolandProjects/stock-exchange/server/utils/claims_front_user.go:48	重新写入cookie token失败,未能成功解析token,请检查请求头是否存在x-token且claims是否为规定结构
[server]2024-11-22 23:26:44.288	error	/Users/huangyi/GolandProjects/stock-exchange/server/core/server.go:54	accept tcp [::]:8888: use of closed network connection
[server]2024-11-22 23:27:46.863	error	/Users/huangyi/GolandProjects/stock-exchange/server/utils/claims.go:48	重新写入cookie token失败,未能成功解析token,请检查请求头是否存在x-token且claims是否为规定结构
[server]2024-11-22 23:27:46.864	error	/Users/huangyi/GolandProjects/stock-exchange/server/utils/claims.go:61	从Gin的Context中获取从jwt解析信息失败, 请检查请求头是否存在x-token且claims是否为规定结构
[server]2024-11-22 23:28:05.738	error	/Users/huangyi/GolandProjects/stock-exchange/server/core/server.go:54	accept tcp [::]:8888: use of closed network connection
[server]2024-11-22 23:35:35.627	error	/Users/huangyi/GolandProjects/stock-exchange/server/core/server.go:54	accept tcp [::]:8888: use of closed network connection
