[server]2024-11-29 03:03:59.240	info	/Users/huangyi/GolandProjects/stock-exchange/server/initialize/redis.go:35	redis connect ping response:	{"name": "", "pong": "PONG"}
[server]2024-11-29 03:03:59.245	info	/Users/huangyi/GolandProjects/stock-exchange/server/initialize/redis.go:35	redis connect ping response:	{"name": "cache", "pong": "PONG"}
[server]2024-11-29 03:03:59.623	info	/Users/huangyi/GolandProjects/stock-exchange/server/initialize/router.go:60	register swagger handler
[server]2024-11-29 03:04:09.295	info	/Users/huangyi/GolandProjects/stock-exchange/server/initialize/router.go:109	router register success
[server]2024-11-29 03:04:09.296	info	/Users/huangyi/GolandProjects/stock-exchange/server/core/server.go:38	server run success on 	{"address": ":8888"}
[server]2024-11-29 03:04:21.049	info	/Users/huangyi/GolandProjects/stock-exchange/server/main.go:53	Starting WebSocket initialization...
[server]2024-11-29 03:04:21.428	info	/Users/huangyi/GolandProjects/stock-exchange/server/initialize/websocket.go:94	WebSocket initialization completed
[server]2024-11-29 03:05:14.770	info	/Users/huangyi/GolandProjects/stock-exchange/server/task/symbolsKline.go:213	完成K线数据更新	{"batch": 0, "start": 0, "end": 7, "total_symbols": 7}
[server]2024-11-29 03:06:16.116	info	/Users/huangyi/GolandProjects/stock-exchange/server/task/symbolsKline.go:213	完成K线数据更新	{"batch": 0, "start": 0, "end": 7, "total_symbols": 7}
[server]2024-11-29 03:07:16.057	info	/Users/huangyi/GolandProjects/stock-exchange/server/task/symbolsKline.go:213	完成K线数据更新	{"batch": 0, "start": 0, "end": 7, "total_symbols": 7}
[server]2024-11-29 03:07:41.116	info	/Users/huangyi/GolandProjects/stock-exchange/server/service/symbol/symbols.go:1434	Validating symbol	{"url": "https://api.polygon.io/v3/reference/tickers/X%3ALINK?apiKey=9r03QW42EDKNVxcK2DEQYw2Sp7OVbAHy", "originalSymbol": "LINK", "tickerForAPI": "X:LINK"}
[server]2024-11-29 03:07:46.287	info	/Users/huangyi/GolandProjects/stock-exchange/server/service/symbol/symbols.go:1434	Validating symbol	{"url": "https://api.polygon.io/v3/reference/tickers/X%3ALINK?apiKey=9r03QW42EDKNVxcK2DEQYw2Sp7OVbAHy", "originalSymbol": "LINK", "tickerForAPI": "X:LINK"}
[server]2024-11-29 03:07:54.219	info	/Users/huangyi/GolandProjects/stock-exchange/server/service/symbol/symbols.go:1434	Validating symbol	{"url": "https://api.polygon.io/v3/reference/tickers/X%3ALINK?apiKey=9r03QW42EDKNVxcK2DEQYw2Sp7OVbAHy", "originalSymbol": "LINK", "tickerForAPI": "X:LINK"}
[server]2024-11-29 03:08:09.903	info	/Users/huangyi/GolandProjects/stock-exchange/server/service/symbol/symbols.go:1434	Validating symbol	{"url": "https://api.polygon.io/v3/reference/tickers/X%3AETH?apiKey=9r03QW42EDKNVxcK2DEQYw2Sp7OVbAHy", "originalSymbol": "ETH", "tickerForAPI": "X:ETH"}
[server]2024-11-29 03:08:15.252	info	/Users/huangyi/GolandProjects/stock-exchange/server/task/symbolsKline.go:213	完成K线数据更新	{"batch": 0, "start": 0, "end": 7, "total_symbols": 7}
[server]2024-11-29 03:09:14.541	info	/Users/huangyi/GolandProjects/stock-exchange/server/task/symbolsKline.go:213	完成K线数据更新	{"batch": 0, "start": 0, "end": 7, "total_symbols": 7}
[server]2024-11-29 03:10:15.559	info	/Users/huangyi/GolandProjects/stock-exchange/server/task/symbolsKline.go:213	完成K线数据更新	{"batch": 0, "start": 0, "end": 7, "total_symbols": 7}
[server]2024-11-29 03:11:16.349	info	/Users/huangyi/GolandProjects/stock-exchange/server/task/symbolsKline.go:213	完成K线数据更新	{"batch": 0, "start": 0, "end": 7, "total_symbols": 7}
[server]2024-11-29 03:12:14.554	info	/Users/huangyi/GolandProjects/stock-exchange/server/task/symbolsKline.go:213	完成K线数据更新	{"batch": 0, "start": 0, "end": 7, "total_symbols": 7}
[server]2024-11-29 03:13:14.575	info	/Users/huangyi/GolandProjects/stock-exchange/server/task/symbolsKline.go:213	完成K线数据更新	{"batch": 0, "start": 0, "end": 7, "total_symbols": 7}
[server]2024-11-29 03:14:14.726	info	/Users/huangyi/GolandProjects/stock-exchange/server/task/symbolsKline.go:213	完成K线数据更新	{"batch": 0, "start": 0, "end": 7, "total_symbols": 7}
[server]2024-11-29 03:14:26.214	info	/Users/huangyi/GolandProjects/stock-exchange/server/service/symbol/symbols.go:1434	Validating symbol	{"url": "https://api.polygon.io/v3/reference/tickers/X%3AETH?apiKey=9r03QW42EDKNVxcK2DEQYw2Sp7OVbAHy", "originalSymbol": "ETH", "tickerForAPI": "X:ETH"}
[server]2024-11-29 03:14:55.195	info	/Users/huangyi/GolandProjects/stock-exchange/server/service/symbol/symbols.go:1434	Validating symbol	{"url": "https://api.polygon.io/v3/reference/tickers/X%3AETHUSD?apiKey=9r03QW42EDKNVxcK2DEQYw2Sp7OVbAHy", "originalSymbol": "ETHUSD", "tickerForAPI": "X:ETHUSD"}
[server]2024-11-29 03:15:03.955	info	/Users/huangyi/GolandProjects/stock-exchange/server/service/symbol/symbols.go:1434	Validating symbol	{"url": "https://api.polygon.io/v3/reference/tickers/X%3ALINKUSD?apiKey=9r03QW42EDKNVxcK2DEQYw2Sp7OVbAHy", "originalSymbol": "LINKUSD", "tickerForAPI": "X:LINKUSD"}
[server]2024-11-29 03:15:15.173	info	/Users/huangyi/GolandProjects/stock-exchange/server/task/symbolsKline.go:213	完成K线数据更新	{"batch": 0, "start": 0, "end": 7, "total_symbols": 7}
[server]2024-11-29 03:16:16.532	info	/Users/huangyi/GolandProjects/stock-exchange/server/task/symbolsKline.go:213	完成K线数据更新	{"batch": 0, "start": 0, "end": 7, "total_symbols": 7}
[server]2024-11-29 03:17:14.786	info	/Users/huangyi/GolandProjects/stock-exchange/server/task/symbolsKline.go:213	完成K线数据更新	{"batch": 0, "start": 0, "end": 7, "total_symbols": 7}
[server]2024-11-29 03:18:14.527	info	/Users/huangyi/GolandProjects/stock-exchange/server/task/symbolsKline.go:213	完成K线数据更新	{"batch": 0, "start": 0, "end": 7, "total_symbols": 7}
[server]2024-11-29 03:19:14.642	info	/Users/huangyi/GolandProjects/stock-exchange/server/task/symbolsKline.go:213	完成K线数据更新	{"batch": 0, "start": 0, "end": 7, "total_symbols": 7}
[server]2024-11-29 03:20:15.558	info	/Users/huangyi/GolandProjects/stock-exchange/server/task/symbolsKline.go:213	完成K线数据更新	{"batch": 0, "start": 0, "end": 7, "total_symbols": 7}
[server]2024-11-29 03:20:25.992	info	/Users/huangyi/GolandProjects/stock-exchange/server/service/symbol/symbols.go:1434	Validating symbol	{"url": "https://api.polygon.io/v3/reference/tickers/X%3ALINKUSD?apiKey=9r03QW42EDKNVxcK2DEQYw2Sp7OVbAHy", "originalSymbol": "LINKUSD", "tickerForAPI": "X:LINKUSD"}
[server]2024-11-29 03:21:17.137	info	/Users/huangyi/GolandProjects/stock-exchange/server/task/symbolsKline.go:213	完成K线数据更新	{"batch": 0, "start": 0, "end": 7, "total_symbols": 7}
[server]2024-11-29 03:22:14.874	info	/Users/huangyi/GolandProjects/stock-exchange/server/task/symbolsKline.go:213	完成K线数据更新	{"batch": 0, "start": 0, "end": 7, "total_symbols": 7}
[server]2024-11-29 03:22:33.145	info	/Users/huangyi/GolandProjects/stock-exchange/server/service/symbol/symbols.go:1434	Validating symbol	{"url": "https://api.polygon.io/v3/reference/tickers/X%3ALINKUSD?apiKey=9r03QW42EDKNVxcK2DEQYw2Sp7OVbAHy", "originalSymbol": "LINKUSD", "tickerForAPI": "X:LINKUSD"}
[server]2024-11-29 03:22:36.705	info	/Users/huangyi/GolandProjects/stock-exchange/server/service/symbol/symbols.go:748	Requesting details	{"url": "https://api.polygon.io/v3/reference/tickers/X%3ALINKUSD?apiKey=9r03QW42EDKNVxcK2DEQYw2Sp7OVbAHy", "originalSymbol": "LINKUSD", "tickerForAPI": "X:LINKUSD"}
[server]2024-11-29 03:22:37.307	info	/Users/huangyi/GolandProjects/stock-exchange/server/service/symbol/symbols.go:796	Details Response	{"details": {"results":{"ticker":"X:LINKUSD","name":"Chainlink - United States Dollar","market":"crypto","active":true,"currency_symbol":"USD","base_currency_symbol":"LINK","base_currency_name":"Chainlink","branding":{"icon_url":"https://api.polygon.io/v1/reference/company-branding/Y2hhaW4ubGluaw/images/2024-10-01_icon.jpeg"}},"status":"OK"}}
[server]2024-11-29 03:23:14.493	info	/Users/huangyi/GolandProjects/stock-exchange/server/task/symbolsKline.go:213	完成K线数据更新	{"batch": 0, "start": 0, "end": 8, "total_symbols": 8}
[server]2024-11-29 03:24:14.610	info	/Users/huangyi/GolandProjects/stock-exchange/server/task/symbolsKline.go:213	完成K线数据更新	{"batch": 0, "start": 0, "end": 8, "total_symbols": 8}
[server]2024-11-29 03:25:15.435	info	/Users/huangyi/GolandProjects/stock-exchange/server/task/symbolsKline.go:213	完成K线数据更新	{"batch": 0, "start": 0, "end": 8, "total_symbols": 8}
[server]2024-11-29 03:26:16.154	info	/Users/huangyi/GolandProjects/stock-exchange/server/task/symbolsKline.go:213	完成K线数据更新	{"batch": 0, "start": 0, "end": 8, "total_symbols": 8}
[server]2024-11-29 03:27:14.540	info	/Users/huangyi/GolandProjects/stock-exchange/server/task/symbolsKline.go:213	完成K线数据更新	{"batch": 0, "start": 0, "end": 8, "total_symbols": 8}
[server]2024-11-29 03:28:14.795	info	/Users/huangyi/GolandProjects/stock-exchange/server/task/symbolsKline.go:213	完成K线数据更新	{"batch": 0, "start": 0, "end": 8, "total_symbols": 8}
[server]2024-11-29 03:29:14.770	info	/Users/huangyi/GolandProjects/stock-exchange/server/task/symbolsKline.go:213	完成K线数据更新	{"batch": 0, "start": 0, "end": 8, "total_symbols": 8}
[server]2024-11-29 03:30:15.398	info	/Users/huangyi/GolandProjects/stock-exchange/server/task/symbolsKline.go:213	完成K线数据更新	{"batch": 0, "start": 0, "end": 8, "total_symbols": 8}
[server]2024-11-29 03:31:16.057	info	/Users/huangyi/GolandProjects/stock-exchange/server/task/symbolsKline.go:213	完成K线数据更新	{"batch": 0, "start": 0, "end": 8, "total_symbols": 8}
[server]2024-11-29 03:32:14.779	info	/Users/huangyi/GolandProjects/stock-exchange/server/task/symbolsKline.go:213	完成K线数据更新	{"batch": 0, "start": 0, "end": 8, "total_symbols": 8}
